#
# A fatal error has been detected by the Java Runtime Environment:
#
#  EXCEPTION_ACCESS_VIOLATION (0xc0000005) at pc=0x00007ff8e6093004, pid=2660, tid=5784
#
# JRE version: Java(TM) SE Runtime Environment (24.0+36) (build 24+36-3646)
# Java VM: Java HotSpot(TM) 64-Bit Server VM (24+36-3646, mixed mode, sharing, tiered, compressed oops, compressed class ptrs, g1 gc, windows-amd64)
# Problematic frame:
# C  [libasyncProfiler.dll+0x93004]
#
# No core dump will be written. Minidumps are not enabled by default on client versions of Windows
#
# JFR recording file will be written. Location: C:\Users\rubei\Documents\Ingenieria del Software\CompanyService\hs_err_pid2660.jfr
#
# If you would like to submit a bug report, please visit:
#   https://bugreport.java.com/bugreport/crash.jsp
# The crash happened outside the Java Virtual Machine in native code.
# See problematic frame for where to report the bug.
#

---------------  S U M M A R Y ------------

Command Line: -ea -Didea.test.cyclic.buffer.size=1048576 -javaagent:C:\Program Files\JetBrains\IntelliJ IDEA 2024.3.3\lib\idea_rt.jar=61396:C:\Program Files\JetBrains\IntelliJ IDEA 2024.3.3\bin -javaagent:C:\Users\rubei\AppData\Local\JetBrains\IntelliJIdea2024.3\captureAgent\debugger-agent.jar -Dkotlinx.coroutines.debug.enable.creation.stack.trace=false -Ddebugger.agent.enable.coroutines=true -Dkotlinx.coroutines.debug.enable.flows.stack.trace=true -Dkotlinx.coroutines.debug.enable.mutable.state.flows.stack.trace=true -agentpath:C:\Users\rubei\AppData\Local\Temp\idea_libasyncProfiler_dll_temp_folder1\libasyncProfiler.dll=start,jfr,event=wall,interval=10ms,jfrsync=profile,cstack=no,file=C:\Users\rubei\IdeaSnapshots\All_in_CompanyService_2025_04_28_154029.jfr,dbghelppath=C:\Users\rubei\AppData\Local\Temp\idea_dbghelp_dll_temp_folder\dbghelp.dll,log=C:\Users\rubei\AppData\Local\Temp\All_in_CompanyService_2025_04_28_154029.jfr.log.txt,logLevel=DEBUG -Dfile.encoding=UTF-8 -Dsun.stdout.encoding=UTF-8 -Dsun.stderr.encoding=UTF-8 com.intellij.rt.junit.JUnitStarter -ideVersion5 -junit5 @w@C:\Users\rubei\AppData\Local\Temp\idea_working_dirs_junit.tmp @C:\Users\rubei\AppData\Local\Temp\idea_junit.tmp -socket61395

Host: AMD Ryzen 3 5300U with Radeon Graphics         , 8 cores, 7G,  Windows 11 , 64 bit Build 26100 (10.0.26100.3775)
Time: Mon Apr 28 15:40:30 2025 Hora est. Pacífico, Sudamérica elapsed time: 1.114824 seconds (0d 0h 0m 1s)

---------------  T H R E A D  ---------------

Current thread (0x000001d1efcf73b0):  JavaThread "main"             [_thread_in_native, id=5784, stack(0x00000053e6b00000,0x00000053e6c00000) (1024K)]

Stack: [0x00000053e6b00000,0x00000053e6c00000],  sp=0x00000053e6bfeca0,  free space=1019k
Native frames: (J=compiled Java code, j=interpreted, Vv=VM code, C=native code)
C  [libasyncProfiler.dll+0x93004]  (no source info available)
C  [libasyncProfiler.dll+0x934db]  (no source info available)
C  [libasyncProfiler.dll+0x92134]  (no source info available)
C  [libasyncProfiler.dll+0x929aa]  (no source info available)
C  [libasyncProfiler.dll+0x8d561]  (no source info available)
C  [libasyncProfiler.dll+0x7ef21]  (no source info available)
C  [libasyncProfiler.dll+0x7dc38]  (no source info available)
C  [libasyncProfiler.dll+0x7db20]  (no source info available)
C  [libasyncProfiler.dll+0x83c3c]  (no source info available)
V  [jvm.dll+0x5e3a5e]  (no source info available)
V  [jvm.dll+0x8861e6]  (no source info available)
V  [jvm.dll+0x49604e]  (no source info available)
V  [jvm.dll+0x497e21]  (no source info available)
C  [jli.dll+0x52a1]  (no source info available)
C  [ucrtbase.dll+0x37b0]  (no source info available)
C  [KERNEL32.DLL+0x2e8d7]  (no source info available)
C  [ntdll.dll+0xb14fc]  (no source info available)


siginfo: EXCEPTION_ACCESS_VIOLATION (0xc0000005), reading address 0xffffffffffffffff


Registers:
RAX=0x0000000000000010, RBX=0x0000000000000000, RCX=0xffffffffffffffff, RDX=0x007ff8e48d2ff010
RSP=0x00000053e6bfeca0, RBP=0x000001d1d0455f00, RSI=0x00000053e6bfee10, RDI=0x000001d1d0455f00
R8 =0x0000000000000042, R9 =0x0000000091901ee8, R10=0x00007ff8e4b49fc0, R11=0x0000000000000004
R12=0x00000053e6bfee10, R13=0x000001d1ed84a2c0, R14=0x000001d1efcf7778, R15=0x000001d1efcf7778
RIP=0x00007ff8e6093004, EFLAGS=0x0000000000010202

XMM[0]=0x0000000000000000 0x0000000000000000
XMM[1]=0x0000000000000000 0x0000000000000000
XMM[2]=0x0000000000000000 0x0000000000000000
XMM[3]=0x0000000000000000 0x0000000000000000
XMM[4]=0x0000000000000000 0x0000000000000000
XMM[5]=0x0000000000000000 0x0000000000000000
XMM[6]=0x0000000000000000 0x0000000000000000
XMM[7]=0x0000000000000000 0x0000000000000000
XMM[8]=0x0000000000000000 0x0000000000000000
XMM[9]=0x0000000000000000 0x0000000000000000
XMM[10]=0x0000000000000000 0x0000000000000000
XMM[11]=0x0000000000000000 0x0000000000000000
XMM[12]=0x0000000000000000 0x0000000000000000
XMM[13]=0x0000000000000000 0x0000000000000000
XMM[14]=0x0000000000000000 0x0000000000000000
XMM[15]=0x0000000000000000 0x0000000000000000
  MXCSR=0x00001fa0


Register to memory mapping:

RAX=0x0000000000000010 is an unknown value
RBX=0x0 is null
RCX=0xffffffffffffffff is an unknown value
RDX=0x007ff8e48d2ff010 is an unknown value
RSP=0x00000053e6bfeca0 is pointing into the stack for thread: 0x000001d1efcf73b0
RBP=0x000001d1d0455f00 points into unknown readable memory: 0x0000000091901ee8 | e8 1e 90 91 00 00 00 00
RSI=0x00000053e6bfee10 is pointing into the stack for thread: 0x000001d1efcf73b0
RDI=0x000001d1d0455f00 points into unknown readable memory: 0x0000000091901ee8 | e8 1e 90 91 00 00 00 00
R8 =0x0000000000000042 is an unknown value
R9 =0x0000000091901ee8 is an oop: java.lang.Thread 
{0x0000000091901ee8} - klass: 'java/lang/Thread' - flags: 

 - ---- fields (total size 14 words):
 - 'threadLocalRandomProbe' 'I' @12  0 (0x00000000)
 - private volatile 'eetop' 'J' @16  2001183142832 (0x000001d1efcf73b0)
 - private final 'tid' 'J' @24  3 (0x0000000000000003)
 - 'threadLocalRandomSeed' 'J' @32  0 (0x0000000000000000)
 - injected 'jvmti_thread_state' 'J' @40  2000651459984 (0x000001d1d01e9d90)
 - 'threadLocalRandomSecondarySeed' 'I' @48  0 (0x00000000)
 - injected 'jvmti_VTMS_transition_disable_count' 'I' @52  0 (0x00000000)
 - injected 'jfr_epoch' 'S' @56  0 (0x0000)
 - volatile 'interrupted' 'Z' @58  false (0x00)
 - injected 'jvmti_is_in_VTMS_transition' 'Z' @59  false (0x00)
 - private volatile 'name' 'Ljava/lang/String;' @60  "main"{0x0000000091901f58} (0x91901f58)
 - private volatile 'contextClassLoader' 'Ljava/lang/ClassLoader;' @64  a 'jdk/internal/loader/ClassLoaders$AppClassLoader'{0x0000000091943970} (0x91943970)
 - private final 'holder' 'Ljava/lang/Thread$FieldHolder;' @68  a 'java/lang/Thread$FieldHolder'{0x0000000091901f98} (0x91901f98)
 - 'threadLocals' 'Ljava/lang/ThreadLocal$ThreadLocalMap;' @72  a 'java/lang/ThreadLocal$ThreadLocalMap'{0x00000000917e10f8} (0x917e10f8)
 - 'inheritableThreadLocals' 'Ljava/lang/ThreadLocal$ThreadLocalMap;' @76  null (0x00000000)
 - private 'scopedValueBindings' 'Ljava/lang/Object;' @80  a 'java/lang/Class'{0x00000000ffe7c880} = 'java/lang/Thread' (0xffe7c880)
 - final 'interruptLock' 'Ljava/lang/Object;' @84  a 'java/lang/Object'{0x0000000091901f88} (0x91901f88)
 - private volatile 'parkBlocker' 'Ljava/lang/Object;' @88  null (0x00000000)
 - private 'nioBlocker' 'Lsun/nio/ch/Interruptible;' @92  null (0x00000000)
 - private 'cont' 'Ljdk/internal/vm/Continuation;' @96  null (0x00000000)
 - private volatile 'uncaughtExceptionHandler' 'Ljava/lang/Thread$UncaughtExceptionHandler;' @100  null (0x00000000)
 - private 'container' 'Ljdk/internal/vm/ThreadContainer;' @104  null (0x00000000)
 - private volatile 'headStackableScopes' 'Ljdk/internal/vm/StackableScope;' @108  null (0x00000000)
R10=0x00007ff8e4b49fc0 jvm.dll
R11=0x0000000000000004 is an unknown value
R12=0x00000053e6bfee10 is pointing into the stack for thread: 0x000001d1efcf73b0
R13=0x000001d1ed84a2c0 points into unknown readable memory: 0x00007ff8e4aba510 | 10 a5 ab e4 f8 7f 00 00
R14=0x000001d1efcf7778 points into unknown readable memory: 0x00007ff8e4ab17b0 | b0 17 ab e4 f8 7f 00 00
R15=0x000001d1efcf7778 points into unknown readable memory: 0x00007ff8e4ab17b0 | b0 17 ab e4 f8 7f 00 00

Top of Stack: (sp=0x00000053e6bfeca0)
0x00000053e6bfeca0:   00000053e6bfee10 000001d1d0455f00   ....S...._E.....
0x00000053e6bfecb0:   0000000000000000 000001d1ef89fd30   ........0.......
0x00000053e6bfecc0:   000000000000001a 00007ff8e60934db   .........4......
0x00000053e6bfecd0:   0000000000000000 000001d1efcf7778   ........xw......
0x00000053e6bfece0:   00000053e6bfee01 0000000000000000   ....S...........
0x00000053e6bfecf0:   000001d1d65d4a90 00007ff8e6092134   .J].....4!......
0x00000053e6bfed00:   0000000000000000 000000000000001a   ................
0x00000053e6bfed10:   0000000000000000 000000000000001a   ................
0x00000053e6bfed20:   00000009efd0d0f8 000001d1d65b89c0   ..........[.....
0x00000053e6bfed30:   000001d1d65d4a90 000001d1d65d4af8   .J]......J].....
0x00000053e6bfed40:   000001d1d65d4b00 0000000000001530   .K].....0.......
0x00000053e6bfed50:   0000000000000000 0000000000000000   ................
0x00000053e6bfed60:   0000000000000000 00007ff8e43158e4   .........X1.....
0x00000053e6bfed70:   00007ff8e61eae00 0000000000000a64   ........d.......
0x00000053e6bfed80:   00007ff8e61eae00 00000000ffffffff   ................
0x00000053e6bfed90:   0000000000000000 00007ff8e60929aa   .........)......
0x00000053e6bfeda0:   000001d1efcf7778 0000000000000000   xw..............
0x00000053e6bfedb0:   00000053e6bfee19 000001d1ed84a2c0   ....S...........
0x00000053e6bfedc0:   000001d1000021b4 0000000000000000   .!..............
0x00000053e6bfedd0:   0000000000000000 00007ff9611ae1a9   ...........a....
0x00000053e6bfede0:   000001d1efcf7778 00007ff8e61eae00   xw..............
0x00000053e6bfedf0:   0000000000000000 00007ff8e612bc53   ........S.......
0x00000053e6bfee00:   0000000000000000 000001d1efcf7778   ........xw......
0x00000053e6bfee10:   000001d1d65fb610 000001d1d65fb950   .._.....P._.....
0x00000053e6bfee20:   000001d1d65fb950 00007ff8e61eae00   P._.............
0x00000053e6bfee30:   000001d1efd0d0f8 00000053e6bfefa8   ............S...
0x00000053e6bfee40:   00000053e6bff0e0 0000000000008840   ....S...@.......
0x00000053e6bfee50:   00007ff8e61dd080 00007ff8e61eae50   ........P.......
0x00000053e6bfee60:   0000000000989680 0000000000989680   ................
0x00000053e6bfee70:   00000053e6bfef80 00007ff8e608d561   ....S...a.......
0x00000053e6bfee80:   00007ff8e61eae00 00007ff8e61eae58   ........X.......
0x00000053e6bfee90:   00007ff800000000 001d6a8f00000001   .............j..

Instructions: (pc=0x00007ff8e6093004)
  0x00007ff8e6092f04:   cc cc cc cc cc cc cc cc cc cc cc cc cc cc cc cc
  0x00007ff8e6092f14:   cc cc cc cc cc cc cc cc cc cc cc cc cc cc cc cc
  0x00007ff8e6092f24:   cc cc cc cc cc cc cc cc cc cc cc cc cc cc cc cc
  0x00007ff8e6092f34:   cc cc cc cc cc cc cc cc cc cc cc cc cc cc cc cc
  0x00007ff8e6092f44:   cc cc cc cc cc cc cc cc cc cc cc cc cc cc cc cc
  0x00007ff8e6092f54:   cc cc cc cc cc cc cc cc cc cc cc cc cc cc cc cc
  0x00007ff8e6092f64:   cc cc cc cc cc cc cc cc cc cc cc cc cc cc cc cc
  0x00007ff8e6092f74:   cc cc cc cc cc cc cc cc cc cc cc cc cc cc cc cc
  0x00007ff8e6092f84:   cc cc cc cc cc cc cc cc cc cc cc cc 40 57 48 83
  0x00007ff8e6092f94:   ec 20 48 8b f9 48 8b 0d 30 80 15 00 48 85 c9 74
  0x00007ff8e6092fa4:   20 48 8b 01 48 8d 54 24 38 41 b8 06 00 01 00 4c
  0x00007ff8e6092fb4:   8b 48 30 41 ff d1 85 c0 75 07 48 8b 4c 24 38 eb
  0x00007ff8e6092fc4:   02 33 c9 4c 8b 05 0a 81 15 00 48 89 5c 24 30 4d
  0x00007ff8e6092fd4:   85 c0 74 4a 48 8b 01 48 8b d7 4c 8b 88 28 03 00
  0x00007ff8e6092fe4:   00 41 ff d1 48 85 c0 74 35 48 63 0d b8 3d 15 00
  0x00007ff8e6092ff4:   48 8b 14 01 48 85 d2 74 15 48 63 05 bc 3d 15 00
=>0x00007ff8e6093004:   8b 04 10 48 8b 5c 24 30 48 83 c4 20 5f c3 b8 ff
  0x00007ff8e6093014:   ff ff ff 48 8b 5c 24 30 48 83 c4 20 5f c3 80 3d
  0x00007ff8e6093024:   bb 7f 15 00 00 bb ff ff ff ff 74 20 4c 8b 0d 51
  0x00007ff8e6093034:   7c 15 00 4c 8d 44 24 38 48 8b 0d 35 7c 15 00 48
  0x00007ff8e6093044:   8b d7 41 ff d1 85 c0 0f 44 5c 24 38 8b c3 48 8b
  0x00007ff8e6093054:   5c 24 30 48 83 c4 20 5f c3 cc cc cc cc cc cc cc
  0x00007ff8e6093064:   cc cc cc cc cc cc cc cc cc cc cc cc cc cc cc cc
  0x00007ff8e6093074:   cc cc cc cc cc cc cc cc cc cc cc cc cc cc cc cc
  0x00007ff8e6093084:   cc cc cc cc cc cc cc cc cc cc cc cc 48 89 54 24
  0x00007ff8e6093094:   10 53 55 56 57 41 56 41 57 48 83 ec 28 48 8b f2
  0x00007ff8e60930a4:   4c 8b f1 48 89 4c 24 78 45 33 ff 44 89 7c 24 68
  0x00007ff8e60930b4:   c7 44 24 60 01 00 00 00 48 8d 4c 24 68 e8 69 3c
  0x00007ff8e60930c4:   f7 ff 8b d8 48 8d 4c 24 60 e8 5d 3c f7 ff 8b e8
  0x00007ff8e60930d4:   49 8b ce e8 33 f3 f6 ff 48 8b f8 90 8b c3 f0 0f
  0x00007ff8e60930e4:   b1 2f 74 04 f3 90 eb f4 4c 89 3e 4c 89 7e 08 4c
  0x00007ff8e60930f4:   89 7e 10 49 8b 6e 08 4d 8b 76 10 49 3b ee 0f 84


Stack slot to memory mapping:

stack at sp + 0 slots: 0x00000053e6bfee10 is pointing into the stack for thread: 0x000001d1efcf73b0
stack at sp + 1 slots: 0x000001d1d0455f00 points into unknown readable memory: 0x0000000091901ee8 | e8 1e 90 91 00 00 00 00
stack at sp + 2 slots: 0x0 is null
stack at sp + 3 slots: 0x000001d1ef89fd30 points into unknown readable memory: 0x6e616c2e6176616a | 6a 61 76 61 2e 6c 61 6e
stack at sp + 4 slots: 0x000000000000001a is an unknown value
stack at sp + 5 slots: 0x00007ff8e60934db libasyncProfiler.dll
stack at sp + 6 slots: 0x0 is null
stack at sp + 7 slots: 0x000001d1efcf7778 points into unknown readable memory: 0x00007ff8e4ab17b0 | b0 17 ab e4 f8 7f 00 00

Lock stack of current Java thread (top to bottom):


---------------  P R O C E S S  ---------------

Threads class SMR info:
_java_thread_list=0x000001d1d6544450, length=15, elements={
0x000001d1efcf73b0, 0x000001d1efa15130, 0x000001d1efa15870, 0x000001d1efa1ce30,
0x000001d1efa1dde0, 0x000001d1efa1f480, 0x000001d1efa29190, 0x000001d1d0126410,
0x000001d1efa2dda0, 0x000001d1d01fc0c0, 0x000001d1d02c1620, 0x000001d1d041d560,
0x000001d1d61d2190, 0x000001d1d64abad0, 0x000001d1d6546c60
}

Java Threads: ( => current thread )
=>0x000001d1efcf73b0 JavaThread "main"                              [_thread_in_native, id=5784, stack(0x00000053e6b00000,0x00000053e6c00000) (1024K)]
  0x000001d1efa15130 JavaThread "Reference Handler"          daemon [_thread_blocked, id=18612, stack(0x00000053e7300000,0x00000053e7400000) (1024K)]
  0x000001d1efa15870 JavaThread "Finalizer"                  daemon [_thread_blocked, id=20328, stack(0x00000053e7400000,0x00000053e7500000) (1024K)]
  0x000001d1efa1ce30 JavaThread "Signal Dispatcher"          daemon [_thread_blocked, id=7580, stack(0x00000053e7500000,0x00000053e7600000) (1024K)]
  0x000001d1efa1dde0 JavaThread "Attach Listener"            daemon [_thread_in_vm, id=13188, stack(0x00000053e7600000,0x00000053e7700000) (1024K)]
  0x000001d1efa1f480 JavaThread "Service Thread"             daemon [_thread_blocked, id=19956, stack(0x00000053e7700000,0x00000053e7800000) (1024K)]
  0x000001d1efa29190 JavaThread "Monitor Deflation Thread"   daemon [_thread_blocked, id=10476, stack(0x00000053e7800000,0x00000053e7900000) (1024K)]
  0x000001d1d0126410 JavaThread "C2 CompilerThread0"         daemon [_thread_blocked, id=3824, stack(0x00000053e7900000,0x00000053e7a00000) (1024K)]
  0x000001d1efa2dda0 JavaThread "C1 CompilerThread0"         daemon [_thread_blocked, id=2780, stack(0x00000053e7a00000,0x00000053e7b00000) (1024K)]
  0x000001d1d01fc0c0 JavaThread "Common-Cleaner"             daemon [_thread_blocked, id=20252, stack(0x00000053e7b00000,0x00000053e7c00000) (1024K)]
  0x000001d1d02c1620 JavaThread "C2 CompilerThread1"         daemon [_thread_blocked, id=8792, stack(0x00000053e7c00000,0x00000053e7d00000) (1024K)]
  0x000001d1d041d560 JavaThread "Monitor Ctrl-Break"         daemon [_thread_in_native, id=17848, stack(0x00000053e7d00000,0x00000053e7e00000) (1024K)]
  0x000001d1d61d2190 JavaThread "JFR Recorder Thread"        daemon [_thread_in_native, id=12644, stack(0x00000053e7e00000,0x00000053e7f00000) (1024K)]
  0x000001d1d64abad0 JavaThread "C2 CompilerThread2"         daemon [_thread_blocked, id=18244, stack(0x00000053e7f00000,0x00000053e8000000) (1024K)]
  0x000001d1d6546c60 JavaThread "JFR Periodic Tasks"         daemon [_thread_blocked, id=5424, stack(0x00000053e8000000,0x00000053e8100000) (1024K)]
Total: 15

Other Threads:
  0x000001d1efa03290 VMThread "VM Thread"                           [id=17372, stack(0x00000053e7200000,0x00000053e7300000) (1024K)]
  0x000001d1ef9e1230 WatcherThread "VM Periodic Task Thread"        [id=18428, stack(0x00000053e7100000,0x00000053e7200000) (1024K)]
  0x000001d1ef8fd060 WorkerThread "GC Thread#0"                     [id=324, stack(0x00000053e6c00000,0x00000053e6d00000) (1024K)]
  0x000001d1ef911630 ConcurrentGCThread "G1 Main Marker"            [id=4752, stack(0x00000053e6d00000,0x00000053e6e00000) (1024K)]
  0x000001d1ef913f70 WorkerThread "G1 Conc#0"                       [id=14172, stack(0x00000053e6e00000,0x00000053e6f00000) (1024K)]
  0x000001d1ef9d7610 ConcurrentGCThread "G1 Refine#0"               [id=5488, stack(0x00000053e6f00000,0x00000053e7000000) (1024K)]
  0x000001d1ef9d7f40 ConcurrentGCThread "G1 Service"                [id=13648, stack(0x00000053e7000000,0x00000053e7100000) (1024K)]
Total: 7

Threads with active compile tasks:
Total: 0

VM state: not at safepoint (normal execution)

VM Mutex/Monitor currently owned by a thread: None

Heap address: 0x000000008a400000, size: 1884 MB, Compressed Oops mode: 32-bit

CDS archive(s) mapped at: [0x000001d18f000000-0x000001d18fd40000-0x000001d18fd40000), size 13893632, SharedBaseAddress: 0x000001d18f000000, ArchiveRelocationMode: 1.
Compressed class space mapped at: 0x000001d190000000-0x000001d1d0000000, reserved size: 1073741824
UseCompressedClassPointers 1, UseCompactObjectHeaders 0
Narrow klass pointer bits 32, Max shift 3
Narrow klass base: 0x000001d18f000000, Narrow klass shift: 0
Encoding Range: [0x000001d18f000000 - 0x000001d28f000000), (4294967296 bytes)
Klass Range:    [0x000001d18f000000 - 0x000001d1d0000000), (1090519040 bytes)
Klass ID Range:  [8 - 1090519033) (1090519025)

GC Precious Log:
 CardTable entry size: 512
 Card Set container configuration: InlinePtr #cards 5 size 8 Array Of Cards #cards 10 size 36 Howl #buckets 4 coarsen threshold 1843 Howl Bitmap #cards 512 size 80 coarsen threshold 460 Card regions per heap region 1 cards per card region 2048
 CPUs: 8 total, 8 available
 Memory: 7530M
 Large Page Support: Disabled
 NUMA Support: Disabled
 Compressed Oops: Enabled (32-bit)
 Heap Region Size: 1M
 Heap Min Capacity: 8M
 Heap Initial Capacity: 118M
 Heap Max Capacity: 1884M
 Pre-touch: Disabled
 Parallel Workers: 8
 Concurrent Workers: 2
 Concurrent Refinement Workers: 8
 Periodic GC: Disabled

Heap:
 garbage-first heap   total reserved 1929216K, committed 122880K, used 29812K [0x000000008a400000, 0x0000000100000000)
  region size 1024K, 27 young (27648K), 0 survivors (0K)
 Metaspace       used 7416K, committed 7680K, reserved 1114112K
  class space    used 588K, committed 704K, reserved 1048576K

Heap Regions: E=young(eden), S=young(survivor), O=old, HS=humongous(starts), HC=humongous(continues), CS=collection set, F=free, TAMS=top-at-mark-start, PB=parsable bottom
|   0|0x000000008a400000, 0x000000008a500000, 0x000000008a500000|100%|HS|  |TAMS 0x000000008a400000| PB 0x000000008a400000| Complete |  0
|   1|0x000000008a500000, 0x000000008a600000, 0x000000008a600000|100%|HS|  |TAMS 0x000000008a500000| PB 0x000000008a500000| Complete |  0
|   2|0x000000008a600000, 0x000000008a600000, 0x000000008a700000|  0%| F|  |TAMS 0x000000008a600000| PB 0x000000008a600000| Untracked |  0
|   3|0x000000008a700000, 0x000000008a700000, 0x000000008a800000|  0%| F|  |TAMS 0x000000008a700000| PB 0x000000008a700000| Untracked |  0
|   4|0x000000008a800000, 0x000000008a800000, 0x000000008a900000|  0%| F|  |TAMS 0x000000008a800000| PB 0x000000008a800000| Untracked |  0
|   5|0x000000008a900000, 0x000000008a900000, 0x000000008aa00000|  0%| F|  |TAMS 0x000000008a900000| PB 0x000000008a900000| Untracked |  0
|   6|0x000000008aa00000, 0x000000008aa00000, 0x000000008ab00000|  0%| F|  |TAMS 0x000000008aa00000| PB 0x000000008aa00000| Untracked |  0
|   7|0x000000008ab00000, 0x000000008ab00000, 0x000000008ac00000|  0%| F|  |TAMS 0x000000008ab00000| PB 0x000000008ab00000| Untracked |  0
|   8|0x000000008ac00000, 0x000000008ac00000, 0x000000008ad00000|  0%| F|  |TAMS 0x000000008ac00000| PB 0x000000008ac00000| Untracked |  0
|   9|0x000000008ad00000, 0x000000008ad00000, 0x000000008ae00000|  0%| F|  |TAMS 0x000000008ad00000| PB 0x000000008ad00000| Untracked |  0
|  10|0x000000008ae00000, 0x000000008ae00000, 0x000000008af00000|  0%| F|  |TAMS 0x000000008ae00000| PB 0x000000008ae00000| Untracked |  0
|  11|0x000000008af00000, 0x000000008af00000, 0x000000008b000000|  0%| F|  |TAMS 0x000000008af00000| PB 0x000000008af00000| Untracked |  0
|  12|0x000000008b000000, 0x000000008b000000, 0x000000008b100000|  0%| F|  |TAMS 0x000000008b000000| PB 0x000000008b000000| Untracked |  0
|  13|0x000000008b100000, 0x000000008b100000, 0x000000008b200000|  0%| F|  |TAMS 0x000000008b100000| PB 0x000000008b100000| Untracked |  0
|  14|0x000000008b200000, 0x000000008b200000, 0x000000008b300000|  0%| F|  |TAMS 0x000000008b200000| PB 0x000000008b200000| Untracked |  0
|  15|0x000000008b300000, 0x000000008b300000, 0x000000008b400000|  0%| F|  |TAMS 0x000000008b300000| PB 0x000000008b300000| Untracked |  0
|  16|0x000000008b400000, 0x000000008b400000, 0x000000008b500000|  0%| F|  |TAMS 0x000000008b400000| PB 0x000000008b400000| Untracked |  0
|  17|0x000000008b500000, 0x000000008b500000, 0x000000008b600000|  0%| F|  |TAMS 0x000000008b500000| PB 0x000000008b500000| Untracked |  0
|  18|0x000000008b600000, 0x000000008b600000, 0x000000008b700000|  0%| F|  |TAMS 0x000000008b600000| PB 0x000000008b600000| Untracked |  0
|  19|0x000000008b700000, 0x000000008b700000, 0x000000008b800000|  0%| F|  |TAMS 0x000000008b700000| PB 0x000000008b700000| Untracked |  0
|  20|0x000000008b800000, 0x000000008b800000, 0x000000008b900000|  0%| F|  |TAMS 0x000000008b800000| PB 0x000000008b800000| Untracked |  0
|  21|0x000000008b900000, 0x000000008b900000, 0x000000008ba00000|  0%| F|  |TAMS 0x000000008b900000| PB 0x000000008b900000| Untracked |  0
|  22|0x000000008ba00000, 0x000000008ba00000, 0x000000008bb00000|  0%| F|  |TAMS 0x000000008ba00000| PB 0x000000008ba00000| Untracked |  0
|  23|0x000000008bb00000, 0x000000008bb00000, 0x000000008bc00000|  0%| F|  |TAMS 0x000000008bb00000| PB 0x000000008bb00000| Untracked |  0
|  24|0x000000008bc00000, 0x000000008bc00000, 0x000000008bd00000|  0%| F|  |TAMS 0x000000008bc00000| PB 0x000000008bc00000| Untracked |  0
|  25|0x000000008bd00000, 0x000000008bd00000, 0x000000008be00000|  0%| F|  |TAMS 0x000000008bd00000| PB 0x000000008bd00000| Untracked |  0
|  26|0x000000008be00000, 0x000000008be00000, 0x000000008bf00000|  0%| F|  |TAMS 0x000000008be00000| PB 0x000000008be00000| Untracked |  0
|  27|0x000000008bf00000, 0x000000008bf00000, 0x000000008c000000|  0%| F|  |TAMS 0x000000008bf00000| PB 0x000000008bf00000| Untracked |  0
|  28|0x000000008c000000, 0x000000008c000000, 0x000000008c100000|  0%| F|  |TAMS 0x000000008c000000| PB 0x000000008c000000| Untracked |  0
|  29|0x000000008c100000, 0x000000008c100000, 0x000000008c200000|  0%| F|  |TAMS 0x000000008c100000| PB 0x000000008c100000| Untracked |  0
|  30|0x000000008c200000, 0x000000008c200000, 0x000000008c300000|  0%| F|  |TAMS 0x000000008c200000| PB 0x000000008c200000| Untracked |  0
|  31|0x000000008c300000, 0x000000008c300000, 0x000000008c400000|  0%| F|  |TAMS 0x000000008c300000| PB 0x000000008c300000| Untracked |  0
|  32|0x000000008c400000, 0x000000008c400000, 0x000000008c500000|  0%| F|  |TAMS 0x000000008c400000| PB 0x000000008c400000| Untracked |  0
|  33|0x000000008c500000, 0x000000008c500000, 0x000000008c600000|  0%| F|  |TAMS 0x000000008c500000| PB 0x000000008c500000| Untracked |  0
|  34|0x000000008c600000, 0x000000008c600000, 0x000000008c700000|  0%| F|  |TAMS 0x000000008c600000| PB 0x000000008c600000| Untracked |  0
|  35|0x000000008c700000, 0x000000008c700000, 0x000000008c800000|  0%| F|  |TAMS 0x000000008c700000| PB 0x000000008c700000| Untracked |  0
|  36|0x000000008c800000, 0x000000008c800000, 0x000000008c900000|  0%| F|  |TAMS 0x000000008c800000| PB 0x000000008c800000| Untracked |  0
|  37|0x000000008c900000, 0x000000008c900000, 0x000000008ca00000|  0%| F|  |TAMS 0x000000008c900000| PB 0x000000008c900000| Untracked |  0
|  38|0x000000008ca00000, 0x000000008ca00000, 0x000000008cb00000|  0%| F|  |TAMS 0x000000008ca00000| PB 0x000000008ca00000| Untracked |  0
|  39|0x000000008cb00000, 0x000000008cb00000, 0x000000008cc00000|  0%| F|  |TAMS 0x000000008cb00000| PB 0x000000008cb00000| Untracked |  0
|  40|0x000000008cc00000, 0x000000008cc00000, 0x000000008cd00000|  0%| F|  |TAMS 0x000000008cc00000| PB 0x000000008cc00000| Untracked |  0
|  41|0x000000008cd00000, 0x000000008cd00000, 0x000000008ce00000|  0%| F|  |TAMS 0x000000008cd00000| PB 0x000000008cd00000| Untracked |  0
|  42|0x000000008ce00000, 0x000000008ce00000, 0x000000008cf00000|  0%| F|  |TAMS 0x000000008ce00000| PB 0x000000008ce00000| Untracked |  0
|  43|0x000000008cf00000, 0x000000008cf00000, 0x000000008d000000|  0%| F|  |TAMS 0x000000008cf00000| PB 0x000000008cf00000| Untracked |  0
|  44|0x000000008d000000, 0x000000008d000000, 0x000000008d100000|  0%| F|  |TAMS 0x000000008d000000| PB 0x000000008d000000| Untracked |  0
|  45|0x000000008d100000, 0x000000008d100000, 0x000000008d200000|  0%| F|  |TAMS 0x000000008d100000| PB 0x000000008d100000| Untracked |  0
|  46|0x000000008d200000, 0x000000008d200000, 0x000000008d300000|  0%| F|  |TAMS 0x000000008d200000| PB 0x000000008d200000| Untracked |  0
|  47|0x000000008d300000, 0x000000008d300000, 0x000000008d400000|  0%| F|  |TAMS 0x000000008d300000| PB 0x000000008d300000| Untracked |  0
|  48|0x000000008d400000, 0x000000008d400000, 0x000000008d500000|  0%| F|  |TAMS 0x000000008d400000| PB 0x000000008d400000| Untracked |  0
|  49|0x000000008d500000, 0x000000008d500000, 0x000000008d600000|  0%| F|  |TAMS 0x000000008d500000| PB 0x000000008d500000| Untracked |  0
|  50|0x000000008d600000, 0x000000008d600000, 0x000000008d700000|  0%| F|  |TAMS 0x000000008d600000| PB 0x000000008d600000| Untracked |  0
|  51|0x000000008d700000, 0x000000008d700000, 0x000000008d800000|  0%| F|  |TAMS 0x000000008d700000| PB 0x000000008d700000| Untracked |  0
|  52|0x000000008d800000, 0x000000008d800000, 0x000000008d900000|  0%| F|  |TAMS 0x000000008d800000| PB 0x000000008d800000| Untracked |  0
|  53|0x000000008d900000, 0x000000008d900000, 0x000000008da00000|  0%| F|  |TAMS 0x000000008d900000| PB 0x000000008d900000| Untracked |  0
|  54|0x000000008da00000, 0x000000008da00000, 0x000000008db00000|  0%| F|  |TAMS 0x000000008da00000| PB 0x000000008da00000| Untracked |  0
|  55|0x000000008db00000, 0x000000008db00000, 0x000000008dc00000|  0%| F|  |TAMS 0x000000008db00000| PB 0x000000008db00000| Untracked |  0
|  56|0x000000008dc00000, 0x000000008dc00000, 0x000000008dd00000|  0%| F|  |TAMS 0x000000008dc00000| PB 0x000000008dc00000| Untracked |  0
|  57|0x000000008dd00000, 0x000000008dd00000, 0x000000008de00000|  0%| F|  |TAMS 0x000000008dd00000| PB 0x000000008dd00000| Untracked |  0
|  58|0x000000008de00000, 0x000000008de00000, 0x000000008df00000|  0%| F|  |TAMS 0x000000008de00000| PB 0x000000008de00000| Untracked |  0
|  59|0x000000008df00000, 0x000000008df00000, 0x000000008e000000|  0%| F|  |TAMS 0x000000008df00000| PB 0x000000008df00000| Untracked |  0
|  60|0x000000008e000000, 0x000000008e000000, 0x000000008e100000|  0%| F|  |TAMS 0x000000008e000000| PB 0x000000008e000000| Untracked |  0
|  61|0x000000008e100000, 0x000000008e100000, 0x000000008e200000|  0%| F|  |TAMS 0x000000008e100000| PB 0x000000008e100000| Untracked |  0
|  62|0x000000008e200000, 0x000000008e200000, 0x000000008e300000|  0%| F|  |TAMS 0x000000008e200000| PB 0x000000008e200000| Untracked |  0
|  63|0x000000008e300000, 0x000000008e300000, 0x000000008e400000|  0%| F|  |TAMS 0x000000008e300000| PB 0x000000008e300000| Untracked |  0
|  64|0x000000008e400000, 0x000000008e400000, 0x000000008e500000|  0%| F|  |TAMS 0x000000008e400000| PB 0x000000008e400000| Untracked |  0
|  65|0x000000008e500000, 0x000000008e500000, 0x000000008e600000|  0%| F|  |TAMS 0x000000008e500000| PB 0x000000008e500000| Untracked |  0
|  66|0x000000008e600000, 0x000000008e600000, 0x000000008e700000|  0%| F|  |TAMS 0x000000008e600000| PB 0x000000008e600000| Untracked |  0
|  67|0x000000008e700000, 0x000000008e700000, 0x000000008e800000|  0%| F|  |TAMS 0x000000008e700000| PB 0x000000008e700000| Untracked |  0
|  68|0x000000008e800000, 0x000000008e800000, 0x000000008e900000|  0%| F|  |TAMS 0x000000008e800000| PB 0x000000008e800000| Untracked |  0
|  69|0x000000008e900000, 0x000000008e900000, 0x000000008ea00000|  0%| F|  |TAMS 0x000000008e900000| PB 0x000000008e900000| Untracked |  0
|  70|0x000000008ea00000, 0x000000008ea00000, 0x000000008eb00000|  0%| F|  |TAMS 0x000000008ea00000| PB 0x000000008ea00000| Untracked |  0
|  71|0x000000008eb00000, 0x000000008eb00000, 0x000000008ec00000|  0%| F|  |TAMS 0x000000008eb00000| PB 0x000000008eb00000| Untracked |  0
|  72|0x000000008ec00000, 0x000000008ec00000, 0x000000008ed00000|  0%| F|  |TAMS 0x000000008ec00000| PB 0x000000008ec00000| Untracked |  0
|  73|0x000000008ed00000, 0x000000008ed00000, 0x000000008ee00000|  0%| F|  |TAMS 0x000000008ed00000| PB 0x000000008ed00000| Untracked |  0
|  74|0x000000008ee00000, 0x000000008ee00000, 0x000000008ef00000|  0%| F|  |TAMS 0x000000008ee00000| PB 0x000000008ee00000| Untracked |  0
|  75|0x000000008ef00000, 0x000000008ef00000, 0x000000008f000000|  0%| F|  |TAMS 0x000000008ef00000| PB 0x000000008ef00000| Untracked |  0
|  76|0x000000008f000000, 0x000000008f000000, 0x000000008f100000|  0%| F|  |TAMS 0x000000008f000000| PB 0x000000008f000000| Untracked |  0
|  77|0x000000008f100000, 0x000000008f100000, 0x000000008f200000|  0%| F|  |TAMS 0x000000008f100000| PB 0x000000008f100000| Untracked |  0
|  78|0x000000008f200000, 0x000000008f200000, 0x000000008f300000|  0%| F|  |TAMS 0x000000008f200000| PB 0x000000008f200000| Untracked |  0
|  79|0x000000008f300000, 0x000000008f300000, 0x000000008f400000|  0%| F|  |TAMS 0x000000008f300000| PB 0x000000008f300000| Untracked |  0
|  80|0x000000008f400000, 0x000000008f400000, 0x000000008f500000|  0%| F|  |TAMS 0x000000008f400000| PB 0x000000008f400000| Untracked |  0
|  81|0x000000008f500000, 0x000000008f500000, 0x000000008f600000|  0%| F|  |TAMS 0x000000008f500000| PB 0x000000008f500000| Untracked |  0
|  82|0x000000008f600000, 0x000000008f600000, 0x000000008f700000|  0%| F|  |TAMS 0x000000008f600000| PB 0x000000008f600000| Untracked |  0
|  83|0x000000008f700000, 0x000000008f700000, 0x000000008f800000|  0%| F|  |TAMS 0x000000008f700000| PB 0x000000008f700000| Untracked |  0
|  84|0x000000008f800000, 0x000000008f800000, 0x000000008f900000|  0%| F|  |TAMS 0x000000008f800000| PB 0x000000008f800000| Untracked |  0
|  85|0x000000008f900000, 0x000000008f900000, 0x000000008fa00000|  0%| F|  |TAMS 0x000000008f900000| PB 0x000000008f900000| Untracked |  0
|  86|0x000000008fa00000, 0x000000008fa00000, 0x000000008fb00000|  0%| F|  |TAMS 0x000000008fa00000| PB 0x000000008fa00000| Untracked |  0
|  87|0x000000008fb00000, 0x000000008fb00000, 0x000000008fc00000|  0%| F|  |TAMS 0x000000008fb00000| PB 0x000000008fb00000| Untracked |  0
|  88|0x000000008fc00000, 0x000000008fc00000, 0x000000008fd00000|  0%| F|  |TAMS 0x000000008fc00000| PB 0x000000008fc00000| Untracked |  0
|  89|0x000000008fd00000, 0x000000008fd00000, 0x000000008fe00000|  0%| F|  |TAMS 0x000000008fd00000| PB 0x000000008fd00000| Untracked |  0
|  90|0x000000008fe00000, 0x000000008fe00000, 0x000000008ff00000|  0%| F|  |TAMS 0x000000008fe00000| PB 0x000000008fe00000| Untracked |  0
|  91|0x000000008ff00000, 0x0000000090000000, 0x0000000090000000|100%| E|  |TAMS 0x000000008ff00000| PB 0x000000008ff00000| Complete |  0
|  92|0x0000000090000000, 0x0000000090100000, 0x0000000090100000|100%| E|CS|TAMS 0x0000000090000000| PB 0x0000000090000000| Complete |  0
|  93|0x0000000090100000, 0x0000000090200000, 0x0000000090200000|100%| E|CS|TAMS 0x0000000090100000| PB 0x0000000090100000| Complete |  0
|  94|0x0000000090200000, 0x0000000090300000, 0x0000000090300000|100%| E|CS|TAMS 0x0000000090200000| PB 0x0000000090200000| Complete |  0
|  95|0x0000000090300000, 0x0000000090400000, 0x0000000090400000|100%| E|CS|TAMS 0x0000000090300000| PB 0x0000000090300000| Complete |  0
|  96|0x0000000090400000, 0x0000000090500000, 0x0000000090500000|100%| E|CS|TAMS 0x0000000090400000| PB 0x0000000090400000| Complete |  0
|  97|0x0000000090500000, 0x0000000090600000, 0x0000000090600000|100%| E|CS|TAMS 0x0000000090500000| PB 0x0000000090500000| Complete |  0
|  98|0x0000000090600000, 0x0000000090700000, 0x0000000090700000|100%| E|CS|TAMS 0x0000000090600000| PB 0x0000000090600000| Complete |  0
|  99|0x0000000090700000, 0x0000000090800000, 0x0000000090800000|100%| E|CS|TAMS 0x0000000090700000| PB 0x0000000090700000| Complete |  0
| 100|0x0000000090800000, 0x0000000090900000, 0x0000000090900000|100%| E|CS|TAMS 0x0000000090800000| PB 0x0000000090800000| Complete |  0
| 101|0x0000000090900000, 0x0000000090a00000, 0x0000000090a00000|100%| E|CS|TAMS 0x0000000090900000| PB 0x0000000090900000| Complete |  0
| 102|0x0000000090a00000, 0x0000000090b00000, 0x0000000090b00000|100%| E|CS|TAMS 0x0000000090a00000| PB 0x0000000090a00000| Complete |  0
| 103|0x0000000090b00000, 0x0000000090c00000, 0x0000000090c00000|100%| E|CS|TAMS 0x0000000090b00000| PB 0x0000000090b00000| Complete |  0
| 104|0x0000000090c00000, 0x0000000090d00000, 0x0000000090d00000|100%| E|CS|TAMS 0x0000000090c00000| PB 0x0000000090c00000| Complete |  0
| 105|0x0000000090d00000, 0x0000000090e00000, 0x0000000090e00000|100%| E|CS|TAMS 0x0000000090d00000| PB 0x0000000090d00000| Complete |  0
| 106|0x0000000090e00000, 0x0000000090f00000, 0x0000000090f00000|100%| E|CS|TAMS 0x0000000090e00000| PB 0x0000000090e00000| Complete |  1
| 107|0x0000000090f00000, 0x0000000091000000, 0x0000000091000000|100%| E|CS|TAMS 0x0000000090f00000| PB 0x0000000090f00000| Complete |  0
| 108|0x0000000091000000, 0x0000000091100000, 0x0000000091100000|100%| E|CS|TAMS 0x0000000091000000| PB 0x0000000091000000| Complete |  0
| 109|0x0000000091100000, 0x0000000091200000, 0x0000000091200000|100%| E|CS|TAMS 0x0000000091100000| PB 0x0000000091100000| Complete |  0
| 110|0x0000000091200000, 0x0000000091300000, 0x0000000091300000|100%| E|CS|TAMS 0x0000000091200000| PB 0x0000000091200000| Complete |  0
| 111|0x0000000091300000, 0x0000000091400000, 0x0000000091400000|100%| E|CS|TAMS 0x0000000091300000| PB 0x0000000091300000| Complete |  0
| 112|0x0000000091400000, 0x0000000091500000, 0x0000000091500000|100%| E|CS|TAMS 0x0000000091400000| PB 0x0000000091400000| Complete |  0
| 113|0x0000000091500000, 0x0000000091600000, 0x0000000091600000|100%| E|CS|TAMS 0x0000000091500000| PB 0x0000000091500000| Complete |  0
| 114|0x0000000091600000, 0x0000000091700000, 0x0000000091700000|100%| E|CS|TAMS 0x0000000091600000| PB 0x0000000091600000| Complete |  0
| 115|0x0000000091700000, 0x0000000091800000, 0x0000000091800000|100%| E|CS|TAMS 0x0000000091700000| PB 0x0000000091700000| Complete |  0
| 116|0x0000000091800000, 0x0000000091900000, 0x0000000091900000|100%| E|CS|TAMS 0x0000000091800000| PB 0x0000000091800000| Complete |  0
| 117|0x0000000091900000, 0x0000000091a00000, 0x0000000091a00000|100%| E|CS|TAMS 0x0000000091900000| PB 0x0000000091900000| Complete |  0
|1882|0x00000000ffe00000, 0x00000000fff00000, 0x00000000fff00000|100%| O|  |TAMS 0x00000000ffe00000| PB 0x00000000ffe00000| Untracked |  0
|1883|0x00000000fff00000, 0x00000000fff1d3c0, 0x0000000100000000| 11%| O|  |TAMS 0x00000000fff00000| PB 0x00000000fff00000| Untracked |  0

Card table byte_map: [0x000001d1f99b0000,0x000001d1f9d60000] _byte_map_base: 0x000001d1f955e000

Marking Bits: (CMBitMap*) 0x000001d1ef8fe690
 Bits: [0x000001d1f9d60000, 0x000001d1fbad0000)

Polling page: 0x000001d1edae0000

Metaspace:

Usage:
  Non-class:      6.71 MB used.
      Class:    595.63 KB used.
       Both:      7.29 MB used.

Virtual space:
  Non-class space:       64.00 MB reserved,       6.81 MB ( 11%) committed,  1 nodes.
      Class space:        1.00 GB reserved,     704.00 KB ( <1%) committed,  1 nodes.
             Both:        1.06 GB reserved,       7.50 MB ( <1%) committed. 

Chunk freelists:
   Non-Class:  9.00 MB
       Class:  15.25 MB
        Both:  24.25 MB

MaxMetaspaceSize: unlimited
CompressedClassSpaceSize: 1.00 GB
Initial GC threshold: 21.00 MB
Current GC threshold: 21.00 MB
CDS: on
 - commit_granule_bytes: 65536.
 - commit_granule_words: 8192.
 - virtual_space_node_default_size: 8388608.
 - enlarge_chunks_in_place: 1.
UseCompressedClassPointers 1, UseCompactObjectHeaders 0
Narrow klass pointer bits 32, Max shift 3
Narrow klass base: 0x000001d18f000000, Narrow klass shift: 0
Encoding Range: [0x000001d18f000000 - 0x000001d28f000000), (4294967296 bytes)
Klass Range:    [0x000001d18f000000 - 0x000001d1d0000000), (1090519040 bytes)
Klass ID Range:  [8 - 1090519033) (1090519025)


Internal statistics:

num_allocs_failed_limit: 0.
num_arena_births: 76.
num_arena_deaths: 0.
num_vsnodes_births: 2.
num_vsnodes_deaths: 0.
num_space_committed: 121.
num_space_uncommitted: 0.
num_chunks_returned_to_freelist: 0.
num_chunks_taken_from_freelist: 96.
num_chunk_merges: 0.
num_chunk_splits: 61.
num_chunks_enlarged: 36.
num_inconsistent_stats: 0.

CodeHeap 'non-profiled nmethods': size=120064Kb used=481Kb max_used=481Kb free=119582Kb
 bounds [0x000001d187ac0000, 0x000001d187d30000, 0x000001d18f000000]
CodeHeap 'profiled nmethods': size=120000Kb used=2029Kb max_used=2029Kb free=117970Kb
 bounds [0x000001d180000000, 0x000001d180270000, 0x000001d187530000]
CodeHeap 'non-nmethods': size=5696Kb used=1314Kb max_used=1340Kb free=4382Kb
 bounds [0x000001d187530000, 0x000001d1877a0000, 0x000001d187ac0000]
CodeCache: size=245760Kb, used=3824Kb, max_used=3850Kb, free=241934Kb
 total_blobs=1984, nmethods=1499, adapters=390, full_count=0
Compilation: enabled, stopped_count=0, restarted_count=0

Compilation events (20 events):
Event: 1.058 Thread 0x000001d1efa2dda0 nmethod 1415 0x000001d187b2df08 code [0x000001d187b2e000, 0x000001d187b2e0c8]
Event: 1.058 Thread 0x000001d1efa2dda0 1416       1       jdk.jfr.internal.EventControl::getNamedControls (5 bytes)
Event: 1.058 Thread 0x000001d1efa2dda0 nmethod 1416 0x000001d187b2e208 code [0x000001d187b2e300, 0x000001d187b2e3c8]
Event: 1.058 Thread 0x000001d1efa2dda0 1417       1       jdk.jfr.internal.PlatformEventType::isEnabled (5 bytes)
Event: 1.058 Thread 0x000001d1efa2dda0 nmethod 1417 0x000001d187b2e508 code [0x000001d187b2e600, 0x000001d187b2e6c8]
Event: 1.058 Thread 0x000001d1efa2dda0 1418   !   3       jdk.jfr.internal.Control::setValue (102 bytes)
Event: 1.058 Thread 0x000001d1d64abad0 nmethod 1391 0x000001d187b2e808 code [0x000001d187b2ea00, 0x000001d187b304e8]
Event: 1.058 Thread 0x000001d1d64abad0 1395       4       java.util.LinkedHashMap::get (29 bytes)
Event: 1.059 Thread 0x000001d1efa2dda0 nmethod 1418 0x000001d1801d8a08 code [0x000001d1801d8ca0, 0x000001d1801da0f8]
Event: 1.061 Thread 0x000001d1d02c1620 nmethod 1379 0x000001d187b30588 code [0x000001d187b307e0, 0x000001d187b316d0]
Event: 1.063 Thread 0x000001d1efa2dda0 1419       1       jdk.jfr.internal.periodic.EventTask::getEventType (5 bytes)
Event: 1.063 Thread 0x000001d1efa2dda0 nmethod 1419 0x000001d187b31808 code [0x000001d187b31900, 0x000001d187b319c8]
Event: 1.063 Thread 0x000001d1efa2dda0 1420       1       jdk.jfr.internal.periodic.PeriodicTask::getPeriod (5 bytes)
Event: 1.063 Thread 0x000001d1efa2dda0 nmethod 1420 0x000001d187b31b08 code [0x000001d187b31c00, 0x000001d187b31cc8]
Event: 1.063 Thread 0x000001d1efa2dda0 1421       3       java.util.Comparator$$Lambda/0x000001d190039870::compare (10 bytes)
Event: 1.064 Thread 0x000001d1d64abad0 nmethod 1395 0x000001d187b31e08 code [0x000001d187b31f60, 0x000001d187b32410]
Event: 1.064 Thread 0x000001d1efa2dda0 nmethod 1421 0x000001d1801da188 code [0x000001d1801da2e0, 0x000001d1801da768]
Event: 1.064 Thread 0x000001d1efa2dda0 1422       3       java.util.Comparator::lambda$comparingLong$6043328a$1 (18 bytes)
Event: 1.064 Thread 0x000001d1efa2dda0 nmethod 1422 0x000001d1801da788 code [0x000001d1801da8e0, 0x000001d1801dacd8]
Event: 1.066 Thread 0x000001d1d0126410 nmethod 1402 0x000001d187b32488 code [0x000001d187b325a0, 0x000001d187b32ad0]

GC Heap History (0 events):
No events

Dll operation events (10 events):
Event: 0.042 Loaded shared library C:\Program Files\Java\jdk-24\bin\java.dll
Event: 0.044 Loaded shared library C:\Program Files\Java\jdk-24\bin\zip.dll
Event: 0.076 Loaded shared library C:\Program Files\Java\jdk-24\bin\jsvml.dll
Event: 0.209 Loaded shared library C:\Program Files\Java\jdk-24\bin\instrument.dll
Event: 0.215 Loaded shared library C:\Program Files\Java\jdk-24\bin\net.dll
Event: 0.218 Loaded shared library C:\Program Files\Java\jdk-24\bin\nio.dll
Event: 0.225 Loaded shared library C:\Program Files\Java\jdk-24\bin\zip.dll
Event: 0.247 Loaded shared library C:\Program Files\JetBrains\IntelliJ IDEA 2024.3.3\bin\breakgen64.dll
Event: 0.275 Loaded shared library C:\Program Files\Java\jdk-24\bin\extnet.dll
Event: 0.395 Loaded shared library C:\Program Files\Java\jdk-24\bin\jimage.dll

Deoptimization events (20 events):
Event: 0.995 Thread 0x000001d1efcf73b0 Uncommon trap: trap_request=0xffffffd6 fr.pc=0x000001d187b22374 relative=0x0000000000000694
Event: 0.995 Thread 0x000001d1efcf73b0 Uncommon trap: reason=array_check action=maybe_recompile pc=0x000001d187b22374 method=jdk.internal.classfile.impl.SplitConstantPool.internalAdd(Ljava/lang/classfile/constantpool/PoolEntry;I)Ljava/lang/classfile/constantpool/PoolEntry; @ 46 c2
Event: 0.995 Thread 0x000001d1efcf73b0 DEOPT PACKING pc=0x000001d187b22374 sp=0x00000053e6bfd6c0
Event: 0.995 Thread 0x000001d1efcf73b0 DEOPT UNPACKING pc=0x000001d187646002 sp=0x00000053e6bfd670 mode 2
Event: 0.995 Thread 0x000001d1efcf73b0 Uncommon trap: trap_request=0xffffffd6 fr.pc=0x000001d187b22374 relative=0x0000000000000694
Event: 0.995 Thread 0x000001d1efcf73b0 Uncommon trap: reason=array_check action=maybe_recompile pc=0x000001d187b22374 method=jdk.internal.classfile.impl.SplitConstantPool.internalAdd(Ljava/lang/classfile/constantpool/PoolEntry;I)Ljava/lang/classfile/constantpool/PoolEntry; @ 46 c2
Event: 0.995 Thread 0x000001d1efcf73b0 DEOPT PACKING pc=0x000001d187b22374 sp=0x00000053e6bfd6c0
Event: 0.996 Thread 0x000001d1efcf73b0 DEOPT UNPACKING pc=0x000001d187646002 sp=0x00000053e6bfd670 mode 2
Event: 0.996 Thread 0x000001d1efcf73b0 Uncommon trap: trap_request=0xffffffd6 fr.pc=0x000001d187b22374 relative=0x0000000000000694
Event: 0.996 Thread 0x000001d1efcf73b0 Uncommon trap: reason=array_check action=maybe_recompile pc=0x000001d187b22374 method=jdk.internal.classfile.impl.SplitConstantPool.internalAdd(Ljava/lang/classfile/constantpool/PoolEntry;I)Ljava/lang/classfile/constantpool/PoolEntry; @ 46 c2
Event: 0.996 Thread 0x000001d1efcf73b0 DEOPT PACKING pc=0x000001d187b22374 sp=0x00000053e6bfd530
Event: 0.996 Thread 0x000001d1efcf73b0 DEOPT UNPACKING pc=0x000001d187646002 sp=0x00000053e6bfd4e0 mode 2
Event: 0.996 Thread 0x000001d1efcf73b0 Uncommon trap: trap_request=0xffffffd6 fr.pc=0x000001d187b22374 relative=0x0000000000000694
Event: 0.996 Thread 0x000001d1efcf73b0 Uncommon trap: reason=array_check action=maybe_recompile pc=0x000001d187b22374 method=jdk.internal.classfile.impl.SplitConstantPool.internalAdd(Ljava/lang/classfile/constantpool/PoolEntry;I)Ljava/lang/classfile/constantpool/PoolEntry; @ 46 c2
Event: 0.996 Thread 0x000001d1efcf73b0 DEOPT PACKING pc=0x000001d187b22374 sp=0x00000053e6bfd510
Event: 0.996 Thread 0x000001d1efcf73b0 DEOPT UNPACKING pc=0x000001d187646002 sp=0x00000053e6bfd4c0 mode 2
Event: 1.025 Thread 0x000001d1efcf73b0 Uncommon trap: trap_request=0xffffff4d fr.pc=0x000001d187b1d090 relative=0x00000000000000f0
Event: 1.025 Thread 0x000001d1efcf73b0 Uncommon trap: reason=unstable_if action=reinterpret pc=0x000001d187b1d090 method=java.lang.Long.valueOf(J)Ljava/lang/Long; @ 17 c2
Event: 1.025 Thread 0x000001d1efcf73b0 DEOPT PACKING pc=0x000001d187b1d090 sp=0x00000053e6bfe390
Event: 1.025 Thread 0x000001d1efcf73b0 DEOPT UNPACKING pc=0x000001d187646002 sp=0x00000053e6bfe328 mode 2

Classes loaded (20 events):
Event: 1.023 Loading class jdk/jfr/internal/MetadataWriter
Event: 1.023 Loading class jdk/jfr/internal/MetadataWriter done
Event: 1.023 Loading class jdk/jfr/internal/MetadataDescriptor$Element
Event: 1.023 Loading class jdk/jfr/internal/MetadataDescriptor$Element done
Event: 1.024 Loading class jdk/jfr/internal/MetadataDescriptor$Attribute
Event: 1.024 Loading class jdk/jfr/internal/MetadataDescriptor$Attribute done
Event: 1.036 Loading class jdk/jfr/internal/consumer/StringParser$Encoding
Event: 1.037 Loading class jdk/jfr/internal/consumer/StringParser$Encoding done
Event: 1.048 Loading class jdk/jfr/internal/consumer/RepositoryFiles
Event: 1.049 Loading class jdk/jfr/internal/consumer/RepositoryFiles done
Event: 1.052 Loading class jdk/jfr/internal/SettingsManager$InternalSetting
Event: 1.052 Loading class jdk/jfr/internal/SettingsManager$InternalSetting done
Event: 1.054 Loading class jdk/jfr/internal/util/Rate
Event: 1.054 Loading class jdk/jfr/internal/util/Rate done
Event: 1.054 Loading class jdk/jfr/internal/util/TimespanUnit
Event: 1.055 Loading class jdk/jfr/internal/util/TimespanUnit done
Event: 1.055 Loading class jdk/jfr/internal/util/ValueParser
Event: 1.056 Loading class jdk/jfr/internal/util/ValueParser done
Event: 1.058 Loading class jdk/jfr/internal/periodic/PeriodicType
Event: 1.059 Loading class jdk/jfr/internal/periodic/PeriodicType done

Classes unloaded (0 events):
No events

Classes redefined (1 events):
Event: 0.277 Thread 0x000001d1efa03290 redefined class name=java.lang.Throwable, count=1

Internal exceptions (20 events):
Event: 0.232 Thread 0x000001d1efcf73b0 Exception <a 'java/lang/NoSuchMethodError'{0x00000000917eff08}: 'void java.lang.invoke.DirectMethodHandle$Holder.invokeStatic(java.lang.Object, java.lang.Object, java.lang.Object)'> (0x00000000917eff08) 
thrown [s\open\src\hotspot\share\interpreter\linkResolver.cpp, line 805]
Event: 0.239 Thread 0x000001d1efcf73b0 Exception <a 'java/lang/NoSuchMethodError'{0x0000000091624f78}: 'java.lang.Object java.lang.invoke.Invokers$Holder.invokeExact_MT(java.lang.Object, java.lang.Object, java.lang.Object, java.lang.Object, java.lang.Object)'> (0x0000000091624f78) 
thrown [s\open\src\hotspot\share\interpreter\linkResolver.cpp, line 805]
Event: 0.271 Thread 0x000001d1d041d560 Exception <a 'java/lang/NoSuchMethodError'{0x00000000916c0250}: 'java.lang.Object java.lang.invoke.DirectMethodHandle$Holder.invokeStaticInit(java.lang.Object)'> (0x00000000916c0250) 
thrown [s\open\src\hotspot\share\interpreter\linkResolver.cpp, line 805]
Event: 0.281 Thread 0x000001d1d041d560 Exception <a 'java/lang/NoSuchMethodError'{0x00000000916ccb58}: 'void java.lang.invoke.DirectMethodHandle$Holder.invokeStatic(java.lang.Object, java.lang.Object)'> (0x00000000916ccb58) 
thrown [s\open\src\hotspot\share\interpreter\linkResolver.cpp, line 805]
Event: 0.287 Thread 0x000001d1efcf73b0 Exception <a 'java/lang/NoSuchMethodError'{0x000000009154e650}: 'java.lang.Object java.lang.invoke.DirectMethodHandle$Holder.invokeStaticInit(java.lang.Object, java.lang.Object, java.lang.Object)'> (0x000000009154e650) 
thrown [s\open\src\hotspot\share\interpreter\linkResolver.cpp, line 805]
Event: 0.697 Thread 0x000001d1efcf73b0 Implicit null exception at 0x000001d187aef0d6 to 0x000001d187aef176
Event: 0.698 Thread 0x000001d1efcf73b0 Implicit null exception at 0x000001d187aec29d to 0x000001d187aec31d
Event: 0.716 Thread 0x000001d1efcf73b0 Exception <a 'java/lang/NoSuchMethodError'{0x0000000090df3340}: 'void java.lang.invoke.DirectMethodHandle$Holder.invokeStaticInit(java.lang.Object)'> (0x0000000090df3340) 
thrown [s\open\src\hotspot\share\interpreter\linkResolver.cpp, line 805]
Event: 0.737 Thread 0x000001d1efcf73b0 Exception <a 'java/lang/NoSuchMethodError'{0x0000000090ca8278}: 'void java.lang.invoke.DirectMethodHandle$Holder.invokeSpecial(java.lang.Object, java.lang.Object, java.lang.Object)'> (0x0000000090ca8278) 
thrown [s\open\src\hotspot\share\interpreter\linkResolver.cpp, line 805]
Event: 0.757 Thread 0x000001d1efcf73b0 Exception <a 'java/lang/NoSuchMethodError'{0x0000000090b23910}: 'java.lang.Object java.lang.invoke.DirectMethodHandle$Holder.newInvokeSpecial(java.lang.Object, java.lang.Object, java.lang.Object, java.lang.Object, java.lang.Object)'> (0x0000000090b23910) 
thrown [s\open\src\hotspot\share\interpreter\linkResolver.cpp, line 805]
Event: 0.827 Thread 0x000001d1efcf73b0 Exception <a 'java/lang/NoSuchMethodError'{0x0000000090adb750}: 'long java.lang.invoke.DirectMethodHandle$Holder.invokeVirtual(java.lang.Object, java.lang.Object)'> (0x0000000090adb750) 
thrown [s\open\src\hotspot\share\interpreter\linkResolver.cpp, line 805]
Event: 0.899 Thread 0x000001d1efcf73b0 Exception <a 'java/lang/NoSuchMethodError'{0x00000000907515c0}: 'int java.lang.invoke.DirectMethodHandle$Holder.invokeSpecial(java.lang.Object, java.lang.Object, java.lang.Object)'> (0x00000000907515c0) 
thrown [s\open\src\hotspot\share\interpreter\linkResolver.cpp, line 805]
Event: 0.982 Thread 0x000001d1efcf73b0 Exception <a 'java/lang/NoSuchMethodError'{0x0000000090524f18}: 'void java.lang.invoke.DirectMethodHandle$Holder.invokeSpecial(java.lang.Object, java.lang.Object, int)'> (0x0000000090524f18) 
thrown [s\open\src\hotspot\share\interpreter\linkResolver.cpp, line 805]
Event: 0.983 Thread 0x000001d1efcf73b0 Exception <a 'java/lang/NoSuchMethodError'{0x000000009052cb58}: 'void java.lang.invoke.Invokers$Holder.invokeExact_MT(java.lang.Object, int, java.lang.Object)'> (0x000000009052cb58) 
thrown [s\open\src\hotspot\share\interpreter\linkResolver.cpp, line 805]
Event: 0.988 Thread 0x000001d1efcf73b0 Exception <a 'java/lang/NoSuchMethodError'{0x0000000090548c18}: 'void java.lang.invoke.DirectMethodHandle$Holder.invokeStatic(java.lang.Object, java.lang.Object, int)'> (0x0000000090548c18) 
thrown [s\open\src\hotspot\share\interpreter\linkResolver.cpp, line 805]
Event: 0.989 Thread 0x000001d1efcf73b0 Exception <a 'java/lang/NoSuchMethodError'{0x00000000905583f8}: 'java.lang.Object java.lang.invoke.DirectMethodHandle$Holder.newInvokeSpecial(java.lang.Object, java.lang.Object, int)'> (0x00000000905583f8) 
thrown [s\open\src\hotspot\share\interpreter\linkResolver.cpp, line 805]
Event: 0.992 Thread 0x000001d1d6546c60 Exception <a 'java/lang/NoSuchMethodError'{0x0000000090581328}: 'long java.lang.invoke.DirectMethodHandle$Holder.invokeSpecial(java.lang.Object, java.lang.Object)'> (0x0000000090581328) 
thrown [s\open\src\hotspot\share\interpreter\linkResolver.cpp, line 805]
Event: 1.000 Thread 0x000001d1efcf73b0 Exception <a 'sun/nio/fs/WindowsException'{0x000000009041a430}> (0x000000009041a430) 
thrown [s\open\src\hotspot\share\prims\jni.cpp, line 518]
Event: 1.006 Thread 0x000001d1efcf73b0 Exception <a 'sun/nio/fs/WindowsException'{0x0000000090428b68}> (0x0000000090428b68) 
thrown [s\open\src\hotspot\share\prims\jni.cpp, line 518]
Event: 1.013 Thread 0x000001d1efcf73b0 Exception <a 'sun/nio/fs/WindowsException'{0x000000009043b4a8}> (0x000000009043b4a8) 
thrown [s\open\src\hotspot\share\prims\jni.cpp, line 518]

VM Operations (8 events):
Event: 0.188 Executing VM operation: HandshakeAllThreads (Deoptimize)
Event: 0.188 Executing VM operation: HandshakeAllThreads (Deoptimize) done
Event: 0.275 Executing VM operation: RedefineClasses
Event: 0.278 Executing VM operation: RedefineClasses done
Event: 0.993 Executing VM operation: HandshakeAllThreads (Deoptimize)
Event: 0.993 Executing VM operation: HandshakeAllThreads (Deoptimize) done
Event: 1.049 Executing VM operation: JFRSafepointClear
Event: 1.049 Executing VM operation: JFRSafepointClear done

Memory protections (0 events):
No events

Nmethod flushes (0 events):
No events

Events (15 events):
Event: 0.062 Thread 0x000001d1efcf73b0 Thread added: 0x000001d1efcf73b0
Event: 0.073 Thread 0x000001d1efcf73b0 Thread added: 0x000001d1efa15130
Event: 0.073 Thread 0x000001d1efcf73b0 Thread added: 0x000001d1efa15870
Event: 0.073 Thread 0x000001d1efcf73b0 Thread added: 0x000001d1efa1ce30
Event: 0.073 Thread 0x000001d1efcf73b0 Thread added: 0x000001d1efa1dde0
Event: 0.073 Thread 0x000001d1efcf73b0 Thread added: 0x000001d1efa1f480
Event: 0.073 Thread 0x000001d1efcf73b0 Thread added: 0x000001d1efa29190
Event: 0.074 Thread 0x000001d1efcf73b0 Thread added: 0x000001d1d0126410
Event: 0.074 Thread 0x000001d1efcf73b0 Thread added: 0x000001d1efa2dda0
Event: 0.180 Thread 0x000001d1efcf73b0 Thread added: 0x000001d1d01fc0c0
Event: 0.199 Thread 0x000001d1efa2dda0 Thread added: 0x000001d1d02c1620
Event: 0.247 Thread 0x000001d1efcf73b0 Thread added: 0x000001d1d041d560
Event: 0.712 Thread 0x000001d1efcf73b0 Thread added: 0x000001d1d61d2190
Event: 0.848 Thread 0x000001d1efa2dda0 Thread added: 0x000001d1d64abad0
Event: 0.991 Thread 0x000001d1efcf73b0 Thread added: 0x000001d1d6546c60


Dynamic libraries:
0x00007ff69cb50000 - 0x00007ff69cb60000 	C:\Program Files\Java\jdk-24\bin\java.exe
0x00007ff963700000 - 0x00007ff963960000 	C:\WINDOWS\SYSTEM32\ntdll.dll
0x00007ff963130000 - 0x00007ff9631f7000 	C:\WINDOWS\System32\KERNEL32.DLL
0x00007ff961100000 - 0x00007ff9614ca000 	C:\WINDOWS\System32\KERNELBASE.dll
0x00007ff960fb0000 - 0x00007ff9610fb000 	C:\WINDOWS\System32\ucrtbase.dll
0x00007ff9595b0000 - 0x00007ff9595c6000 	C:\Program Files\Java\jdk-24\bin\jli.dll
0x00007ff959670000 - 0x00007ff95968b000 	C:\Program Files\Java\jdk-24\bin\VCRUNTIME140.dll
0x00007ff9621b0000 - 0x00007ff96237c000 	C:\WINDOWS\System32\USER32.dll
0x00007ff9491d0000 - 0x00007ff949467000 	C:\WINDOWS\WinSxS\amd64_microsoft.windows.common-controls_6595b64144ccf1df_6.0.26100.3624_none_3e086962e3345f24\COMCTL32.dll
0x00007ff9614d0000 - 0x00007ff9614f7000 	C:\WINDOWS\System32\win32u.dll
0x00007ff961c30000 - 0x00007ff961cd9000 	C:\WINDOWS\System32\msvcrt.dll
0x00007ff963460000 - 0x00007ff96348a000 	C:\WINDOWS\System32\GDI32.dll
0x00007ff960a20000 - 0x00007ff960b51000 	C:\WINDOWS\System32\gdi32full.dll
0x00007ff9608e0000 - 0x00007ff960983000 	C:\WINDOWS\System32\msvcp_win.dll
0x00007ff963680000 - 0x00007ff9636af000 	C:\WINDOWS\System32\IMM32.DLL
0x00007ff95aa40000 - 0x00007ff95aa4c000 	C:\Program Files\Java\jdk-24\bin\vcruntime140_1.dll
0x00007ff92cb40000 - 0x00007ff92cbce000 	C:\Program Files\Java\jdk-24\bin\msvcp140.dll
0x00007ff8e3e80000 - 0x00007ff8e4c22000 	C:\Program Files\Java\jdk-24\bin\server\jvm.dll
0x00007ff9628c0000 - 0x00007ff962972000 	C:\WINDOWS\System32\ADVAPI32.dll
0x00007ff963200000 - 0x00007ff9632a6000 	C:\WINDOWS\System32\sechost.dll
0x00007ff963340000 - 0x00007ff963456000 	C:\WINDOWS\System32\RPCRT4.dll
0x00007ff962b20000 - 0x00007ff962b94000 	C:\WINDOWS\System32\WS2_32.dll
0x00007ff960730000 - 0x00007ff96078e000 	C:\WINDOWS\SYSTEM32\POWRPROF.dll
0x00007ff959850000 - 0x00007ff959886000 	C:\WINDOWS\SYSTEM32\WINMM.dll
0x00007ff95a100000 - 0x00007ff95a10b000 	C:\WINDOWS\SYSTEM32\VERSION.dll
0x00007ff960710000 - 0x00007ff960724000 	C:\WINDOWS\SYSTEM32\UMPDC.dll
0x00007ff95f6f0000 - 0x00007ff95f70a000 	C:\WINDOWS\SYSTEM32\kernel.appcore.dll
0x00007ff959520000 - 0x00007ff95952a000 	C:\Program Files\Java\jdk-24\bin\jimage.dll
0x00007ff955a60000 - 0x00007ff955ca1000 	C:\WINDOWS\SYSTEM32\DBGHELP.DLL
0x00007ff962420000 - 0x00007ff9627a2000 	C:\WINDOWS\System32\combase.dll
0x00007ff962c70000 - 0x00007ff962d46000 	C:\WINDOWS\System32\OLEAUT32.dll
0x00007ff90a050000 - 0x00007ff90a089000 	C:\WINDOWS\SYSTEM32\dbgcore.DLL
0x00007ff960b60000 - 0x00007ff960bf9000 	C:\WINDOWS\System32\bcryptPrimitives.dll
0x00007ff94ed50000 - 0x00007ff94ed5f000 	C:\Program Files\Java\jdk-24\bin\instrument.dll
0x00007ff94fb50000 - 0x00007ff94fb6e000 	C:\Program Files\Java\jdk-24\bin\java.dll
0x00007ff962980000 - 0x00007ff962b16000 	C:\WINDOWS\System32\ole32.dll
0x00007ff961500000 - 0x00007ff961c29000 	C:\WINDOWS\System32\SHELL32.dll
0x00007ff960e40000 - 0x00007ff960fa8000 	C:\WINDOWS\System32\wintypes.dll
0x00007ff8e6000000 - 0x00007ff8e620e000 	C:\Users\rubei\AppData\Local\Temp\idea_libasyncProfiler_dll_temp_folder1\libasyncProfiler.dll
0x00007ff94fb10000 - 0x00007ff94fb27000 	C:\Program Files\Java\jdk-24\bin\zip.dll
0x00007ff95e5c0000 - 0x00007ff95ee12000 	C:\WINDOWS\SYSTEM32\windows.storage.dll
0x00007ff962db0000 - 0x00007ff962e9d000 	C:\WINDOWS\System32\SHCORE.dll
0x00007ff962c00000 - 0x00007ff962c64000 	C:\WINDOWS\System32\shlwapi.dll
0x00007ff9607f0000 - 0x00007ff96081f000 	C:\WINDOWS\SYSTEM32\profapi.dll
0x00007ff92a5f0000 - 0x00007ff92a6c7000 	C:\Program Files\Java\jdk-24\bin\jsvml.dll
0x00007ff959510000 - 0x00007ff959520000 	C:\Program Files\Java\jdk-24\bin\net.dll
0x00007ff95fc10000 - 0x00007ff95fc7a000 	C:\WINDOWS\system32\mswsock.dll
0x00007ff94fb30000 - 0x00007ff94fb46000 	C:\Program Files\Java\jdk-24\bin\nio.dll
0x00007ff93e090000 - 0x00007ff93e0aa000 	C:\Program Files\JetBrains\IntelliJ IDEA 2024.3.3\bin\breakgen64.dll
0x00007ff94fb00000 - 0x00007ff94fb09000 	C:\Program Files\Java\jdk-24\bin\extnet.dll
0x00007ff95f1b0000 - 0x00007ff95f2d5000 	C:\WINDOWS\SYSTEM32\DNSAPI.dll
0x00007ff95f120000 - 0x00007ff95f153000 	C:\WINDOWS\SYSTEM32\IPHLPAPI.DLL
0x00007ff9621a0000 - 0x00007ff9621aa000 	C:\WINDOWS\System32\NSI.dll
0x00007ff9557f0000 - 0x00007ff9557fb000 	C:\Windows\System32\rasadhlp.dll
0x00007ff9552c0000 - 0x00007ff955345000 	C:\WINDOWS\System32\fwpuclnt.dll
0x00007ff94faf0000 - 0x00007ff94fafa000 	C:\Program Files\Java\jdk-24\bin\management.dll
0x00007ff94ed60000 - 0x00007ff94ed6b000 	C:\Program Files\Java\jdk-24\bin\management_ext.dll
0x00007ff962ba0000 - 0x00007ff962ba8000 	C:\WINDOWS\System32\PSAPI.DLL

dbghelp: loaded successfully - version: 4.0.5 - missing functions: none
symbol engine: initialized successfully - sym options: 0x614 - pdb path: .;C:\Program Files\Java\jdk-24\bin;C:\WINDOWS\SYSTEM32;C:\WINDOWS\WinSxS\amd64_microsoft.windows.common-controls_6595b64144ccf1df_6.0.26100.3624_none_3e086962e3345f24;C:\Program Files\Java\jdk-24\bin\server;C:\Users\rubei\AppData\Local\Temp\idea_libasyncProfiler_dll_temp_folder1;C:\Program Files\JetBrains\IntelliJ IDEA 2024.3.3\bin

VM Arguments:
jvm_args: -ea -Didea.test.cyclic.buffer.size=1048576 -javaagent:C:\Program Files\JetBrains\IntelliJ IDEA 2024.3.3\lib\idea_rt.jar=61396:C:\Program Files\JetBrains\IntelliJ IDEA 2024.3.3\bin -javaagent:C:\Users\rubei\AppData\Local\JetBrains\IntelliJIdea2024.3\captureAgent\debugger-agent.jar -Dkotlinx.coroutines.debug.enable.creation.stack.trace=false -Ddebugger.agent.enable.coroutines=true -Dkotlinx.coroutines.debug.enable.flows.stack.trace=true -Dkotlinx.coroutines.debug.enable.mutable.state.flows.stack.trace=true -agentpath:C:\Users\rubei\AppData\Local\Temp\idea_libasyncProfiler_dll_temp_folder1\libasyncProfiler.dll=start,jfr,event=wall,interval=10ms,jfrsync=profile,cstack=no,file=C:\Users\rubei\IdeaSnapshots\All_in_CompanyService_2025_04_28_154029.jfr,dbghelppath=C:\Users\rubei\AppData\Local\Temp\idea_dbghelp_dll_temp_folder\dbghelp.dll,log=C:\Users\rubei\AppData\Local\Temp\All_in_CompanyService_2025_04_28_154029.jfr.log.txt,logLevel=DEBUG -Dfile.encoding=UTF-8 -Dsun.stdout.encoding=UTF-8 -Dsun.stderr.encoding=UTF-8 
java_command: com.intellij.rt.junit.JUnitStarter -ideVersion5 -junit5 @w@C:\Users\rubei\AppData\Local\Temp\idea_working_dirs_junit.tmp @C:\Users\rubei\AppData\Local\Temp\idea_junit.tmp -socket61395
java_class_path (initial): C:\Users\rubei\.m2\repository\org\junit\platform\junit-platform-launcher\1.11.4\junit-platform-launcher-1.11.4.jar;C:\Program Files\JetBrains\IntelliJ IDEA 2024.3.3\lib\idea_rt.jar;C:\Program Files\JetBrains\IntelliJ IDEA 2024.3.3\plugins\junit\lib\junit5-rt.jar;C:\Program Files\JetBrains\IntelliJ IDEA 2024.3.3\plugins\junit\lib\junit-rt.jar;C:\Users\rubei\Documents\Ingenieria del Software\CompanyService\target\test-classes;C:\Users\rubei\Documents\Ingenieria del Software\CompanyService\target\classes;C:\Users\rubei\.m2\repository\org\springframework\boot\spring-boot-starter-data-jpa\3.4.5\spring-boot-starter-data-jpa-3.4.5.jar;C:\Users\rubei\.m2\repository\org\springframework\boot\spring-boot-starter\3.4.5\spring-boot-starter-3.4.5.jar;C:\Users\rubei\.m2\repository\org\springframework\boot\spring-boot-starter-logging\3.4.5\spring-boot-starter-logging-3.4.5.jar;C:\Users\rubei\.m2\repository\ch\qos\logback\logback-classic\1.5.18\logback-classic-1.5.18.jar;C:\Users\rubei\.m2\repository\ch\qos\logback\logback-core\1.5.18\logback-core-1.5.18.jar;C:\Users\rubei\.m2\repository\org\apache\logging\log4j\log4j-to-slf4j\2.24.3\log4j-to-slf4j-2.24.3.jar;C:\Users\rubei\.m2\repository\org\apache\logging\log4j\log4j-api\2.24.3\log4j-api-2.24.3.jar;C:\Users\rubei\.m2\repository\org\slf4j\jul-to-slf4j\2.0.17\jul-to-slf4j-2.0.17.jar;C:\Users\rubei\.m2\repository\jakarta\annotation\jakarta.annotation-api\2.1.1\jakarta.annotation-api-2.1.1.jar;C:\Users\rubei\.m2\repository\org\yaml\snakeyaml\2.3\snakeyaml-2.3.jar;C:\Users\rubei\.m2\repository\org\springframework\boot\spring-boot-starter-jdbc\3.4.5\spring-boot-starter-jdbc-3.4.5.jar;C:\Users\rubei\.m2\repository\com\zaxxer\HikariCP\5.1.0\HikariCP-5.1.0.jar;C:\Users\rubei\.m2\repository\org\springframework\spring-jdbc\6.2.6\spring-jdbc-6.2.6.jar;C:\Users\rubei\.m2\repository\org\hibernate\orm\hibernate-core\6.6.13.Final\hibernate-core-6.6.13.Final.jar;C:\Users\rubei\.m2\repository\jakarta\persistence\jakarta.persistence-api\3.1.0\jakarta.persistence-api-3.1.0.jar;C:\Users\rubei\.m2\repository\jakarta\transaction\jakarta.transaction-api\2.0.1\jakarta.transaction-api-2.0.1.jar;C:\Users\rubei\.m2\repository\org\jboss\logging\jboss-logging\3.6.1.Final\jboss-logging-3.6.1.Final.jar;C:\Users\rubei\.m2\repository\org\hibernate\common\hibernate-commons-annotations\7.0.3.Final\hibernate-commons-annotations-7.0.3.Final.jar;C:\Users\rubei\.m2\repository\io\smallrye\jandex\3.2.0\jandex-3.2.0.jar;C:\Users\rubei\.m2\repository\com\fasterxml\classmate\1.7.0\classmate-1.7.0.jar;C:\Users\rubei\.m2\repository\net\bytebuddy\byte-buddy\1.15.11\byte-buddy-1.15.11.jar;C:\Users\rubei\.m2\repository\org\glassfish\jaxb\jaxb-runtime\4.0.5\jaxb-runtime-4.0.5.jar;C:\Users\rubei\.m2\repository\org\glassfish\jaxb\jaxb-core\4.0.5\jaxb-core-4.0.5.jar;C:\Users\rubei\.m2\repository\org\eclipse\angus\angus-activation\2.0.2\angus-activation-2.0.2.jar;C:\Users\rubei\.m2\repository\org\glassfish\jaxb\txw2\4.0.5\txw2-4.0.5.jar;C:\Users\rubei\.m2\repository\com\sun\istack\istack-commons-runtime\4.1.2\istack-commons-runtime-4.1.2.jar;C:\Users\rubei\.m2\repository\jakarta\inject\jakarta.inject-api\2.0.1\jakarta.inject-api-2.0.1.jar;C:\Users\rubei\.m2\repository\org\antlr\antlr4-runtime\4.13.0\antlr4-runtime-4.13.0.jar;C:\Users\rubei\.m2\repository\org\springframework\data\spring-data-jpa\3.4.5\spring-data-jpa-3.4.5.jar;C:\Users\rubei\.m2\repository\org\springframework\data\spring-data-commons\3.4.5\spring-data-commons-3.4.5.jar;C:\Users\rubei\.m2\repository\org\springframework\spring-orm\6.2.6\spring-orm-6.2.6.jar;C:\Users\rubei\.m2\repository\org\springframework\spring-context\6.2.6\spring-context-6.2.6.jar;C:\Users\rubei\.m2\repository\org\springframework\spring-aop\6.2.6\spring-aop-6.2.6.jar;C:\Users\rubei\.m2\repository\org\springframework\spring-tx\6.2.6\spring-tx-6.2.6.jar;C:\Users\rubei\.m2\repository\org\springframework\spring-beans\6.2.6\spring-beans-6.2.6.jar;C:\Users\rubei\.m2\repository\org\slf4j\slf4j-api\2.0.17\slf4j-api-2.0.17.jar;C:\Users\rubei\.m2\repository\org\springframework\spring-aspects\6.2.6\spring-aspects-6.2.6.jar;C:\Users\rubei\.m2\repository\org\aspectj\aspectjweaver\1.9.24\aspectjweaver-1.9.24.jar;C:\Users\rubei\.m2\repository\org\springframework\boot\spring-boot-starter-web\3.4.5\spring-boot-starter-web-3.4.5.jar;C:\Users\rubei\.m2\repository\org\springframework\boot\spring-boot-starter-json\3.4.5\spring-boot-starter-json-3.4.5.jar;C:\Users\rubei\.m2\repository\com\fasterxml\jackson\core\jackson-databind\2.18.3\jackson-databind-2.18.3.jar;C:\Users\rubei\.m2\repository\com\fasterxml\jackson\core\jackson-annotations\2.18.3\jackson-annotations-2.18.3.jar;C:\Users\rubei\.m2\repository\com\fasterxml\jackson\core\jackson-core\2.18.3\jackson-core-2.18.3.jar;C:\Users\rubei\.m2\repository\com\fasterxml\jackson\datatype\jackson-datatype-jdk8\2.18.3\jackson-datatype-jdk8-2.18.3.jar;C:\Users\rubei\.m2\repository\com\fasterxml\jackson\datatype\jackson-datatype-jsr310\2.18.3\jackson-datatype-jsr310-2.18.3.jar;C:\Users\rubei\.m2\repository\com\fasterxml\jackson\module\jackson-module-parameter-names\2.18.3\jackson-module-parameter-names-2.18.3.jar;C:\Users\rubei\.m2\repository\org\springframework\boot\spring-boot-starter-tomcat\3.4.5\spring-boot-starter-tomcat-3.4.5.jar;C:\Users\rubei\.m2\repository\org\apache\tomcat\embed\tomcat-embed-core\10.1.40\tomcat-embed-core-10.1.40.jar;C:\Users\rubei\.m2\repository\org\apache\tomcat\embed\tomcat-embed-el\10.1.40\tomcat-embed-el-10.1.40.jar;C:\Users\rubei\.m2\repository\org\apache\tomcat\embed\tomcat-embed-websocket\10.1.40\tomcat-embed-websocket-10.1.40.jar;C:\Users\rubei\.m2\repository\org\springframework\spring-web\6.2.6\spring-web-6.2.6.jar;C:\Users\rubei\.m2\repository\io\micrometer\micrometer-observation\1.14.6\micrometer-observation-1.14.6.jar;C:\Users\rubei\.m2\repository\io\micrometer\micrometer-commons\1.14.6\micrometer-commons-1.14.6.jar;C:\Users\rubei\.m2\repository\org\springframework\spring-webmvc\6.2.6\spring-webmvc-6.2.6.jar;C:\Users\rubei\.m2\repository\org\springframework\spring-expression\6.2.6\spring-expression-6.2.6.jar;C:\Users\rubei\.m2\repository\org\postgresql\postgresql\42.7.3\postgresql-42.7.3.jar;C:\Users\rubei\.m2\repository\org\checkerframework\checker-qual\3.42.0\checker-qual-3.42.0.jar;C:\Users\rubei\.m2\repository\org\springframework\boot\spring-boot-devtools\3.4.5\spring-boot-devtools-3.4.5.jar;C:\Users\rubei\.m2\repository\org\springframework\boot\spring-boot\3.4.5\spring-boot-3.4.5.jar;C:\Users\rubei\.m2\repository\org\springframework\boot\spring-boot-autoconfigure\3.4.5\spring-boot-autoconfigure-3.4.5.jar;C:\Users\rubei\.m2\repository\com\h2database\h2\2.3.232\h2-2.3.232.jar;C:\Users\rubei\.m2\repository\org\projectlombok\lombok\1.18.38\lombok-1.18.38.jar;C:\Users\rubei\.m2\repository\org\springframework\boot\spring-boot-starter-amqp\3.4.5\spring-boot-starter-amqp-3.4.5.jar;C:\Users\rubei\.m2\repository\org\springframework\spring-messaging\6.2.6\spring-messaging-6.2.6.jar;C:\Users\rubei\.m2\repository\org\springframework\amqp\spring-rabbit\3.2.5\spring-rabbit-3.2.5.jar;C:\Users\rubei\.m2\repository\org\springframework\amqp\spring-amqp\3.2.5\spring-amqp-3.2.5.jar;C:\Users\rubei\.m2\repository\org\springframework\retry\spring-retry\2.0.11\spring-retry-2.0.11.jar;C:\Users\rubei\.m2\repository\com\rabbitmq\amqp-client\5.22.0\amqp-client-5.22.0.jar;C:\Users\rubei\.m2\repository\org\springframework\boot\spring-boot-starter-test\3.4.5\spring-boot-starter-test-3.4.5.jar;C:\Users\rubei\.m2\repository\org\springframework\boot\spring-boot-test\3.4.5\spring-boot-test-3.4.5.jar;C:\Users\rubei\.m2\repository\org\springframework\boot\spring-boot-test-autoconfigure\3.4.5\spring-boot-test-autoconfigure-3.4.5.jar;C:\Users\rubei\.m2\repository\com\jayway\jsonpath\json-path\2.9.0\json-path-2.9.0.jar;C:\Users\rubei\.m2\repository\jakarta\xml\bind\jakarta.xml.bind-api\4.0.2\jakarta.xml.bind-api-4.0.2.jar;C:\Users\rubei\.m2\repository\jakarta\activation\jakarta.activation-api\2.1.3\jakarta.activation-api-2.1.3.jar;C:\Users\rubei\.m2\repository\net\minidev\json-smart\2.5.2\json-smart-2.5.2.jar;C:\Users\rubei\.m2\repository\net\minidev\accessors-smart\2.5.2\accessors-smart-2.5.2.jar;C:\Users\rubei\.m2\repository\org\ow2\asm\asm\9.7.1\asm-9.7.1.jar;C:\Users\rubei\.m2\repository\org\assertj\assertj-core\3.26.3\assertj-core-3.26.3.jar;C:\Users\rubei\.m2\repository\org\awaitility\awaitility\4.2.2\awaitility-4.2.2.jar;C:\Users\rubei\.m2\repository\org\hamcrest\hamcrest\2.2\hamcrest-2.2.jar;C:\Users\rubei\.m2\repository\org\junit\jupiter\junit-jupiter\5.11.4\junit-jupiter-5.11.4.jar;C:\Users\rubei\.m2\repository\org\junit\jupiter\junit-jupiter-api\5.11.4\junit-jupiter-api-5.11.4.jar;C:\Users\rubei\.m2\repository\org\opentest4j\opentest4j\1.3.0\opentest4j-1.3.0.jar;C:\Users\rubei\.m2\repository\org\junit\platform\junit-platform-commons\1.11.4\junit-platform-commons-1.11.4.jar;C:\Users\rubei\.m2\repository\org\apiguardian\apiguardian-api\1.1.2\apiguardian-api-1.1.2.jar;C:\Users\rubei\.m2\repository\org\junit\jupiter\junit-jupiter-params\5.11.4\junit-jupiter-params-5.11.4.jar;C:\Users\rubei\.m2\repository\org\junit\jupiter\junit-jupiter-engine\5.11.4\junit-jupiter-engine-5.11.4.jar;C:\Users\rubei\.m2\repository\org\junit\platform\junit-platform-engine\1.11.4\junit-platform-engine-1.11.4.jar;C:\Users\rubei\.m2\repository\org\mockito\mockito-core\5.14.2\mockito-core-5.14.2.jar;C:\Users\rubei\.m2\repository\net\bytebuddy\byte-buddy-agent\1.15.11\byte-buddy-agent-1.15.11.jar;C:\Users\rubei\.m2\repository\org\objenesis\objenesis\3.3\objenesis-3.3.jar;C:\Users\rubei\.m2\repository\org\mockito\mockito-junit-jupiter\5.14.2\mockito-junit-jupiter-5.14.2.jar;C:\Users\rubei\.m2\repository\org\skyscreamer\jsonassert\1.5.3\jsonassert-1.5.3.jar;C:\Users\rubei\.m2\repository\com\vaadin\external\google\android-json\0.0.20131108.vaadin1\android-json-0.0.20131108.vaadin1.jar;C:\Users\rubei\.m2\repository\org\springframework\spring-core\6.2.6\spring-core-6.2.6.jar;C:\Users\rubei\.m2\repository\org\springframework\spring-jcl\6.2.6\spring-jcl-6.2.6.jar;C:\Users\rubei\.m2\repository\org\springframework\spring-test\6.2.6\spring-test-6.2.6.jar;C:\Users\rubei\.m2\repository\org\xmlunit\xmlunit-core\2.10.0\xmlunit-core-2.10.0.jar
Launcher Type: SUN_STANDARD

[Global flags]
     intx CICompilerCount                          = 4                                         {product} {ergonomic}
     uint ConcGCThreads                            = 2                                         {product} {ergonomic}
     bool FlightRecorder                           = true                                      {product} {management}
     uint G1ConcRefinementThreads                  = 8                                         {product} {ergonomic}
   size_t G1HeapRegionSize                         = 1048576                                   {product} {ergonomic}
   size_t InitialHeapSize                          = 123731968                                 {product} {ergonomic}
   size_t MarkStackSize                            = 4194304                                   {product} {ergonomic}
   size_t MarkStackSizeMax                         = 536870912                                 {product} {ergonomic}
   size_t MaxHeapSize                              = 1975517184                                {product} {ergonomic}
   size_t MaxNewSize                               = 1184890880                                {product} {ergonomic}
   size_t MinHeapDeltaBytes                        = 1048576                                   {product} {ergonomic}
   size_t MinHeapSize                              = 8388608                                   {product} {ergonomic}
    uintx NonNMethodCodeHeapSize                   = 5832704                                {pd product} {ergonomic}
    uintx NonProfiledCodeHeapSize                  = 122945536                              {pd product} {ergonomic}
    uintx ProfiledCodeHeapSize                     = 122880000                              {pd product} {ergonomic}
    uintx ReservedCodeCacheSize                    = 251658240                              {pd product} {ergonomic}
     bool SegmentedCodeCache                       = true                                      {product} {ergonomic}
   size_t SoftMaxHeapSize                          = 1975517184                             {manageable} {ergonomic}
     bool UseCompressedOops                        = true                           {product lp64_product} {ergonomic}
     bool UseG1GC                                  = true                                      {product} {ergonomic}
     bool UseLargePagesIndividualAllocation        = false                                  {pd product} {ergonomic}

Logging:
Log output configuration:
 #0: stdout all=warning uptime,level,tags foldmultilines=false
 #1: stderr all=off uptime,level,tags foldmultilines=false

Environment Variables:
JAVA_HOME=C:\Program Files\Java\jdk-22
PATH=C:\Program Files\Python313\Scripts\;C:\Program Files\Python313\;C:\Program Files\Python312\Scripts\;C:\Program Files\Python312\;C:\Program Files\Common Files\Oracle\Java\javapath;C:\oracleXE\dbhomeXE\bin;C:\WINDOWS\system32;C:\WINDOWS;C:\WINDOWS\System32\Wbem;C:\WINDOWS\System32\WindowsPowerShell\v1.0\;C:\WINDOWS\System32\OpenSSH\;C:\Cassandra\apache-cassandra-5.0-beta1;C:\Program Files\Microsoft SQL Server\150\Tools\Binn\;C:\Program Files\MATLAB\R2024a\runtime\win64;C:\Program Files\MATLAB\R2024a\bin;C:\Program Files\Java\jdk-22\bin;C:\Program Files\Java\jdk-23\bin;C:\Program Files\Git\cmd;C:\ProgramData\chocolatey\bin;C:\Users\rubei\AppData\Roaming\Python\Python313\Scripts;C:\Users\rubei\AppData\Local\Programs\Microsoft VS Code\bin;C:\altera\13.1\modelsim_ase\win32aloem;C:\Users\rubei\AppData\Local\Microsoft\WindowsApps;C:\Program Files\JetBrains\IntelliJ IDEA 2024.3.3\bin;;C:\Users\rubei\AppData\Local\GitHubDesktop\bin;C:\Program Files\Java\jdk-23\bin
USERNAME=rubei
OS=Windows_NT
PROCESSOR_IDENTIFIER=AMD64 Family 23 Model 104 Stepping 1, AuthenticAMD
TMP=C:\Users\rubei\AppData\Local\Temp
TEMP=C:\Users\rubei\AppData\Local\Temp




Periodic native trim disabled

---------------  S Y S T E M  ---------------

OS:
 Windows 11 , 64 bit Build 26100 (10.0.26100.3775)
OS uptime: 0 days 17:33 hours

CPU: total 8 (initial active 8) (8 cores per cpu, 2 threads per core) family 23 model 104 stepping 1 microcode 0x8608102, cx8, cmov, fxsr, ht, mmx, 3dnowpref, sse, sse2, sse3, ssse3, sse4a, sse4.1, sse4.2, popcnt, lzcnt, tsc, tscinvbit, avx, avx2, aes, clmul, bmi1, bmi2, adx, sha, fma, vzeroupper, clflush, clflushopt, rdtscp, rdpid, f16c
Processor Information for the first 8 processors :
  Max Mhz: 2600, Current Mhz: 2600, Mhz Limit: 2600

Memory: 4k page, system-wide physical 7530M (686M free)
TotalPageFile size 19401M (AvailPageFile size 1100M)
current process WorkingSet (physical memory assigned to process): 101M, peak: 101M
current process commit charge ("private bytes"): 258M, peak: 258M

vm_info: Java HotSpot(TM) 64-Bit Server VM (24+36-3646) for windows-amd64 JRE (24+36-3646), built on 2025-02-06T00:20:43Z with MS VC++ 17.6 (VS2022)

END.
