#
# A fatal error has been detected by the Java Runtime Environment:
#
#  EXCEPTION_ACCESS_VIOLATION (0xc0000005) at pc=0x00007ffd08413004, pid=6900, tid=23092
#
# JRE version: OpenJDK Runtime Environment (24.0.1+9) (build 24.0.1+9-30)
# Java VM: OpenJDK 64-Bit Server VM (24.0.1+9-30, mixed mode, emulated-client, sharing, tiered, compressed oops, compressed class ptrs, g1 gc, windows-amd64)
# Problematic frame:
# C  [libasyncProfiler.dll+0x93004]
#
# No core dump will be written. Minidumps are not enabled by default on client versions of Windows
#
# JFR recording file will be written. Location: D:\Universidad__del_Cauca\Ingeniería de software II\Teoría\Microservices-Academic-Projects\CompanyService\hs_err_pid6900.jfr
#
# If you would like to submit a bug report, please visit:
#   https://bugreport.java.com/bugreport/crash.jsp
# The crash happened outside the Java Virtual Machine in native code.
# See problematic frame for where to report the bug.
#

---------------  S U M M A R Y ------------

Command Line: -XX:TieredStopAtLevel=1 -Dspring.output.ansi.enabled=always -Dcom.sun.management.jmxremote -Dspring.jmx.enabled=true -Dspring.liveBeansView.mbeanDomain -Dspring.application.admin.enabled=true -Dmanagement.endpoints.jmx.exposure.include=* -javaagent:C:\Program Files\JetBrains\IntelliJ IDEA 2024.3.5\lib\idea_rt.jar=54784 -Dfile.encoding=UTF-8 -Dsun.stdout.encoding=UTF-8 -Dsun.stderr.encoding=UTF-8 com.unicauca.CompanyService.CompanyServiceApplication

Host: 12th Gen Intel(R) Core(TM) i5-12450H, 12 cores, 7G,  Windows 11 , 64 bit Build 22621 (10.0.22621.4974)
Time: Fri May  2 17:03:20 2025 Hora est. Pacífico, Sudamérica elapsed time: 1041.332640 seconds (0d 0h 17m 21s)

---------------  T H R E A D  ---------------

Current thread (0x0000021f73c925c0):  JavaThread "Attach Listener" daemon [_thread_in_native, id=23092, stack(0x0000003c51300000,0x0000003c51400000) (1024K)]

Stack: [0x0000003c51300000,0x0000003c51400000],  sp=0x0000003c513fefe0,  free space=1019k
Native frames: (J=compiled Java code, j=interpreted, Vv=VM code, C=native code)
C  [libasyncProfiler.dll+0x93004]  (no source info available)
C  [libasyncProfiler.dll+0x934db]  (no source info available)
C  [libasyncProfiler.dll+0x92134]  (no source info available)
C  [libasyncProfiler.dll+0x929aa]  (no source info available)
C  [libasyncProfiler.dll+0x8d561]  (no source info available)
C  [libasyncProfiler.dll+0x7ef21]  (no source info available)
C  [libasyncProfiler.dll+0x7dc38]  (no source info available)
C  [libasyncProfiler.dll+0x7db20]  (no source info available)
C  [libasyncProfiler.dll+0x84af9]  (no source info available)
V  [jvm.dll+0x57eff7]  (no source info available)
V  [jvm.dll+0x57fdac]  (no source info available)
V  [jvm.dll+0x14ca17]  (no source info available)
V  [jvm.dll+0x14dfe1]  (no source info available)
V  [jvm.dll+0x42f456]  (no source info available)
V  [jvm.dll+0x87d76b]  (no source info available)
V  [jvm.dll+0x72ee55]  (no source info available)
C  [ucrtbase.dll+0x29333]  (no source info available)
C  [KERNEL32.DLL+0x1259d]  (no source info available)
C  [ntdll.dll+0x5af38]  (no source info available)


siginfo: EXCEPTION_ACCESS_VIOLATION (0xc0000005), reading address 0xffffffffffffffff


Registers:
RAX=0x0000000000000010, RBX=0x0000000000000000, RCX=0xffffffffffffffff, RDX=0x007ffcd7f9300010
RSP=0x0000003c513fefe0, RBP=0x0000021f45951d18, RSI=0x0000003c513ff150, RDI=0x0000021f45951d18
R8 =0x0000000000000042, R9 =0x000000008486f460, R10=0x00007ffcd8209fb0, R11=0x000000000000002e
R12=0x0000003c513ff150, R13=0x0000021f47ed8ab0, R14=0x0000021f73c92988, R15=0x0000021f73c92988
RIP=0x00007ffd08413004, EFLAGS=0x0000000000010202

XMM[0]=0x0000000000000000 0x0000000000000000
XMM[1]=0x0000000000000000 0x0000000000000000
XMM[2]=0x0000000000000000 0x0000000000000000
XMM[3]=0x0000000000000000 0x0000000000000000
XMM[4]=0x0000000000000000 0x0000000000000000
XMM[5]=0x0000000000000000 0x0000000000000000
XMM[6]=0x0000000000000000 0x0000000000000000
XMM[7]=0x0000000000000000 0x0000000000000000
XMM[8]=0x0000000000000000 0x0000000000000000
XMM[9]=0x0000000000000000 0x0000000000000000
XMM[10]=0x0000000000000000 0x0000000000000000
XMM[11]=0x0000000000000000 0x0000000000000000
XMM[12]=0x0000000000000000 0x0000000000000000
XMM[13]=0x0000000000000000 0x0000000000000000
XMM[14]=0x0000000000000000 0x0000000000000000
XMM[15]=0x0000000000000000 0x0000000000000000
  MXCSR=0x00001fa0


Register to memory mapping:

RAX=0x0000000000000010 is an unknown value
RBX=0x0 is null
RCX=0xffffffffffffffff is an unknown value
RDX=0x007ffcd7f9300010 is an unknown value
RSP=0x0000003c513fefe0 is pointing into the stack for thread: 0x0000021f73c925c0
RBP=0x0000021f45951d18 points into unknown readable memory: 0x000000008486f460 | 60 f4 86 84 00 00 00 00
RSI=0x0000003c513ff150 is pointing into the stack for thread: 0x0000021f73c925c0
RDI=0x0000021f45951d18 points into unknown readable memory: 0x000000008486f460 | 60 f4 86 84 00 00 00 00
R8 =0x0000000000000042 is an unknown value
R9 =0x000000008486f460 is an oop: java.lang.ref.Reference$ReferenceHandler 
{0x000000008486f460} - klass: 'java/lang/ref/Reference$ReferenceHandler' - flags: 

 - ---- fields (total size 14 words):
 - 'threadLocalRandomProbe' 'I' @12  0 (0x00000000)
 - private volatile 'eetop' 'J' @16  2334109779920 (0x0000021f73c8c7d0)
 - private final 'tid' 'J' @24  14 (0x000000000000000e)
 - 'threadLocalRandomSeed' 'J' @32  0 (0x0000000000000000)
 - injected 'jvmti_thread_state' 'J' @40  2333373119472 (0x0000021f47e03bf0)
 - 'threadLocalRandomSecondarySeed' 'I' @48  0 (0x00000000)
 - injected 'jvmti_VTMS_transition_disable_count' 'I' @52  0 (0x00000000)
 - injected 'jfr_epoch' 'S' @56  0 (0x0000)
 - volatile 'interrupted' 'Z' @58  false (0x00)
 - injected 'jvmti_is_in_VTMS_transition' 'Z' @59  false (0x00)
 - private volatile 'name' 'Ljava/lang/String;' @60  "Reference Handler"{0x00000000ffe0a468} (0xffe0a468)
 - private volatile 'contextClassLoader' 'Ljava/lang/ClassLoader;' @64  null (0x00000000)
 - private final 'holder' 'Ljava/lang/Thread$FieldHolder;' @68  a 'java/lang/Thread$FieldHolder'{0x0000000084dcdaf8} (0x84dcdaf8)
 - 'threadLocals' 'Ljava/lang/ThreadLocal$ThreadLocalMap;' @72  null (0x00000000)
 - 'inheritableThreadLocals' 'Ljava/lang/ThreadLocal$ThreadLocalMap;' @76  null (0x00000000)
 - private 'scopedValueBindings' 'Ljava/lang/Object;' @80  a 'java/lang/Class'{0x00000000ffe7c258} = 'java/lang/Thread' (0xffe7c258)
 - final 'interruptLock' 'Ljava/lang/Object;' @84  a 'java/lang/Object'{0x0000000084dcdae8} (0x84dcdae8)
 - private volatile 'parkBlocker' 'Ljava/lang/Object;' @88  null (0x00000000)
 - private 'nioBlocker' 'Lsun/nio/ch/Interruptible;' @92  null (0x00000000)
 - private 'cont' 'Ljdk/internal/vm/Continuation;' @96  null (0x00000000)
 - private volatile 'uncaughtExceptionHandler' 'Ljava/lang/Thread$UncaughtExceptionHandler;' @100  null (0x00000000)
 - private 'container' 'Ljdk/internal/vm/ThreadContainer;' @104  null (0x00000000)
 - private volatile 'headStackableScopes' 'Ljdk/internal/vm/StackableScope;' @108  null (0x00000000)
R10=0x00007ffcd8209fb0 jvm.dll
R11=0x000000000000002e is an unknown value
R12=0x0000003c513ff150 is pointing into the stack for thread: 0x0000021f73c925c0
R13=0x0000021f47ed8ab0 points into unknown readable memory: 0x00007ffcd817a510 | 10 a5 17 d8 fc 7f 00 00
R14=0x0000021f73c92988 points into unknown readable memory: 0x00007ffcd81717b0 | b0 17 17 d8 fc 7f 00 00
R15=0x0000021f73c92988 points into unknown readable memory: 0x00007ffcd81717b0 | b0 17 17 d8 fc 7f 00 00

Top of Stack: (sp=0x0000003c513fefe0)
0x0000003c513fefe0:   0000003c513ff150 0000021f45951d18   P.?Q<......E....
0x0000003c513feff0:   0000000000000000 0000021f73c92d10   .........-.s....
0x0000003c513ff000:   0000000000000038 00007ffd084134db   8........4A.....
0x0000003c513ff010:   0000000000000000 0000021f73c92988   .........).s....
0x0000003c513ff020:   0000003c513ff101 0000000000000000   ..?Q<...........
0x0000003c513ff030:   0000021f45789560 00007ffd08412134   `.xE....4!A.....
0x0000003c513ff040:   0000000000000000 0000000000000038   ........8.......
0x0000003c513ff050:   0000000000000000 0000000000000038   ........8.......
0x0000003c513ff060:   0000002149dfc040 0000021f457877a0   @..I!....wxE....
0x0000003c513ff070:   0000021f45789560 0000021f45789640   `.xE....@.xE....
0x0000003c513ff080:   0000021f4578965c 00000000000032e0   \.xE.....2......
0x0000003c513ff090:   0000000000000000 0000000000000000   ................
0x0000003c513ff0a0:   0000000000000000 00007ffcd79d57d4   .........W......
0x0000003c513ff0b0:   00007ffd0856ae00 0000000000001af4   ..V.............
0x0000003c513ff0c0:   00007ffd0856ae00 00000000ffffffff   ..V.............
0x0000003c513ff0d0:   0000000000000000 00007ffd084129aa   .........)A.....
0x0000003c513ff0e0:   0000021f73c92988 0000000000000000   .).s............
0x0000003c513ff0f0:   0000003c513ff159 0000021f47ed8ab0   Y.?Q<......G....
0x0000003c513ff100:   0000000000000003 0000000000000048   ........H.......
0x0000003c513ff110:   0000000800800310 0000000000000020   ........ .......
0x0000003c513ff120:   0000021f73c92988 00007ffd0856ae00   .).s......V.....
0x0000003c513ff130:   0000021f73ac1ee0 0000021f47e03bf0   ...s.....;.G....
0x0000003c513ff140:   0000000800800390 0000021f73c92988   .........).s....
0x0000003c513ff150:   0000021f4918f390 0000021f4918fa90   ...I.......I....
0x0000003c513ff160:   0000021f4918fa90 00007ffd0856ae00   ...I......V.....
0x0000003c513ff170:   0000021f481c03e0 0000021f609a0000   ...H.......`....
0x0000003c513ff180:   0000003c513ff420 0000000000008840    .?Q<...@.......
0x0000003c513ff190:   0000003c513ff600 00007ffd0856ae50   ..?Q<...P.V.....
0x0000003c513ff1a0:   0000000000989680 0000000000989680   ................
0x0000003c513ff1b0:   0000003c513ff2c0 00007ffd0840d561   ..?Q<...a.@.....
0x0000003c513ff1c0:   00007ffd0856ae00 00007ffd0856ae58   ..V.....X.V.....
0x0000003c513ff1d0:   00007ffd00000000 00007ffc00000001   ................

Instructions: (pc=0x00007ffd08413004)
  0x00007ffd08412f04:   cc cc cc cc cc cc cc cc cc cc cc cc cc cc cc cc
  0x00007ffd08412f14:   cc cc cc cc cc cc cc cc cc cc cc cc cc cc cc cc
  0x00007ffd08412f24:   cc cc cc cc cc cc cc cc cc cc cc cc cc cc cc cc
  0x00007ffd08412f34:   cc cc cc cc cc cc cc cc cc cc cc cc cc cc cc cc
  0x00007ffd08412f44:   cc cc cc cc cc cc cc cc cc cc cc cc cc cc cc cc
  0x00007ffd08412f54:   cc cc cc cc cc cc cc cc cc cc cc cc cc cc cc cc
  0x00007ffd08412f64:   cc cc cc cc cc cc cc cc cc cc cc cc cc cc cc cc
  0x00007ffd08412f74:   cc cc cc cc cc cc cc cc cc cc cc cc cc cc cc cc
  0x00007ffd08412f84:   cc cc cc cc cc cc cc cc cc cc cc cc 40 57 48 83
  0x00007ffd08412f94:   ec 20 48 8b f9 48 8b 0d 30 80 15 00 48 85 c9 74
  0x00007ffd08412fa4:   20 48 8b 01 48 8d 54 24 38 41 b8 06 00 01 00 4c
  0x00007ffd08412fb4:   8b 48 30 41 ff d1 85 c0 75 07 48 8b 4c 24 38 eb
  0x00007ffd08412fc4:   02 33 c9 4c 8b 05 0a 81 15 00 48 89 5c 24 30 4d
  0x00007ffd08412fd4:   85 c0 74 4a 48 8b 01 48 8b d7 4c 8b 88 28 03 00
  0x00007ffd08412fe4:   00 41 ff d1 48 85 c0 74 35 48 63 0d b8 3d 15 00
  0x00007ffd08412ff4:   48 8b 14 01 48 85 d2 74 15 48 63 05 bc 3d 15 00
=>0x00007ffd08413004:   8b 04 10 48 8b 5c 24 30 48 83 c4 20 5f c3 b8 ff
  0x00007ffd08413014:   ff ff ff 48 8b 5c 24 30 48 83 c4 20 5f c3 80 3d
  0x00007ffd08413024:   bb 7f 15 00 00 bb ff ff ff ff 74 20 4c 8b 0d 51
  0x00007ffd08413034:   7c 15 00 4c 8d 44 24 38 48 8b 0d 35 7c 15 00 48
  0x00007ffd08413044:   8b d7 41 ff d1 85 c0 0f 44 5c 24 38 8b c3 48 8b
  0x00007ffd08413054:   5c 24 30 48 83 c4 20 5f c3 cc cc cc cc cc cc cc
  0x00007ffd08413064:   cc cc cc cc cc cc cc cc cc cc cc cc cc cc cc cc
  0x00007ffd08413074:   cc cc cc cc cc cc cc cc cc cc cc cc cc cc cc cc
  0x00007ffd08413084:   cc cc cc cc cc cc cc cc cc cc cc cc 48 89 54 24
  0x00007ffd08413094:   10 53 55 56 57 41 56 41 57 48 83 ec 28 48 8b f2
  0x00007ffd084130a4:   4c 8b f1 48 89 4c 24 78 45 33 ff 44 89 7c 24 68
  0x00007ffd084130b4:   c7 44 24 60 01 00 00 00 48 8d 4c 24 68 e8 69 3c
  0x00007ffd084130c4:   f7 ff 8b d8 48 8d 4c 24 60 e8 5d 3c f7 ff 8b e8
  0x00007ffd084130d4:   49 8b ce e8 33 f3 f6 ff 48 8b f8 90 8b c3 f0 0f
  0x00007ffd084130e4:   b1 2f 74 04 f3 90 eb f4 4c 89 3e 4c 89 7e 08 4c
  0x00007ffd084130f4:   89 7e 10 49 8b 6e 08 4d 8b 76 10 49 3b ee 0f 84


Stack slot to memory mapping:

stack at sp + 0 slots: 0x0000003c513ff150 is pointing into the stack for thread: 0x0000021f73c925c0
stack at sp + 1 slots: 0x0000021f45951d18 points into unknown readable memory: 0x000000008486f460 | 60 f4 86 84 00 00 00 00
stack at sp + 2 slots: 0x0 is null
stack at sp + 3 slots: 0x0000021f73c92d10 points into unknown readable memory: 0x6e616c2e6176616a | 6a 61 76 61 2e 6c 61 6e
stack at sp + 4 slots: 0x0000000000000038 is an unknown value
stack at sp + 5 slots: 0x00007ffd084134db libasyncProfiler.dll
stack at sp + 6 slots: 0x0 is null
stack at sp + 7 slots: 0x0000021f73c92988 points into unknown readable memory: 0x00007ffcd81717b0 | b0 17 17 d8 fc 7f 00 00

Lock stack of current Java thread (top to bottom):


---------------  P R O C E S S  ---------------

Threads class SMR info:
_java_thread_list=0x0000021f4572d4a0, length=36, elements={
0x0000021f73c8c7d0, 0x0000021f73c8d1d0, 0x0000021f73c8e3f0, 0x0000021f73c925c0,
0x0000021f73c93230, 0x0000021f73c91300, 0x0000021f73c9f640, 0x0000021f4510d990,
0x0000021f456d2610, 0x0000021f456d3160, 0x0000021f45cf57a0, 0x0000021f45d20310,
0x0000021f45d21e70, 0x0000021f463077b0, 0x0000021f46307f00, 0x0000021f4630a390,
0x0000021f4630aae0, 0x0000021f46308da0, 0x0000021f46308650, 0x0000021f47fc88c0,
0x0000021f47fcf670, 0x0000021f47fcfdc0, 0x0000021f47fc9eb0, 0x0000021f47fce7d0,
0x0000021f47fcb4a0, 0x0000021f47fcbbf0, 0x0000021f47fcc340, 0x0000021f47fce080,
0x0000021f47fc9760, 0x0000021f47fca600, 0x0000021f47fc9010, 0x0000021f47fcca90,
0x0000021f47fcef20, 0x0000021f47fcad50, 0x0000021f47fcd930, 0x0000021f49163120
}

Java Threads: ( => current thread )
  0x0000021f73c8c7d0 JavaThread "Reference Handler"          daemon [_thread_blocked, id=32656, stack(0x0000003c51000000,0x0000003c51100000) (1024K)]
  0x0000021f73c8d1d0 JavaThread "Finalizer"                  daemon [_thread_blocked, id=7412, stack(0x0000003c51100000,0x0000003c51200000) (1024K)]
  0x0000021f73c8e3f0 JavaThread "Signal Dispatcher"          daemon [_thread_blocked, id=18520, stack(0x0000003c51200000,0x0000003c51300000) (1024K)]
=>0x0000021f73c925c0 JavaThread "Attach Listener"            daemon [_thread_in_native, id=23092, stack(0x0000003c51300000,0x0000003c51400000) (1024K)]
  0x0000021f73c93230 JavaThread "Service Thread"             daemon [_thread_blocked, id=1728, stack(0x0000003c51400000,0x0000003c51500000) (1024K)]
  0x0000021f73c91300 JavaThread "Monitor Deflation Thread"   daemon [_thread_blocked, id=23228, stack(0x0000003c51500000,0x0000003c51600000) (1024K)]
  0x0000021f73c9f640 JavaThread "C1 CompilerThread0"         daemon [_thread_blocked, id=26628, stack(0x0000003c51600000,0x0000003c51700000) (1024K)]
  0x0000021f4510d990 JavaThread "Common-Cleaner"             daemon [_thread_blocked, id=25380, stack(0x0000003c51900000,0x0000003c51a00000) (1024K)]
  0x0000021f456d2610 JavaThread "Monitor Ctrl-Break"         daemon [_thread_in_native, id=21488, stack(0x0000003c51a00000,0x0000003c51b00000) (1024K)]
  0x0000021f456d3160 JavaThread "Notification Thread"        daemon [_thread_blocked, id=18472, stack(0x0000003c51b00000,0x0000003c51c00000) (1024K)]
  0x0000021f45cf57a0 JavaThread "RMI TCP Accept-0"           daemon [_thread_in_native, id=6536, stack(0x0000003c51d00000,0x0000003c51e00000) (1024K)]
  0x0000021f45d20310 JavaThread "RMI Scheduler(0)"           daemon [_thread_blocked, id=10400, stack(0x0000003c51f00000,0x0000003c52000000) (1024K)]
  0x0000021f45d21e70 JavaThread "JMX server connection timeout 31" daemon [_thread_blocked, id=30416, stack(0x0000003c52000000,0x0000003c52100000) (1024K)]
  0x0000021f463077b0 JavaThread "RMI TCP Connection(2)-192.168.56.1" daemon [_thread_in_native, id=5796, stack(0x0000003c52a00000,0x0000003c52b00000) (1024K)]
  0x0000021f46307f00 JavaThread "Catalina-utility-1"                [_thread_blocked, id=26252, stack(0x0000003c52f00000,0x0000003c53000000) (1024K)]
  0x0000021f4630a390 JavaThread "Catalina-utility-2"                [_thread_blocked, id=25696, stack(0x0000003c53000000,0x0000003c53100000) (1024K)]
  0x0000021f4630aae0 JavaThread "container-0"                       [_thread_blocked, id=21360, stack(0x0000003c53100000,0x0000003c53200000) (1024K)]
  0x0000021f46308da0 JavaThread "PostgreSQL-JDBC-Cleaner"    daemon [_thread_blocked, id=9184, stack(0x0000003c53300000,0x0000003c53400000) (1024K)]
  0x0000021f46308650 JavaThread "HikariPool-1 housekeeper"   daemon [_thread_blocked, id=30980, stack(0x0000003c53400000,0x0000003c53500000) (1024K)]
  0x0000021f47fc88c0 JavaThread "File Watcher"               daemon [_thread_blocked, id=19644, stack(0x0000003c53600000,0x0000003c53700000) (1024K)]
  0x0000021f47fcf670 JavaThread "Live Reload Server"         daemon [_thread_in_native, id=18288, stack(0x0000003c53800000,0x0000003c53900000) (1024K)]
  0x0000021f47fcfdc0 JavaThread "http-nio-8081-exec-1"       daemon [_thread_blocked, id=1916, stack(0x0000003c53700000,0x0000003c53800000) (1024K)]
  0x0000021f47fc9eb0 JavaThread "http-nio-8081-exec-2"       daemon [_thread_blocked, id=21168, stack(0x0000003c53900000,0x0000003c53a00000) (1024K)]
  0x0000021f47fce7d0 JavaThread "http-nio-8081-exec-3"       daemon [_thread_blocked, id=30488, stack(0x0000003c53a00000,0x0000003c53b00000) (1024K)]
  0x0000021f47fcb4a0 JavaThread "http-nio-8081-exec-4"       daemon [_thread_blocked, id=30068, stack(0x0000003c53b00000,0x0000003c53c00000) (1024K)]
  0x0000021f47fcbbf0 JavaThread "http-nio-8081-exec-5"       daemon [_thread_blocked, id=31688, stack(0x0000003c53c00000,0x0000003c53d00000) (1024K)]
  0x0000021f47fcc340 JavaThread "http-nio-8081-exec-6"       daemon [_thread_blocked, id=32352, stack(0x0000003c53d00000,0x0000003c53e00000) (1024K)]
  0x0000021f47fce080 JavaThread "http-nio-8081-exec-7"       daemon [_thread_blocked, id=12344, stack(0x0000003c53e00000,0x0000003c53f00000) (1024K)]
  0x0000021f47fc9760 JavaThread "http-nio-8081-exec-8"       daemon [_thread_blocked, id=22832, stack(0x0000003c53f00000,0x0000003c54000000) (1024K)]
  0x0000021f47fca600 JavaThread "http-nio-8081-exec-9"       daemon [_thread_blocked, id=25236, stack(0x0000003c54000000,0x0000003c54100000) (1024K)]
  0x0000021f47fc9010 JavaThread "http-nio-8081-exec-10"      daemon [_thread_blocked, id=21648, stack(0x0000003c54100000,0x0000003c54200000) (1024K)]
  0x0000021f47fcca90 JavaThread "http-nio-8081-Poller"       daemon [_thread_in_native, id=900, stack(0x0000003c54200000,0x0000003c54300000) (1024K)]
  0x0000021f47fcef20 JavaThread "http-nio-8081-Acceptor"     daemon [_thread_in_native, id=14600, stack(0x0000003c54300000,0x0000003c54400000) (1024K)]
  0x0000021f47fcad50 JavaThread "DestroyJavaVM"                     [_thread_blocked, id=18896, stack(0x0000003c50800000,0x0000003c50900000) (1024K)]
  0x0000021f47fcd930 JavaThread "JFR Recorder Thread"        daemon [_thread_in_native, id=9520, stack(0x0000003c50600000,0x0000003c50700000) (1024K)]
  0x0000021f49163120 JavaThread "JFR Periodic Tasks"         daemon [_thread_blocked, id=13024, stack(0x0000003c50700000,0x0000003c50800000) (1024K)]
Total: 36

Other Threads:
  0x0000021f73c7c1b0 VMThread "VM Thread"                           [id=25568, stack(0x0000003c50f00000,0x0000003c51000000) (1024K)]
  0x0000021f73c6ebf0 WatcherThread "VM Periodic Task Thread"        [id=20804, stack(0x0000003c50e00000,0x0000003c50f00000) (1024K)]
  0x0000021f60c25670 WorkerThread "GC Thread#0"                     [id=17252, stack(0x0000003c50900000,0x0000003c50a00000) (1024K)]
  0x0000021f467a74f0 WorkerThread "GC Thread#1"                     [id=22348, stack(0x0000003c52300000,0x0000003c52400000) (1024K)]
  0x0000021f467a78a0 WorkerThread "GC Thread#2"                     [id=17456, stack(0x0000003c52400000,0x0000003c52500000) (1024K)]
  0x0000021f465dc400 WorkerThread "GC Thread#3"                     [id=12060, stack(0x0000003c52500000,0x0000003c52600000) (1024K)]
  0x0000021f465e35a0 WorkerThread "GC Thread#4"                     [id=22952, stack(0x0000003c52600000,0x0000003c52700000) (1024K)]
  0x0000021f465e3950 WorkerThread "GC Thread#5"                     [id=8760, stack(0x0000003c52700000,0x0000003c52800000) (1024K)]
  0x0000021f465dcfc0 WorkerThread "GC Thread#6"                     [id=31432, stack(0x0000003c52800000,0x0000003c52900000) (1024K)]
  0x0000021f465deee0 WorkerThread "GC Thread#7"                     [id=32588, stack(0x0000003c52900000,0x0000003c52a00000) (1024K)]
  0x0000021f465de780 WorkerThread "GC Thread#8"                     [id=6956, stack(0x0000003c52b00000,0x0000003c52c00000) (1024K)]
  0x0000021f465de3d0 WorkerThread "GC Thread#9"                     [id=32224, stack(0x0000003c52c00000,0x0000003c52d00000) (1024K)]
  0x0000021f60c563c0 ConcurrentGCThread "G1 Main Marker"            [id=19668, stack(0x0000003c50a00000,0x0000003c50b00000) (1024K)]
  0x0000021f60c56ed0 WorkerThread "G1 Conc#0"                       [id=8848, stack(0x0000003c50b00000,0x0000003c50c00000) (1024K)]
  0x0000021f46bec900 WorkerThread "G1 Conc#1"                       [id=27284, stack(0x0000003c52d00000,0x0000003c52e00000) (1024K)]
  0x0000021f46bec550 WorkerThread "G1 Conc#2"                       [id=14144, stack(0x0000003c52e00000,0x0000003c52f00000) (1024K)]
  0x0000021f73b406b0 ConcurrentGCThread "G1 Refine#0"               [id=20264, stack(0x0000003c50c00000,0x0000003c50d00000) (1024K)]
  0x0000021f73b41230 ConcurrentGCThread "G1 Service"                [id=4372, stack(0x0000003c50d00000,0x0000003c50e00000) (1024K)]
Total: 18

Threads with active compile tasks:
Total: 0

VM state: not at safepoint (normal execution)

VM Mutex/Monitor currently owned by a thread: None

Heap address: 0x0000000084400000, size: 1980 MB, Compressed Oops mode: 32-bit

CDS archive(s) mapped at: [0x0000021f00000000-0x0000021f00d40000-0x0000021f00d40000), size 13893632, SharedBaseAddress: 0x0000021f00000000, ArchiveRelocationMode: 1.
Compressed class space mapped at: 0x0000021f01000000-0x0000021f41000000, reserved size: 1073741824
UseCompressedClassPointers 1, UseCompactObjectHeaders 0
Narrow klass pointer bits 32, Max shift 3
Narrow klass base: 0x0000021f00000000, Narrow klass shift: 0
Encoding Range: [0x0000021f00000000 - 0x0000022000000000), (4294967296 bytes)
Klass Range:    [0x0000021f00000000 - 0x0000021f41000000), (1090519040 bytes)
Klass ID Range:  [8 - 1090519033) (1090519025)

GC Precious Log:
 CardTable entry size: 512
 Card Set container configuration: InlinePtr #cards 5 size 8 Array Of Cards #cards 10 size 36 Howl #buckets 4 coarsen threshold 1843 Howl Bitmap #cards 512 size 80 coarsen threshold 460 Card regions per heap region 1 cards per card region 2048
 CPUs: 12 total, 12 available
 Memory: 7916M
 Large Page Support: Disabled
 NUMA Support: Disabled
 Compressed Oops: Enabled (32-bit)
 Heap Region Size: 1M
 Heap Min Capacity: 8M
 Heap Initial Capacity: 124M
 Heap Max Capacity: 1980M
 Pre-touch: Disabled
 Parallel Workers: 10
 Concurrent Workers: 3
 Concurrent Refinement Workers: 10
 Periodic GC: Disabled

Heap:
 garbage-first heap   total reserved 2027520K, committed 69632K, used 53847K [0x0000000084400000, 0x0000000100000000)
  region size 1024K, 24 young (24576K), 2 survivors (2048K)
 Metaspace       used 67240K, committed 67776K, reserved 1114112K
  class space    used 7522K, committed 7744K, reserved 1048576K

Heap Regions: E=young(eden), S=young(survivor), O=old, HS=humongous(starts), HC=humongous(continues), CS=collection set, F=free, TAMS=top-at-mark-start, PB=parsable bottom
|   0|0x0000000084400000, 0x0000000084500000, 0x0000000084500000|100%|HS|  |TAMS 0x0000000084400000| PB 0x0000000084400000| Complete |  0
|   1|0x0000000084500000, 0x0000000084600000, 0x0000000084600000|100%|HS|  |TAMS 0x0000000084500000| PB 0x0000000084500000| Complete |  0
|   2|0x0000000084600000, 0x0000000084700000, 0x0000000084700000|100%| O|  |TAMS 0x0000000084600000| PB 0x0000000084600000| Untracked |  0
|   3|0x0000000084700000, 0x0000000084800000, 0x0000000084800000|100%| O|  |TAMS 0x0000000084700000| PB 0x0000000084700000| Untracked |  0
|   4|0x0000000084800000, 0x0000000084900000, 0x0000000084900000|100%| O|  |TAMS 0x0000000084800000| PB 0x0000000084800000| Untracked |  0
|   5|0x0000000084900000, 0x0000000084a00000, 0x0000000084a00000|100%| O|  |TAMS 0x0000000084900000| PB 0x0000000084900000| Untracked |  0
|   6|0x0000000084a00000, 0x0000000084b00000, 0x0000000084b00000|100%| O|  |TAMS 0x0000000084a00000| PB 0x0000000084a00000| Untracked |  0
|   7|0x0000000084b00000, 0x0000000084c00000, 0x0000000084c00000|100%| O|  |TAMS 0x0000000084b00000| PB 0x0000000084b00000| Untracked |  0
|   8|0x0000000084c00000, 0x0000000084d00000, 0x0000000084d00000|100%| O|  |TAMS 0x0000000084c00000| PB 0x0000000084c00000| Untracked |  0
|   9|0x0000000084d00000, 0x0000000084e00000, 0x0000000084e00000|100%| O|  |TAMS 0x0000000084d00000| PB 0x0000000084d00000| Untracked |  0
|  10|0x0000000084e00000, 0x0000000084f00000, 0x0000000084f00000|100%| O|  |TAMS 0x0000000084e00000| PB 0x0000000084e00000| Untracked |  0
|  11|0x0000000084f00000, 0x0000000085000000, 0x0000000085000000|100%| O|  |TAMS 0x0000000084f00000| PB 0x0000000084f00000| Untracked |  0
|  12|0x0000000085000000, 0x0000000085100000, 0x0000000085100000|100%| O|Cm|TAMS 0x0000000085000000| PB 0x0000000085000000| Complete |  0
|  13|0x0000000085100000, 0x0000000085200000, 0x0000000085200000|100%| O|  |TAMS 0x0000000085100000| PB 0x0000000085100000| Untracked |  0
|  14|0x0000000085200000, 0x0000000085300000, 0x0000000085300000|100%| O|  |TAMS 0x0000000085200000| PB 0x0000000085200000| Untracked |  0
|  15|0x0000000085300000, 0x0000000085400000, 0x0000000085400000|100%| O|  |TAMS 0x0000000085300000| PB 0x0000000085300000| Untracked |  0
|  16|0x0000000085400000, 0x0000000085500000, 0x0000000085500000|100%| O|  |TAMS 0x0000000085400000| PB 0x0000000085400000| Untracked |  0
|  17|0x0000000085500000, 0x0000000085500000, 0x0000000085600000|  0%| F|  |TAMS 0x0000000085500000| PB 0x0000000085500000| Untracked |  0
|  18|0x0000000085600000, 0x0000000085700000, 0x0000000085700000|100%| O|  |TAMS 0x0000000085600000| PB 0x0000000085600000| Untracked |  0
|  19|0x0000000085700000, 0x0000000085800000, 0x0000000085800000|100%| O|Cm|TAMS 0x0000000085700000| PB 0x0000000085700000| Complete |  0
|  20|0x0000000085800000, 0x0000000085900000, 0x0000000085900000|100%| O|Cm|TAMS 0x0000000085800000| PB 0x0000000085800000| Complete |  0
|  21|0x0000000085900000, 0x0000000085a00000, 0x0000000085a00000|100%| O|  |TAMS 0x0000000085900000| PB 0x0000000085900000| Untracked |  0
|  22|0x0000000085a00000, 0x0000000085b00000, 0x0000000085b00000|100%| O|  |TAMS 0x0000000085a00000| PB 0x0000000085a00000| Untracked |  0
|  23|0x0000000085b00000, 0x0000000085c00000, 0x0000000085c00000|100%| O|  |TAMS 0x0000000085b00000| PB 0x0000000085b00000| Untracked |  0
|  24|0x0000000085c00000, 0x0000000085d00000, 0x0000000085d00000|100%| O|  |TAMS 0x0000000085c00000| PB 0x0000000085c00000| Untracked |  0
|  25|0x0000000085d00000, 0x0000000085e00000, 0x0000000085e00000|100%| O|  |TAMS 0x0000000085d00000| PB 0x0000000085d00000| Untracked |  0
|  26|0x0000000085e00000, 0x0000000085f00000, 0x0000000085f00000|100%| O|Cm|TAMS 0x0000000085e00000| PB 0x0000000085e00000| Complete |  0
|  27|0x0000000085f00000, 0x0000000086000000, 0x0000000086000000|100%| O|  |TAMS 0x0000000085f00000| PB 0x0000000085f00000| Untracked |  0
|  28|0x0000000086000000, 0x0000000086100000, 0x0000000086100000|100%| O|Cm|TAMS 0x0000000086000000| PB 0x0000000086000000| Complete |  0
|  29|0x0000000086100000, 0x0000000086200000, 0x0000000086200000|100%| O|Cm|TAMS 0x0000000086100000| PB 0x0000000086100000| Complete |  0
|  30|0x0000000086200000, 0x0000000086300000, 0x0000000086300000|100%| O|  |TAMS 0x0000000086200000| PB 0x0000000086200000| Untracked |  0
|  31|0x0000000086300000, 0x0000000086356a40, 0x0000000086400000| 33%| O|  |TAMS 0x0000000086300000| PB 0x0000000086300000| Untracked |  0
|  32|0x0000000086400000, 0x0000000086400000, 0x0000000086500000|  0%| F|  |TAMS 0x0000000086400000| PB 0x0000000086400000| Untracked |  0
|  33|0x0000000086500000, 0x0000000086500000, 0x0000000086600000|  0%| F|  |TAMS 0x0000000086500000| PB 0x0000000086500000| Untracked |  0
|  34|0x0000000086600000, 0x0000000086600000, 0x0000000086700000|  0%| F|  |TAMS 0x0000000086600000| PB 0x0000000086600000| Untracked |  0
|  35|0x0000000086700000, 0x000000008673f410, 0x0000000086800000| 24%| S|CS|TAMS 0x0000000086700000| PB 0x0000000086700000| Complete |  0
|  36|0x0000000086800000, 0x0000000086800000, 0x0000000086900000|  0%| F|  |TAMS 0x0000000086800000| PB 0x0000000086800000| Untracked |  0
|  37|0x0000000086900000, 0x0000000086900000, 0x0000000086a00000|  0%| F|  |TAMS 0x0000000086900000| PB 0x0000000086900000| Untracked |  0
|  38|0x0000000086a00000, 0x0000000086b00000, 0x0000000086b00000|100%| S|CS|TAMS 0x0000000086a00000| PB 0x0000000086a00000| Complete |  0
|  39|0x0000000086b00000, 0x0000000086b00000, 0x0000000086c00000|  0%| F|  |TAMS 0x0000000086b00000| PB 0x0000000086b00000| Untracked |  0
|  40|0x0000000086c00000, 0x0000000086c00000, 0x0000000086d00000|  0%| F|  |TAMS 0x0000000086c00000| PB 0x0000000086c00000| Untracked |  0
|  41|0x0000000086d00000, 0x0000000086d00000, 0x0000000086e00000|  0%| F|  |TAMS 0x0000000086d00000| PB 0x0000000086d00000| Untracked |  0
|  42|0x0000000086e00000, 0x0000000086e00000, 0x0000000086f00000|  0%| F|  |TAMS 0x0000000086e00000| PB 0x0000000086e00000| Untracked |  0
|  43|0x0000000086f00000, 0x0000000086f00000, 0x0000000087000000|  0%| F|  |TAMS 0x0000000086f00000| PB 0x0000000086f00000| Untracked |  0
|  44|0x0000000087000000, 0x0000000087000000, 0x0000000087100000|  0%| F|  |TAMS 0x0000000087000000| PB 0x0000000087000000| Untracked |  0
|  45|0x0000000087100000, 0x0000000087134c18, 0x0000000087200000| 20%| E|  |TAMS 0x0000000087100000| PB 0x0000000087100000| Complete |  0
|  46|0x0000000087200000, 0x0000000087300000, 0x0000000087300000|100%| E|CS|TAMS 0x0000000087200000| PB 0x0000000087200000| Complete |  0
|  47|0x0000000087300000, 0x0000000087400000, 0x0000000087400000|100%| E|CS|TAMS 0x0000000087300000| PB 0x0000000087300000| Complete |  0
|  48|0x0000000087400000, 0x0000000087500000, 0x0000000087500000|100%| E|CS|TAMS 0x0000000087400000| PB 0x0000000087400000| Complete |  0
|  49|0x0000000087500000, 0x0000000087600000, 0x0000000087600000|100%| E|CS|TAMS 0x0000000087500000| PB 0x0000000087500000| Complete |  0
|  50|0x0000000087600000, 0x0000000087700000, 0x0000000087700000|100%| E|CS|TAMS 0x0000000087600000| PB 0x0000000087600000| Complete |  0
|  51|0x0000000087700000, 0x0000000087800000, 0x0000000087800000|100%| E|CS|TAMS 0x0000000087700000| PB 0x0000000087700000| Complete |  0
|  52|0x0000000087800000, 0x0000000087900000, 0x0000000087900000|100%| E|CS|TAMS 0x0000000087800000| PB 0x0000000087800000| Complete |  0
|  53|0x0000000087900000, 0x0000000087a00000, 0x0000000087a00000|100%| E|CS|TAMS 0x0000000087900000| PB 0x0000000087900000| Complete |  0
|  54|0x0000000087a00000, 0x0000000087b00000, 0x0000000087b00000|100%| E|CS|TAMS 0x0000000087a00000| PB 0x0000000087a00000| Complete |  0
|  55|0x0000000087b00000, 0x0000000087c00000, 0x0000000087c00000|100%| E|CS|TAMS 0x0000000087b00000| PB 0x0000000087b00000| Complete |  0
|  56|0x0000000087c00000, 0x0000000087d00000, 0x0000000087d00000|100%| E|CS|TAMS 0x0000000087c00000| PB 0x0000000087c00000| Complete |  0
|  57|0x0000000087d00000, 0x0000000087e00000, 0x0000000087e00000|100%| E|CS|TAMS 0x0000000087d00000| PB 0x0000000087d00000| Complete |  0
|  58|0x0000000087e00000, 0x0000000087f00000, 0x0000000087f00000|100%| E|CS|TAMS 0x0000000087e00000| PB 0x0000000087e00000| Complete |  0
|  59|0x0000000087f00000, 0x0000000088000000, 0x0000000088000000|100%| E|CS|TAMS 0x0000000087f00000| PB 0x0000000087f00000| Complete |  0
|  65|0x0000000088500000, 0x0000000088600000, 0x0000000088600000|100%| E|CS|TAMS 0x0000000088500000| PB 0x0000000088500000| Complete |  0
|  66|0x0000000088600000, 0x0000000088700000, 0x0000000088700000|100%| E|CS|TAMS 0x0000000088600000| PB 0x0000000088600000| Complete |  0
|  67|0x0000000088700000, 0x0000000088800000, 0x0000000088800000|100%| E|CS|TAMS 0x0000000088700000| PB 0x0000000088700000| Complete |  0
|  68|0x0000000088800000, 0x0000000088900000, 0x0000000088900000|100%| E|CS|TAMS 0x0000000088800000| PB 0x0000000088800000| Complete |  0
|  69|0x0000000088900000, 0x0000000088a00000, 0x0000000088a00000|100%| E|CS|TAMS 0x0000000088900000| PB 0x0000000088900000| Complete |  0
| 123|0x000000008bf00000, 0x000000008c000000, 0x000000008c000000|100%| E|  |TAMS 0x000000008bf00000| PB 0x000000008bf00000| Complete |  0
|1978|0x00000000ffe00000, 0x00000000fff00000, 0x00000000fff00000|100%| O|  |TAMS 0x00000000ffe00000| PB 0x00000000ffe00000| Untracked |  0
|1979|0x00000000fff00000, 0x0000000100000000, 0x0000000100000000|100%| E|CS|TAMS 0x00000000fff00000| PB 0x00000000fff00000| Complete |  0

Card table byte_map: [0x0000021f6edd0000,0x0000021f6f1b0000] _byte_map_base: 0x0000021f6e9ae000

Marking Bits: (CMBitMap*) 0x0000021f60c25d80
 Bits: [0x0000021f6f1b0000, 0x0000021f710a0000)

Polling page: 0x0000021f6ad50000

Metaspace:

Usage:
  Non-class:     58.32 MB used.
      Class:      7.35 MB used.
       Both:     65.66 MB used.

Virtual space:
  Non-class space:       64.00 MB reserved,      58.62 MB ( 92%) committed,  1 nodes.
      Class space:        1.00 GB reserved,       7.56 MB ( <1%) committed,  1 nodes.
             Both:        1.06 GB reserved,      66.19 MB (  6%) committed. 

Chunk freelists:
   Non-Class:  4.98 MB
       Class:  8.25 MB
        Both:  13.23 MB

MaxMetaspaceSize: unlimited
CompressedClassSpaceSize: 1.00 GB
Initial GC threshold: 21.00 MB
Current GC threshold: 105.94 MB
CDS: on
 - commit_granule_bytes: 65536.
 - commit_granule_words: 8192.
 - virtual_space_node_default_size: 8388608.
 - enlarge_chunks_in_place: 1.
UseCompressedClassPointers 1, UseCompactObjectHeaders 0
Narrow klass pointer bits 32, Max shift 3
Narrow klass base: 0x0000021f00000000, Narrow klass shift: 0
Encoding Range: [0x0000021f00000000 - 0x0000022000000000), (4294967296 bytes)
Klass Range:    [0x0000021f00000000 - 0x0000021f41000000), (1090519040 bytes)
Klass ID Range:  [8 - 1090519033) (1090519025)


Internal statistics:

num_allocs_failed_limit: 9.
num_arena_births: 848.
num_arena_deaths: 208.
num_vsnodes_births: 2.
num_vsnodes_deaths: 0.
num_space_committed: 1059.
num_space_uncommitted: 0.
num_chunks_returned_to_freelist: 230.
num_chunks_taken_from_freelist: 3270.
num_chunk_merges: 56.
num_chunk_splits: 2251.
num_chunks_enlarged: 1800.
num_inconsistent_stats: 0.

CodeCache: size=49152Kb used=9742Kb max_used=10580Kb free=39409Kb
 bounds [0x0000021f6aef0000, 0x0000021f6b950000, 0x0000021f6def0000]
 total_blobs=7715, nmethods=6972, adapters=668, full_count=0
Compilation: enabled, stopped_count=0, restarted_count=0

Compilation events (20 events):
Event: 1041.292 Thread 0x0000021f73c9f640 7057       1       jdk.jfr.internal.Control::getLastValue (5 bytes)
Event: 1041.292 Thread 0x0000021f73c9f640 nmethod 7057 0x0000021f6b05e608 code [0x0000021f6b05e700, 0x0000021f6b05e7c8]
Event: 1041.292 Thread 0x0000021f73c9f640 7059       1       jdk.jfr.internal.Logger::shouldLog (17 bytes)
Event: 1041.292 Thread 0x0000021f73c9f640 nmethod 7059 0x0000021f6b05e008 code [0x0000021f6b05e120, 0x0000021f6b05e1e8]
Event: 1041.292 Thread 0x0000021f73c9f640 7065   !   1       jdk.jfr.internal.Control::setValue (102 bytes)
Event: 1041.292 Thread 0x0000021f73c9f640 nmethod 7065 0x0000021f6b05d708 code [0x0000021f6b05d900, 0x0000021f6b05df70]
Event: 1041.292 Thread 0x0000021f73c9f640 7058       1       jdk.jfr.internal.settings.BooleanSetting::getValue (5 bytes)
Event: 1041.292 Thread 0x0000021f73c9f640 nmethod 7058 0x0000021f6b05d408 code [0x0000021f6b05d500, 0x0000021f6b05d5c8]
Event: 1041.292 Thread 0x0000021f73c9f640 7064       1       jdk.jfr.internal.PlatformEventType::isEnabled (5 bytes)
Event: 1041.292 Thread 0x0000021f73c9f640 nmethod 7064 0x0000021f6b05d108 code [0x0000021f6b05d200, 0x0000021f6b05d2c8]
Event: 1041.292 Thread 0x0000021f73c9f640 7061       1       jdk.jfr.internal.EventControl::getEventType (5 bytes)
Event: 1041.292 Thread 0x0000021f73c9f640 nmethod 7061 0x0000021f6b05ce08 code [0x0000021f6b05cf00, 0x0000021f6b05cfc8]
Event: 1041.292 Thread 0x0000021f73c9f640 7062       1       jdk.jfr.internal.EventControl::getSettingsId (5 bytes)
Event: 1041.292 Thread 0x0000021f73c9f640 nmethod 7062 0x0000021f6b05cb08 code [0x0000021f6b05cc00, 0x0000021f6b05ccc8]
Event: 1041.292 Thread 0x0000021f73c9f640 7063       1       jdk.jfr.internal.EventControl::getNamedControls (5 bytes)
Event: 1041.292 Thread 0x0000021f73c9f640 nmethod 7063 0x0000021f6b05c808 code [0x0000021f6b05c900, 0x0000021f6b05c9c8]
Event: 1041.294 Thread 0x0000021f73c9f640 7066       1       jdk.jfr.internal.periodic.EventTask::getEventType (5 bytes)
Event: 1041.295 Thread 0x0000021f73c9f640 nmethod 7066 0x0000021f6b05c508 code [0x0000021f6b05c600, 0x0000021f6b05c6c8]
Event: 1041.295 Thread 0x0000021f73c9f640 7067       1       jdk.jfr.internal.periodic.PeriodicTask::getPeriod (5 bytes)
Event: 1041.295 Thread 0x0000021f73c9f640 nmethod 7067 0x0000021f6b05c208 code [0x0000021f6b05c300, 0x0000021f6b05c3c8]

GC Heap History (20 events):
Event: 2.596 GC heap before
{Heap before GC invocations=5 (full 0):
 garbage-first heap   total reserved 2027520K, committed 69632K, used 51347K [0x0000000084400000, 0x0000000100000000)
  region size 1024K, 32 young (32768K), 3 survivors (3072K)
 Metaspace       used 35059K, committed 35520K, reserved 1114112K
  class space    used 3882K, committed 4096K, reserved 1048576K
}
Event: 2.598 GC heap after
{Heap after GC invocations=6 (full 0):
 garbage-first heap   total reserved 2027520K, committed 69632K, used 22884K [0x0000000084400000, 0x0000000100000000)
  region size 1024K, 2 young (2048K), 2 survivors (2048K)
 Metaspace       used 35059K, committed 35520K, reserved 1114112K
  class space    used 3882K, committed 4096K, reserved 1048576K
}
Event: 2.629 GC heap before
{Heap before GC invocations=6 (full 0):
 garbage-first heap   total reserved 2027520K, committed 69632K, used 24932K [0x0000000084400000, 0x0000000100000000)
  region size 1024K, 5 young (5120K), 2 survivors (2048K)
 Metaspace       used 35656K, committed 36096K, reserved 1114112K
  class space    used 3958K, committed 4160K, reserved 1048576K
}
Event: 2.631 GC heap after
{Heap after GC invocations=7 (full 0):
 garbage-first heap   total reserved 2027520K, committed 69632K, used 23073K [0x0000000084400000, 0x0000000100000000)
  region size 1024K, 2 young (2048K), 2 survivors (2048K)
 Metaspace       used 35656K, committed 36096K, reserved 1114112K
  class space    used 3958K, committed 4160K, reserved 1048576K
}
Event: 3.133 GC heap before
{Heap before GC invocations=8 (full 0):
 garbage-first heap   total reserved 2027520K, committed 69632K, used 55841K [0x0000000084400000, 0x0000000100000000)
  region size 1024K, 34 young (34816K), 2 survivors (2048K)
 Metaspace       used 44305K, committed 44800K, reserved 1114112K
  class space    used 4771K, committed 4992K, reserved 1048576K
}
Event: 3.135 GC heap after
{Heap after GC invocations=9 (full 0):
 garbage-first heap   total reserved 2027520K, committed 69632K, used 25073K [0x0000000084400000, 0x0000000100000000)
  region size 1024K, 4 young (4096K), 4 survivors (4096K)
 Metaspace       used 44305K, committed 44800K, reserved 1114112K
  class space    used 4771K, committed 4992K, reserved 1048576K
}
Event: 3.560 GC heap before
{Heap before GC invocations=9 (full 0):
 garbage-first heap   total reserved 2027520K, committed 69632K, used 56817K [0x0000000084400000, 0x0000000100000000)
  region size 1024K, 36 young (36864K), 4 survivors (4096K)
 Metaspace       used 52845K, committed 53312K, reserved 1114112K
  class space    used 5872K, committed 6080K, reserved 1048576K
}
Event: 3.563 GC heap after
{Heap after GC invocations=10 (full 0):
 garbage-first heap   total reserved 2027520K, committed 69632K, used 26652K [0x0000000084400000, 0x0000000100000000)
  region size 1024K, 4 young (4096K), 4 survivors (4096K)
 Metaspace       used 52845K, committed 53312K, reserved 1114112K
  class space    used 5872K, committed 6080K, reserved 1048576K
}
Event: 3.959 GC heap before
{Heap before GC invocations=10 (full 0):
 garbage-first heap   total reserved 2027520K, committed 69632K, used 59420K [0x0000000084400000, 0x0000000100000000)
  region size 1024K, 36 young (36864K), 4 survivors (4096K)
 Metaspace       used 58418K, committed 58944K, reserved 1114112K
  class space    used 6420K, committed 6656K, reserved 1048576K
}
Event: 3.962 GC heap after
{Heap after GC invocations=11 (full 0):
 garbage-first heap   total reserved 2027520K, committed 69632K, used 29368K [0x0000000084400000, 0x0000000100000000)
  region size 1024K, 5 young (5120K), 5 survivors (5120K)
 Metaspace       used 58418K, committed 58944K, reserved 1114112K
  class space    used 6420K, committed 6656K, reserved 1048576K
}
Event: 4.022 GC heap before
{Heap before GC invocations=11 (full 0):
 garbage-first heap   total reserved 2027520K, committed 69632K, used 33464K [0x0000000084400000, 0x0000000100000000)
  region size 1024K, 11 young (11264K), 5 survivors (5120K)
 Metaspace       used 59909K, committed 60416K, reserved 1114112K
  class space    used 6557K, committed 6784K, reserved 1048576K
}
Event: 4.025 GC heap after
{Heap after GC invocations=12 (full 0):
 garbage-first heap   total reserved 2027520K, committed 69632K, used 30508K [0x0000000084400000, 0x0000000100000000)
  region size 1024K, 2 young (2048K), 2 survivors (2048K)
 Metaspace       used 59909K, committed 60416K, reserved 1114112K
  class space    used 6557K, committed 6784K, reserved 1048576K
}
Event: 4.332 GC heap before
{Heap before GC invocations=13 (full 0):
 garbage-first heap   total reserved 2027520K, committed 69632K, used 60204K [0x0000000084400000, 0x0000000100000000)
  region size 1024K, 31 young (31744K), 2 survivors (2048K)
 Metaspace       used 63202K, committed 63808K, reserved 1114112K
  class space    used 7021K, committed 7296K, reserved 1048576K
}
Event: 4.334 GC heap after
{Heap after GC invocations=14 (full 0):
 garbage-first heap   total reserved 2027520K, committed 69632K, used 32841K [0x0000000084400000, 0x0000000100000000)
  region size 1024K, 4 young (4096K), 4 survivors (4096K)
 Metaspace       used 63202K, committed 63808K, reserved 1114112K
  class space    used 7021K, committed 7296K, reserved 1048576K
}
Event: 192.547 GC heap before
{Heap before GC invocations=14 (full 0):
 garbage-first heap   total reserved 2027520K, committed 69632K, used 60489K [0x0000000084400000, 0x0000000100000000)
  region size 1024K, 31 young (31744K), 4 survivors (4096K)
 Metaspace       used 64408K, committed 65088K, reserved 1114112K
  class space    used 7184K, committed 7488K, reserved 1048576K
}
Event: 192.560 GC heap after
{Heap after GC invocations=15 (full 0):
 garbage-first heap   total reserved 2027520K, committed 69632K, used 33584K [0x0000000084400000, 0x0000000100000000)
  region size 1024K, 2 young (2048K), 2 survivors (2048K)
 Metaspace       used 64408K, committed 65088K, reserved 1114112K
  class space    used 7184K, committed 7488K, reserved 1048576K
}
Event: 585.822 GC heap before
{Heap before GC invocations=15 (full 0):
 garbage-first heap   total reserved 2027520K, committed 69632K, used 61232K [0x0000000084400000, 0x0000000100000000)
  region size 1024K, 29 young (29696K), 2 survivors (2048K)
 Metaspace       used 64408K, committed 65088K, reserved 1114112K
  class space    used 7184K, committed 7488K, reserved 1048576K
}
Event: 585.865 GC heap after
{Heap after GC invocations=16 (full 0):
 garbage-first heap   total reserved 2027520K, committed 69632K, used 33318K [0x0000000084400000, 0x0000000100000000)
  region size 1024K, 2 young (2048K), 2 survivors (2048K)
 Metaspace       used 64408K, committed 65088K, reserved 1114112K
  class space    used 7184K, committed 7488K, reserved 1048576K
}
Event: 916.203 GC heap before
{Heap before GC invocations=17 (full 0):
 garbage-first heap   total reserved 2027520K, committed 69632K, used 60966K [0x0000000084400000, 0x0000000100000000)
  region size 1024K, 30 young (30720K), 2 survivors (2048K)
 Metaspace       used 65606K, committed 66176K, reserved 1114112K
  class space    used 7320K, committed 7552K, reserved 1048576K
}
Event: 916.214 GC heap after
{Heap after GC invocations=18 (full 0):
 garbage-first heap   total reserved 2027520K, committed 69632K, used 33367K [0x0000000084400000, 0x0000000100000000)
  region size 1024K, 2 young (2048K), 2 survivors (2048K)
 Metaspace       used 65606K, committed 66176K, reserved 1114112K
  class space    used 7320K, committed 7552K, reserved 1048576K
}

Dll operation events (13 events):
Event: 0.010 Loaded shared library C:\Users\ANACONA\.jdks\openjdk-24.0.1\bin\java.dll
Event: 0.175 Loaded shared library C:\Users\ANACONA\.jdks\openjdk-24.0.1\bin\zip.dll
Event: 0.177 Loaded shared library C:\Users\ANACONA\.jdks\openjdk-24.0.1\bin\instrument.dll
Event: 0.181 Loaded shared library C:\Users\ANACONA\.jdks\openjdk-24.0.1\bin\net.dll
Event: 0.183 Loaded shared library C:\Users\ANACONA\.jdks\openjdk-24.0.1\bin\nio.dll
Event: 0.186 Loaded shared library C:\Users\ANACONA\.jdks\openjdk-24.0.1\bin\zip.dll
Event: 0.207 Loaded shared library C:\Users\ANACONA\.jdks\openjdk-24.0.1\bin\jimage.dll
Event: 0.343 Loaded shared library C:\Users\ANACONA\.jdks\openjdk-24.0.1\bin\extnet.dll
Event: 0.355 Loaded shared library C:\Users\ANACONA\.jdks\openjdk-24.0.1\bin\management.dll
Event: 0.364 Loaded shared library C:\Users\ANACONA\.jdks\openjdk-24.0.1\bin\management_ext.dll
Event: 1.393 Loaded shared library C:\Users\ANACONA\.jdks\openjdk-24.0.1\bin\sunmscapi.dll
Event: 2.579 Loaded shared library C:\Users\ANACONA\.jdks\openjdk-24.0.1\bin\verify.dll
Event: 1040.691 Loaded shared library C:\Users\ANACONA\AppData\Local\Temp\idea_libasyncProfiler_dll_temp_folder\libasyncProfiler.dll

Deoptimization events (4 events):
Event: 1.986 Thread 0x0000021f4623b7c0 DEOPT PACKING pc=0x0000021f6b601044 sp=0x0000003c522fc090
Event: 1.986 Thread 0x0000021f4623b7c0 DEOPT UNPACKING pc=0x0000021f6af45722 sp=0x0000003c522fb550 mode 0
Event: 3.391 Thread 0x0000021f4623b7c0 DEOPT PACKING pc=0x0000021f6b7ab9a4 sp=0x0000003c522fd1e0
Event: 3.391 Thread 0x0000021f4623b7c0 DEOPT UNPACKING pc=0x0000021f6af45722 sp=0x0000003c522fc680 mode 0

Classes loaded (20 events):
Event: 1041.270 Loading class jdk/jfr/internal/MetadataWriter
Event: 1041.270 Loading class jdk/jfr/internal/MetadataWriter done
Event: 1041.270 Loading class jdk/jfr/internal/MetadataDescriptor$Element
Event: 1041.270 Loading class jdk/jfr/internal/MetadataDescriptor$Element done
Event: 1041.270 Loading class jdk/jfr/internal/MetadataDescriptor$Attribute
Event: 1041.270 Loading class jdk/jfr/internal/MetadataDescriptor$Attribute done
Event: 1041.278 Loading class jdk/jfr/internal/consumer/StringParser$Encoding
Event: 1041.278 Loading class jdk/jfr/internal/consumer/StringParser$Encoding done
Event: 1041.285 Loading class jdk/jfr/internal/consumer/RepositoryFiles
Event: 1041.286 Loading class jdk/jfr/internal/consumer/RepositoryFiles done
Event: 1041.290 Loading class jdk/jfr/internal/SettingsManager$InternalSetting
Event: 1041.290 Loading class jdk/jfr/internal/SettingsManager$InternalSetting done
Event: 1041.291 Loading class jdk/jfr/internal/util/Rate
Event: 1041.291 Loading class jdk/jfr/internal/util/Rate done
Event: 1041.291 Loading class jdk/jfr/internal/util/TimespanUnit
Event: 1041.291 Loading class jdk/jfr/internal/util/TimespanUnit done
Event: 1041.291 Loading class jdk/jfr/internal/util/ValueParser
Event: 1041.291 Loading class jdk/jfr/internal/util/ValueParser done
Event: 1041.292 Loading class jdk/jfr/internal/periodic/PeriodicType
Event: 1041.292 Loading class jdk/jfr/internal/periodic/PeriodicType done

Classes unloaded (20 events):
Event: 586.005 Thread 0x0000021f73c7c1b0 Unloading class 0x0000021f01091400 'java/lang/invoke/LambdaForm$BMH+0x0000021f01091400'
Event: 586.005 Thread 0x0000021f73c7c1b0 Unloading class 0x0000021f01090400 'java/lang/invoke/LambdaForm$MH+0x0000021f01090400'
Event: 586.005 Thread 0x0000021f73c7c1b0 Unloading class 0x0000021f01090000 'java/lang/invoke/LambdaForm$MH+0x0000021f01090000'
Event: 586.005 Thread 0x0000021f73c7c1b0 Unloading class 0x0000021f0108d000 'java/lang/invoke/LambdaForm$MH+0x0000021f0108d000'
Event: 586.005 Thread 0x0000021f73c7c1b0 Unloading class 0x0000021f0108cc00 'java/lang/invoke/LambdaForm$MH+0x0000021f0108cc00'
Event: 586.005 Thread 0x0000021f73c7c1b0 Unloading class 0x0000021f0108c800 'java/lang/invoke/LambdaForm$MH+0x0000021f0108c800'
Event: 586.005 Thread 0x0000021f73c7c1b0 Unloading class 0x0000021f0108b400 'java/lang/invoke/LambdaForm$MH+0x0000021f0108b400'
Event: 586.005 Thread 0x0000021f73c7c1b0 Unloading class 0x0000021f0108ac00 'java/lang/invoke/LambdaForm$MH+0x0000021f0108ac00'
Event: 586.005 Thread 0x0000021f73c7c1b0 Unloading class 0x0000021f0108a800 'java/lang/invoke/LambdaForm$MH+0x0000021f0108a800'
Event: 586.006 Thread 0x0000021f73c7c1b0 Unloading class 0x0000021f0108a400 'java/lang/invoke/LambdaForm$MH+0x0000021f0108a400'
Event: 586.006 Thread 0x0000021f73c7c1b0 Unloading class 0x0000021f0108a000 'java/lang/invoke/LambdaForm$BMH+0x0000021f0108a000'
Event: 586.006 Thread 0x0000021f73c7c1b0 Unloading class 0x0000021f01009800 'java/lang/invoke/LambdaForm$MH+0x0000021f01009800'
Event: 586.006 Thread 0x0000021f73c7c1b0 Unloading class 0x0000021f01008c00 'java/lang/invoke/LambdaForm$DMH+0x0000021f01008c00'
Event: 586.006 Thread 0x0000021f73c7c1b0 Unloading class 0x0000021f01008400 'java/lang/invoke/LambdaForm$DMH+0x0000021f01008400'
Event: 586.006 Thread 0x0000021f73c7c1b0 Unloading class 0x0000021f01007c00 'java/lang/invoke/LambdaForm$DMH+0x0000021f01007c00'
Event: 586.006 Thread 0x0000021f73c7c1b0 Unloading class 0x0000021f01007800 'java/lang/invoke/LambdaForm$DMH+0x0000021f01007800'
Event: 586.006 Thread 0x0000021f73c7c1b0 Unloading class 0x0000021f01003800 'java/lang/invoke/LambdaForm$MH+0x0000021f01003800'
Event: 586.006 Thread 0x0000021f73c7c1b0 Unloading class 0x0000021f01003000 'java/lang/invoke/LambdaForm$MH+0x0000021f01003000'
Event: 586.006 Thread 0x0000021f73c7c1b0 Unloading class 0x0000021f01002c00 'java/lang/invoke/LambdaForm$MH+0x0000021f01002c00'
Event: 586.006 Thread 0x0000021f73c7c1b0 Unloading class 0x0000021f01002400 'java/lang/invoke/LambdaForm$MH+0x0000021f01002400'

Classes redefined (0 events):
No events

Internal exceptions (20 events):
Event: 4.245 Thread 0x0000021f4623b7c0 Exception <a 'java/lang/IncompatibleClassChangeError'{0x0000000086f2a280}: Found class java.lang.Object, but interface was expected> (0x0000000086f2a280) 
thrown [s\open\src\hotspot\share\interpreter\linkResolver.cpp, line 872]
Event: 4.298 Thread 0x0000021f4623b7c0 Exception <a 'java/lang/NoSuchMethodError'{0x0000000086be08b8}: 'int java.lang.invoke.DirectMethodHandle$Holder.invokeStaticInit(java.lang.Object, java.lang.Object, java.lang.Object, java.lang.Object)'> (0x0000000086be08b8) 
thrown [s\open\src\hotspot\share\interpreter\linkResolver.cpp, line 805]
Event: 4.353 Thread 0x0000021f4623b7c0 Exception <a 'java/lang/IncompatibleClassChangeError'{0x000000008895e6c8}: Found class java.lang.Object, but interface was expected> (0x000000008895e6c8) 
thrown [s\open\src\hotspot\share\interpreter\linkResolver.cpp, line 872]
Event: 4.444 Thread 0x0000021f4623b7c0 Exception <a 'java/lang/NoSuchMethodError'{0x0000000087da7718}: 'java.lang.Object java.lang.invoke.DirectMethodHandle$Holder.newInvokeSpecial(java.lang.Object, java.lang.Object, int, java.lang.Object, java.lang.Object)'> (0x0000000087da7718) 
thrown [s\open\src\hotspot\share\interpreter\linkResolver.cpp, line 805]
Event: 4.693 Thread 0x0000021f45cfede0 Exception <a 'java/lang/NoSuchMethodError'{0x00000000879489e0}: 'java.lang.Object java.lang.invoke.DirectMethodHandle$Holder.invokeInterface(java.lang.Object, java.lang.Object, java.lang.Object, java.lang.Object, java.lang.Object, java.lang.Object, java.lang.Object)'> (0x00000000879489e0) 
thrown [s\open\src\hotspot\share\interpreter\linkResolver.cpp, line 805]
Event: 604.715 Thread 0x0000021f463077b0 Exception <a 'java/lang/NoSuchMethodError'{0x000000008bf8b868}: static [B.<clinit>()V> (0x000000008bf8b868) 
thrown [s\open\src\hotspot\share\prims\jni.cpp, line 1108]
Event: 915.603 Thread 0x0000021f47fcef20 Exception <a 'java/lang/NoSuchMethodError'{0x0000000086f169a0}: 'java.lang.Object java.lang.invoke.DirectMethodHandle$Holder.invokeStatic(java.lang.Object, java.lang.Object, java.lang.Object, int, int)'> (0x0000000086f169a0) 
thrown [s\open\src\hotspot\share\interpreter\linkResolver.cpp, line 805]
Event: 915.614 Thread 0x0000021f47fcef20 Exception <a 'java/lang/NoSuchMethodError'{0x0000000086f1a900}: 'java.lang.Object java.lang.invoke.DirectMethodHandle$Holder.invokeStaticInit(java.lang.Object, java.lang.Object, java.lang.Object, int, int)'> (0x0000000086f1a900) 
thrown [s\open\src\hotspot\share\interpreter\linkResolver.cpp, line 805]
Event: 915.826 Thread 0x0000021f47fcfdc0 Exception <a 'java/lang/NoSuchMethodError'{0x0000000086e559e8}: 'java.lang.Object java.lang.invoke.DirectMethodHandle$Holder.invokeSpecial(java.lang.Object, java.lang.Object, java.lang.Object, java.lang.Object, java.lang.Object, long)'> (0x0000000086e559e8) 
thrown [s\open\src\hotspot\share\interpreter\linkResolver.cpp, line 805]
Event: 915.827 Thread 0x0000021f47fcfdc0 Exception <a 'java/lang/NoSuchMethodError'{0x0000000086e5e308}: 'java.lang.Object java.lang.invoke.DirectMethodHandle$Holder.invokeSpecial(java.lang.Object, java.lang.Object, java.lang.Object, java.lang.Object, java.lang.Object, java.lang.Object, long)'> (0x0000000086e5e308) 
thrown [s\open\src\hotspot\share\interpreter\linkResolver.cpp, line 805]
Event: 915.829 Thread 0x0000021f47fcfdc0 Exception <a 'java/lang/NoSuchMethodError'{0x0000000086e666b0}: 'java.lang.Object java.lang.invoke.DelegatingMethodHandle$Holder.reinvoke_L(java.lang.Object, java.lang.Object, java.lang.Object, java.lang.Object, java.lang.Object, long)'> (0x0000000086e666b0) 
thrown [s\open\src\hotspot\share\interpreter\linkResolver.cpp, line 805]
Event: 915.831 Thread 0x0000021f47fcfdc0 Exception <a 'java/lang/NoSuchMethodError'{0x0000000086e76ad0}: 'java.lang.Object java.lang.invoke.Invokers$Holder.linkToTargetMethod(java.lang.Object, java.lang.Object, java.lang.Object, long, java.lang.Object)'> (0x0000000086e76ad0) 
thrown [s\open\src\hotspot\share\interpreter\linkResolver.cpp, line 805]
Event: 916.104 Thread 0x0000021f47fc9eb0 Exception <a 'java/lang/NoSuchMethodError'{0x0000000086c516b8}: 'java.lang.Object java.lang.invoke.DirectMethodHandle$Holder.invokeStatic(java.lang.Object, int, int)'> (0x0000000086c516b8) 
thrown [s\open\src\hotspot\share\interpreter\linkResolver.cpp, line 805]
Event: 916.146 Thread 0x0000021f47fc9eb0 Exception <a 'java/io/IOException'{0x0000000086cdd610}> (0x0000000086cdd610) 
thrown [s\open\src\hotspot\share\prims\jni.cpp, line 518]
Event: 1041.185 Thread 0x0000021f73c925c0 Exception <a 'java/lang/NoSuchMethodError'{0x0000000087bd50d0}: 'void java.lang.invoke.DirectMethodHandle$Holder.invokeStaticInit(java.lang.Object)'> (0x0000000087bd50d0) 
thrown [s\open\src\hotspot\share\interpreter\linkResolver.cpp, line 805]
Event: 1041.257 Thread 0x0000021f73c925c0 Exception <a 'java/lang/NoSuchMethodError'{0x000000008757b1c0}: 'void java.lang.invoke.DirectMethodHandle$Holder.invokeSpecial(java.lang.Object, java.lang.Object, int)'> (0x000000008757b1c0) 
thrown [s\open\src\hotspot\share\interpreter\linkResolver.cpp, line 805]
Event: 1041.257 Thread 0x0000021f73c925c0 Exception <a 'java/lang/NoSuchMethodError'{0x0000000087582de0}: 'void java.lang.invoke.Invokers$Holder.invokeExact_MT(java.lang.Object, int, java.lang.Object)'> (0x0000000087582de0) 
thrown [s\open\src\hotspot\share\interpreter\linkResolver.cpp, line 805]
Event: 1041.263 Thread 0x0000021f73c925c0 Exception <a 'sun/nio/fs/WindowsException'{0x00000000875dfff8}> (0x00000000875dfff8) 
thrown [s\open\src\hotspot\share\prims\jni.cpp, line 518]
Event: 1041.265 Thread 0x0000021f73c925c0 Exception <a 'sun/nio/fs/WindowsException'{0x00000000875ecec8}> (0x00000000875ecec8) 
thrown [s\open\src\hotspot\share\prims\jni.cpp, line 518]
Event: 1041.268 Thread 0x0000021f73c925c0 Exception <a 'sun/nio/fs/WindowsException'{0x00000000875fecb0}> (0x00000000875fecb0) 
thrown [s\open\src\hotspot\share\prims\jni.cpp, line 518]

VM Operations (20 events):
Event: 585.996 Executing VM operation: G1PauseRemark
Event: 586.167 Executing VM operation: G1PauseRemark done
Event: 586.188 Executing VM operation: G1PauseCleanup
Event: 586.189 Executing VM operation: G1PauseCleanup done
Event: 915.901 Executing VM operation: HandshakeAllThreads (Deoptimize)
Event: 915.904 Executing VM operation: HandshakeAllThreads (Deoptimize) done
Event: 916.203 Executing VM operation: G1CollectForAllocation (G1 Evacuation Pause)
Event: 916.214 Executing VM operation: G1CollectForAllocation (G1 Evacuation Pause) done
Event: 916.219 Executing VM operation: HandshakeAllThreads (Deoptimize)
Event: 916.219 Executing VM operation: HandshakeAllThreads (Deoptimize) done
Event: 916.237 Executing VM operation: HandshakeAllThreads (Deoptimize)
Event: 916.237 Executing VM operation: HandshakeAllThreads (Deoptimize) done
Event: 916.332 Executing VM operation: HandshakeAllThreads (Deoptimize)
Event: 916.332 Executing VM operation: HandshakeAllThreads (Deoptimize) done
Event: 962.059 Executing VM operation: HandshakeAllThreads (HandshakeForDeflation)
Event: 962.060 Executing VM operation: HandshakeAllThreads (HandshakeForDeflation) done
Event: 962.060 Executing VM operation: RendezvousGCThreads
Event: 962.060 Executing VM operation: RendezvousGCThreads done
Event: 1041.286 Executing VM operation: JFRSafepointClear
Event: 1041.286 Executing VM operation: JFRSafepointClear done

Memory protections (0 events):
No events

Nmethod flushes (20 events):
Event: 586.147 Thread 0x0000021f73c7c1b0 flushing  nmethod 0x0000021f6b60e088
Event: 586.147 Thread 0x0000021f73c7c1b0 flushing  nmethod 0x0000021f6b6af388
Event: 586.147 Thread 0x0000021f73c7c1b0 flushing  nmethod 0x0000021f6b7ab688
Event: 586.148 Thread 0x0000021f73c7c1b0 flushing  nmethod 0x0000021f6b2c5d88
Event: 586.148 Thread 0x0000021f73c7c1b0 flushing  nmethod 0x0000021f6b35d308
Event: 586.148 Thread 0x0000021f73c7c1b0 flushing  nmethod 0x0000021f6b5df708
Event: 586.148 Thread 0x0000021f73c7c1b0 flushing  nmethod 0x0000021f6b5dfa08
Event: 586.149 Thread 0x0000021f73c7c1b0 flushing  nmethod 0x0000021f6b51bb08
Event: 586.149 Thread 0x0000021f73c7c1b0 flushing  nmethod 0x0000021f6b59cb88
Event: 586.149 Thread 0x0000021f73c7c1b0 flushing  nmethod 0x0000021f6b6d2988
Event: 586.149 Thread 0x0000021f73c7c1b0 flushing  nmethod 0x0000021f6b6d4108
Event: 586.149 Thread 0x0000021f73c7c1b0 flushing  nmethod 0x0000021f6b76a308
Event: 586.149 Thread 0x0000021f73c7c1b0 flushing  nmethod 0x0000021f6b76a908
Event: 586.149 Thread 0x0000021f73c7c1b0 flushing  nmethod 0x0000021f6b797588
Event: 586.149 Thread 0x0000021f73c7c1b0 flushing  nmethod 0x0000021f6b2cda08
Event: 586.149 Thread 0x0000021f73c7c1b0 flushing  nmethod 0x0000021f6b305208
Event: 586.149 Thread 0x0000021f73c7c1b0 flushing  nmethod 0x0000021f6b384c88
Event: 586.149 Thread 0x0000021f73c7c1b0 flushing  nmethod 0x0000021f6b3c5388
Event: 586.150 Thread 0x0000021f73c7c1b0 flushing  nmethod 0x0000021f6b5ae808
Event: 586.150 Thread 0x0000021f73c7c1b0 flushing  nmethod 0x0000021f6b75cd88

Events (20 events):
Event: 4.467 Thread 0x0000021f4623b080 Thread exited: 0x0000021f4623b080
Event: 4.467 Thread 0x0000021f60bceb70 Thread exited: 0x0000021f60bceb70
Event: 4.467 Thread 0x0000021f47fcad50 Thread added: 0x0000021f47fcad50
Event: 4.683 Thread 0x0000021f45cfede0 Thread added: 0x0000021f47fcd1e0
Event: 4.688 Thread 0x0000021f47fcd1e0 Thread exited: 0x0000021f47fcd1e0
Event: 4.689 Thread 0x0000021f45cfede0 Thread added: 0x0000021f47fcd1e0
Event: 4.694 Thread 0x0000021f47fcd1e0 Thread exited: 0x0000021f47fcd1e0
Event: 4.697 Thread 0x0000021f45cfede0 Thread added: 0x0000021f47fcd1e0
Event: 4.700 Thread 0x0000021f47fcd1e0 Thread exited: 0x0000021f47fcd1e0
Event: 5.267 Thread 0x0000021f45caa000 Thread exited: 0x0000021f45caa000
Event: 7.022 Thread 0x0000021f450cd9b0 Thread exited: 0x0000021f450cd9b0
Event: 8.432 Thread 0x0000021f450c8ef0 Thread exited: 0x0000021f450c8ef0
Event: 9.077 Thread 0x0000021f46309c40 Thread exited: 0x0000021f46309c40
Event: 90.612 Thread 0x0000021f45cfede0 Thread exited: 0x0000021f45cfede0
Event: 900.682 Thread 0x0000021f45cf57a0 Thread added: 0x0000021f47fcd1e0
Event: 915.829 Thread 0x0000021f73c9f640 Thread added: 0x0000021f451e4bd0
Event: 921.371 Thread 0x0000021f451e4bd0 Thread exited: 0x0000021f451e4bd0
Event: 990.681 Thread 0x0000021f47fcd1e0 Thread exited: 0x0000021f47fcd1e0
Event: 1041.182 Thread 0x0000021f73c925c0 Thread added: 0x0000021f47fcd930
Event: 1041.259 Thread 0x0000021f73c925c0 Thread added: 0x0000021f49163120


Dynamic libraries:
0x00007ff648f50000 - 0x00007ff648f5e000 	C:\Users\ANACONA\.jdks\openjdk-24.0.1\bin\java.exe
0x00007ffd90a30000 - 0x00007ffd90c47000 	C:\Windows\SYSTEM32\ntdll.dll
0x00007ffd8f360000 - 0x00007ffd8f424000 	C:\Windows\System32\KERNEL32.DLL
0x00007ffd8dd30000 - 0x00007ffd8e101000 	C:\Windows\System32\KERNELBASE.dll
0x00007ffd8db70000 - 0x00007ffd8dc81000 	C:\Windows\System32\ucrtbase.dll
0x00007ffd82310000 - 0x00007ffd8232b000 	C:\Users\ANACONA\.jdks\openjdk-24.0.1\bin\VCRUNTIME140.dll
0x00007ffd86890000 - 0x00007ffd868a6000 	C:\Users\ANACONA\.jdks\openjdk-24.0.1\bin\jli.dll
0x00007ffd8ee30000 - 0x00007ffd8efe1000 	C:\Windows\System32\USER32.dll
0x00007ffd7e070000 - 0x00007ffd7e302000 	C:\Windows\WinSxS\amd64_microsoft.windows.common-controls_6595b64144ccf1df_6.0.22621.4830_none_270fe7d773858e80\COMCTL32.dll
0x00007ffd8e450000 - 0x00007ffd8e476000 	C:\Windows\System32\win32u.dll
0x00007ffd8f080000 - 0x00007ffd8f127000 	C:\Windows\System32\msvcrt.dll
0x00007ffd8eaf0000 - 0x00007ffd8eb19000 	C:\Windows\System32\GDI32.dll
0x00007ffd8e140000 - 0x00007ffd8e25b000 	C:\Windows\System32\gdi32full.dll
0x00007ffd8dc90000 - 0x00007ffd8dd2a000 	C:\Windows\System32\msvcp_win.dll
0x00007ffd904c0000 - 0x00007ffd904f1000 	C:\Windows\System32\IMM32.DLL
0x00007ffd862a0000 - 0x00007ffd862ac000 	C:\Users\ANACONA\.jdks\openjdk-24.0.1\bin\vcruntime140_1.dll
0x00007ffd391e0000 - 0x00007ffd3926e000 	C:\Users\ANACONA\.jdks\openjdk-24.0.1\bin\msvcp140.dll
0x00007ffcd7540000 - 0x00007ffcd82e2000 	C:\Users\ANACONA\.jdks\openjdk-24.0.1\bin\server\jvm.dll
0x00007ffd90400000 - 0x00007ffd904b1000 	C:\Windows\System32\ADVAPI32.dll
0x00007ffd90940000 - 0x00007ffd909e7000 	C:\Windows\System32\sechost.dll
0x00007ffd8e110000 - 0x00007ffd8e138000 	C:\Windows\System32\bcrypt.dll
0x00007ffd8f240000 - 0x00007ffd8f354000 	C:\Windows\System32\RPCRT4.dll
0x00007ffd8e9d0000 - 0x00007ffd8ea41000 	C:\Windows\System32\WS2_32.dll
0x00007ffd82a50000 - 0x00007ffd82a5a000 	C:\Windows\SYSTEM32\VERSION.dll
0x00007ffd837c0000 - 0x00007ffd837f4000 	C:\Windows\SYSTEM32\WINMM.dll
0x00007ffd8ca20000 - 0x00007ffd8ca6d000 	C:\Windows\SYSTEM32\POWRPROF.dll
0x00007ffd8ca00000 - 0x00007ffd8ca13000 	C:\Windows\SYSTEM32\UMPDC.dll
0x00007ffd8ccb0000 - 0x00007ffd8ccc8000 	C:\Windows\SYSTEM32\kernel.appcore.dll
0x00007ffd838b0000 - 0x00007ffd838ba000 	C:\Users\ANACONA\.jdks\openjdk-24.0.1\bin\jimage.dll
0x00007ffd8b370000 - 0x00007ffd8b5a2000 	C:\Windows\SYSTEM32\DBGHELP.DLL
0x00007ffd905b0000 - 0x00007ffd90940000 	C:\Windows\System32\combase.dll
0x00007ffd8ed50000 - 0x00007ffd8ee27000 	C:\Windows\System32\OLEAUT32.dll
0x00007ffd664f0000 - 0x00007ffd66522000 	C:\Windows\SYSTEM32\dbgcore.DLL
0x00007ffd8e5c0000 - 0x00007ffd8e63b000 	C:\Windows\System32\bcryptPrimitives.dll
0x00007ffd82030000 - 0x00007ffd8203f000 	C:\Users\ANACONA\.jdks\openjdk-24.0.1\bin\instrument.dll
0x00007ffd73c80000 - 0x00007ffd73c9e000 	C:\Users\ANACONA\.jdks\openjdk-24.0.1\bin\java.dll
0x00007ffd8eba0000 - 0x00007ffd8ed41000 	C:\Windows\System32\ole32.dll
0x00007ffd8f8c0000 - 0x00007ffd90148000 	C:\Windows\System32\SHELL32.dll
0x00007ffd8e480000 - 0x00007ffd8e5bf000 	C:\Windows\System32\wintypes.dll
0x00007ffd8bae0000 - 0x00007ffd8c3ed000 	C:\Windows\SYSTEM32\windows.storage.dll
0x00007ffd8f130000 - 0x00007ffd8f23a000 	C:\Windows\System32\SHCORE.dll
0x00007ffd8f000000 - 0x00007ffd8f05e000 	C:\Windows\System32\shlwapi.dll
0x00007ffd8daa0000 - 0x00007ffd8dacb000 	C:\Windows\SYSTEM32\profapi.dll
0x00007ffd72dc0000 - 0x00007ffd72dd7000 	C:\Users\ANACONA\.jdks\openjdk-24.0.1\bin\zip.dll
0x00007ffd73bd0000 - 0x00007ffd73be0000 	C:\Users\ANACONA\.jdks\openjdk-24.0.1\bin\net.dll
0x00007ffd8d120000 - 0x00007ffd8d18a000 	C:\Windows\system32\mswsock.dll
0x00007ffd73bb0000 - 0x00007ffd73bc6000 	C:\Users\ANACONA\.jdks\openjdk-24.0.1\bin\nio.dll
0x00007ffd8c730000 - 0x00007ffd8c832000 	C:\Windows\SYSTEM32\DNSAPI.dll
0x00007ffd8c700000 - 0x00007ffd8c72d000 	C:\Windows\SYSTEM32\IPHLPAPI.DLL
0x00007ffd8eb20000 - 0x00007ffd8eb29000 	C:\Windows\System32\NSI.dll
0x00007ffd72740000 - 0x00007ffd72749000 	C:\Users\ANACONA\.jdks\openjdk-24.0.1\bin\extnet.dll
0x00007ffd86960000 - 0x00007ffd8696a000 	C:\Windows\System32\rasadhlp.dll
0x00007ffd83120000 - 0x00007ffd831a3000 	C:\Windows\System32\fwpuclnt.dll
0x00007ffd724a0000 - 0x00007ffd724aa000 	C:\Users\ANACONA\.jdks\openjdk-24.0.1\bin\management.dll
0x00007ffd72490000 - 0x00007ffd7249b000 	C:\Users\ANACONA\.jdks\openjdk-24.0.1\bin\management_ext.dll
0x00007ffd8f430000 - 0x00007ffd8f438000 	C:\Windows\System32\PSAPI.DLL
0x00007ffd8d370000 - 0x00007ffd8d38b000 	C:\Windows\SYSTEM32\CRYPTSP.dll
0x00007ffd8cc10000 - 0x00007ffd8cc47000 	C:\Windows\system32\rsaenh.dll
0x00007ffd8d210000 - 0x00007ffd8d238000 	C:\Windows\SYSTEM32\USERENV.dll
0x00007ffd8d390000 - 0x00007ffd8d39c000 	C:\Windows\SYSTEM32\CRYPTBASE.dll
0x00007ffd765f0000 - 0x00007ffd76607000 	C:\Windows\system32\napinsp.dll
0x00007ffd54c20000 - 0x00007ffd54c3b000 	C:\Windows\system32\pnrpnsp.dll
0x00007ffd50090000 - 0x00007ffd500a1000 	C:\Windows\System32\winrnr.dll
0x00007ffd83a20000 - 0x00007ffd83a35000 	C:\Windows\system32\wshbth.dll
0x00007ffd4e8c0000 - 0x00007ffd4e8e7000 	C:\Windows\system32\nlansp_c.dll
0x00007ffd68770000 - 0x00007ffd687c0000 	C:\Windows\SYSTEM32\pdh.dll
0x00007ffd86770000 - 0x00007ffd86781000 	C:\Windows\System32\perfproc.dll
0x00007ffd72750000 - 0x00007ffd7275e000 	C:\Users\ANACONA\.jdks\openjdk-24.0.1\bin\sunmscapi.dll
0x00007ffd8e260000 - 0x00007ffd8e3c6000 	C:\Windows\System32\CRYPT32.dll
0x00007ffd8d510000 - 0x00007ffd8d53d000 	C:\Windows\SYSTEM32\ncrypt.dll
0x00007ffd8d4d0000 - 0x00007ffd8d507000 	C:\Windows\SYSTEM32\NTASN1.dll
0x00007ffd72440000 - 0x00007ffd72450000 	C:\Users\ANACONA\.jdks\openjdk-24.0.1\bin\verify.dll
0x00007ffd463a0000 - 0x00007ffd463a8000 	C:\Windows\system32\wshunix.dll
0x00007ffd08380000 - 0x00007ffd0858e000 	C:\Users\ANACONA\AppData\Local\Temp\idea_libasyncProfiler_dll_temp_folder\libasyncProfiler.dll

JVMTI agents:
C:\Program Files\JetBrains\IntelliJ IDEA 2024.3.5\lib\idea_rt.jar path:C:\Users\ANACONA\.jdks\openjdk-24.0.1\bin\instrument.dll, loaded, initialized, instrumentlib options:54784

dbghelp: loaded successfully - version: 4.0.5 - missing functions: none
symbol engine: initialized successfully - sym options: 0x614 - pdb path: .;C:\Users\ANACONA\.jdks\openjdk-24.0.1\bin;C:\Windows\SYSTEM32;C:\Windows\WinSxS\amd64_microsoft.windows.common-controls_6595b64144ccf1df_6.0.22621.4830_none_270fe7d773858e80;C:\Users\ANACONA\.jdks\openjdk-24.0.1\bin\server;C:\Users\ANACONA\AppData\Local\Temp\idea_libasyncProfiler_dll_temp_folder

VM Arguments:
jvm_args: -XX:TieredStopAtLevel=1 -Dspring.output.ansi.enabled=always -Dcom.sun.management.jmxremote -Dspring.jmx.enabled=true -Dspring.liveBeansView.mbeanDomain -Dspring.application.admin.enabled=true -Dmanagement.endpoints.jmx.exposure.include=* -javaagent:C:\Program Files\JetBrains\IntelliJ IDEA 2024.3.5\lib\idea_rt.jar=54784 -Dfile.encoding=UTF-8 -Dsun.stdout.encoding=UTF-8 -Dsun.stderr.encoding=UTF-8 
java_command: com.unicauca.CompanyService.CompanyServiceApplication
java_class_path (initial): D:\Universidad__del_Cauca\Ingeniería de software II\Teoría\Microservices-Academic-Projects\CompanyService\target\test-classes;D:\Universidad__del_Cauca\Ingeniería de software II\Teoría\Microservices-Academic-Projects\CompanyService\target\classes;C:\Users\ANACONA\.m2\repository\org\springframework\boot\spring-boot-starter-data-jpa\3.4.5\spring-boot-starter-data-jpa-3.4.5.jar;C:\Users\ANACONA\.m2\repository\org\springframework\boot\spring-boot-starter\3.4.5\spring-boot-starter-3.4.5.jar;C:\Users\ANACONA\.m2\repository\org\springframework\boot\spring-boot-starter-logging\3.4.5\spring-boot-starter-logging-3.4.5.jar;C:\Users\ANACONA\.m2\repository\ch\qos\logback\logback-classic\1.5.18\logback-classic-1.5.18.jar;C:\Users\ANACONA\.m2\repository\ch\qos\logback\logback-core\1.5.18\logback-core-1.5.18.jar;C:\Users\ANACONA\.m2\repository\org\apache\logging\log4j\log4j-to-slf4j\2.24.3\log4j-to-slf4j-2.24.3.jar;C:\Users\ANACONA\.m2\repository\org\apache\logging\log4j\log4j-api\2.24.3\log4j-api-2.24.3.jar;C:\Users\ANACONA\.m2\repository\org\slf4j\jul-to-slf4j\2.0.17\jul-to-slf4j-2.0.17.jar;C:\Users\ANACONA\.m2\repository\jakarta\annotation\jakarta.annotation-api\2.1.1\jakarta.annotation-api-2.1.1.jar;C:\Users\ANACONA\.m2\repository\org\yaml\snakeyaml\2.3\snakeyaml-2.3.jar;C:\Users\ANACONA\.m2\repository\org\springframework\boot\spring-boot-starter-jdbc\3.4.5\spring-boot-starter-jdbc-3.4.5.jar;C:\Users\ANACONA\.m2\repository\com\zaxxer\HikariCP\5.1.0\HikariCP-5.1.0.jar;C:\Users\ANACONA\.m2\repository\org\springframework\spring-jdbc\6.2.6\spring-jdbc-6.2.6.jar;C:\Users\ANACONA\.m2\repository\org\hibernate\orm\hibernate-core\6.6.13.Final\hibernate-core-6.6.13.Final.jar;C:\Users\ANACONA\.m2\repository\jakarta\persistence\jakarta.persistence-api\3.1.0\jakarta.persistence-api-3.1.0.jar;C:\Users\ANACONA\.m2\repository\jakarta\transaction\jakarta.transaction-api\2.0.1\jakarta.transaction-api-2.0.1.jar;C:\Users\ANACONA\.m2\repository\org\jboss\logging\jboss-logging\3.6.1.Final\jboss-logging-3.6.1.Final.jar;C:\Users\ANACONA\.m2\repository\org\hibernate\common\hibernate-commons-annotations\7.0.3.Final\hibernate-commons-annotations-7.0.3.Final.jar;C:\Users\ANACONA\.m2\repository\io\smallrye\jandex\3.2.0\jandex-3.2.0.jar;C:\Users\ANACONA\.m2\repository\com\fasterxml\classmate\1.7.0\classmate-1.7.0.jar;C:\Users\ANACONA\.m2\repository\net\bytebuddy\byte-buddy\1.15.11\byte-buddy-1.15.11.jar;C:\Users\ANACONA\.m2\repository\org\glassfish\jaxb\jaxb-runtime\4.0.5\jaxb-runtime-4.0.5.jar;C:\Users\ANACONA\.m2\repository\org\glassfish\jaxb\jaxb-core\4.0.5\jaxb-core-4.0.5.jar;C:\Users\ANACONA\.m2\repository\org\eclipse\angus\angus-activation\2.0.2\angus-activation-2.0.2.jar;C:\Users\ANACONA\.m2\repository\org\glassfish\jaxb\txw2\4.0.5\txw2-4.0.5.jar;C:\Users\ANACONA\.m2\repository\com\sun\istack\istack-commons-runtime\4.1.2\istack-commons-runtime-4.1.2.jar;C:\Users\ANACONA\.m2\repository\jakarta\inject\jakarta.inject-api\2.0.1\jakarta.inject-api-2.0.1.jar;C:\Users\ANACONA\.m2\repository\org\antlr\antlr4-runtime\4.13.0\antlr4-runtime-4.13.0.jar;C:\Users\ANACONA\.m2\repository\org\springframework\data\spring-data-jpa\3.4.5\spring-data-jpa-3.4.5.jar;C:\Users\ANACONA\.m2\repository\org\springframework\data\spring-data-commons\3.4.5\spring-data-commons-3.4.5.jar;C:\Users\ANACONA\.m2\repository\org\springframework\spring-orm\6.2.6\spring-orm-6.2.6.jar;C:\Users\ANACONA\.m2\repository\org\springframework\spring-context\6.2.6\spring-context-6.2.6.jar;C:\Users\ANACONA\.m2\repository\org\springframework\spring-aop\6.2.6\spring-aop-6.2.6.jar;C:\Users\ANACONA\.m2\repository\org\springframework\spring-tx\6.2.6\spring-tx-6.2.6.jar;C:\Users\ANACONA\.m2\repository\org\springframework\spring-beans\6.2.6\spring-beans-6.2.6.jar;C:\Users\ANACONA\.m2\repository\org\slf4j\slf4j-api\2.0.17\slf4j-api-2.0.17.jar;C:\Users\ANACONA\.m2\repository\org\springframework\spring-aspects\6.2.6\spring-aspects-6.2.6.jar;C:\Users\ANACONA\.m2\repository\org\aspectj\aspectjweaver\1.9.24\aspectjweaver-1.9.24.jar;C:\Users\ANACONA\.m2\repository\org\springframework\boot\spring-boot-starter-web\3.4.5\spring-boot-starter-web-3.4.5.jar;C:\Users\ANACONA\.m2\repository\org\springframework\boot\spring-boot-starter-json\3.4.5\spring-boot-starter-json-3.4.5.jar;C:\Users\ANACONA\.m2\repository\com\fasterxml\jackson\core\jackson-databind\2.18.3\jackson-databind-2.18.3.jar;C:\Users\ANACONA\.m2\repository\com\fasterxml\jackson\core\jackson-annotations\2.18.3\jackson-annotations-2.18.3.jar;C:\Users\ANACONA\.m2\repository\com\fasterxml\jackson\core\jackson-core\2.18.3\jackson-core-2.18.3.jar;C:\Users\ANACONA\.m2\repository\com\fasterxml\jackson\datatype\jackson-datatype-jdk8\2.18.3\jackson-datatype-jdk8-2.18.3.jar;C:\Users\ANACONA\.m2\repository\com\fasterxml\jackson\datatype\jackson-datatype-jsr310\2.18.3\jackson-datatype-jsr310-2.18.3.jar;C:\Users\ANACONA\.m2\repository\com\fasterxml\jackson\module\jackson-module-parameter-names\2.18.3\jackson-module-parameter-names-2.18.3.jar;C:\Users\ANACONA\.m2\repository\org\springframework\boot\spring-boot-starter-tomcat\3.4.5\spring-boot-starter-tomcat-3.4.5.jar;C:\Users\ANACONA\.m2\repository\org\apache\tomcat\embed\tomcat-embed-core\10.1.40\tomcat-embed-core-10.1.40.jar;C:\Users\ANACONA\.m2\repository\org\apache\tomcat\embed\tomcat-embed-el\10.1.40\tomcat-embed-el-10.1.40.jar;C:\Users\ANACONA\.m2\repository\org\apache\tomcat\embed\tomcat-embed-websocket\10.1.40\tomcat-embed-websocket-10.1.40.jar;C:\Users\ANACONA\.m2\repository\org\springframework\spring-web\6.2.6\spring-web-6.2.6.jar;C:\Users\ANACONA\.m2\repository\io\micrometer\micrometer-observation\1.14.6\micrometer-observation-1.14.6.jar;C:\Users\ANACONA\.m2\repository\io\micrometer\micrometer-commons\1.14.6\micrometer-commons-1.14.6.jar;C:\Users\ANACONA\.m2\repository\org\springframework\spring-webmvc\6.2.6\spring-webmvc-6.2.6.jar;C:\Users\ANACONA\.m2\repository\org\springframework\spring-expression\6.2.6\spring-expression-6.2.6.jar;C:\Users\ANACONA\.m2\repository\org\postgresql\postgresql\42.7.3\postgresql-42.7.3.jar;C:\Users\ANACONA\.m2\repository\org\checkerframework\checker-qual\3.42.0\checker-qual-3.42.0.jar;C:\Users\ANACONA\.m2\repository\org\springframework\boot\spring-boot-devtools\3.4.5\spring-boot-devtools-3.4.5.jar;C:\Users\ANACONA\.m2\repository\org\springframework\boot\spring-boot\3.4.5\spring-boot-3.4.5.jar;C:\Users\ANACONA\.m2\repository\org\springframework\boot\spring-boot-autoconfigure\3.4.5\spring-boot-autoconfigure-3.4.5.jar;C:\Users\ANACONA\.m2\repository\com\h2database\h2\2.3.232\h2-2.3.232.jar;C:\Users\ANACONA\.m2\repository\org\projectlombok\lombok\1.18.38\lombok-1.18.38.jar;C:\Users\ANACONA\.m2\repository\org\springframework\boot\spring-boot-starter-amqp\3.4.5\spring-boot-starter-amqp-3.4.5.jar;C:\Users\ANACONA\.m2\repository\org\springframework\spring-messaging\6.2.6\spring-messaging-6.2.6.jar;C:\Users\ANACONA\.m2\repository\org\springframework\amqp\spring-rabbit\3.2.5\spring-rabbit-3.2.5.jar;C:\Users\ANACONA\.m2\repository\org\springframework\amqp\spring-amqp\3.2.5\spring-amqp-3.2.5.jar;C:\Users\ANACONA\.m2\repository\org\springframework\retry\spring-retry\2.0.11\spring-retry-2.0.11.jar;C:\Users\ANACONA\.m2\repository\com\rabbitmq\amqp-client\5.22.0\amqp-client-5.22.0.jar;C:\Users\ANACONA\.m2\repository\org\springframework\boot\spring-boot-starter-test\3.4.5\spring-boot-starter-test-3.4.5.jar;C:\Users\ANACONA\.m2\repository\org\springframework\boot\spring-boot-test\3.4.5\spring-boot-test-3.4.5.jar;C:\Users\ANACONA\.m2\repository\org\springframework\boot\spring-boot-test-autoconfigure\3.4.5\spring-boot-test-autoconfigure-3.4.5.jar;C:\Users\ANACONA\.m2\repository\com\jayway\jsonpath\json-path\2.9.0\json-path-2.9.0.jar;C:\Users\ANACONA\.m2\repository\jakarta\xml\bind\jakarta.xml.bind-api\4.0.2\jakarta.xml.bind-api-4.0.2.jar;C:\Users\ANACONA\.m2\repository\jakarta\activation\jakarta.activation-api\2.1.3\jakarta.activation-api-2.1.3.jar;C:\Users\ANACONA\.m2\repository\net\minidev\json-smart\2.5.2\json-smart-2.5.2.jar;C:\Users\ANACONA\.m2\repository\net\minidev\accessors-smart\2.5.2\accessors-smart-2.5.2.jar;C:\Users\ANACONA\.m2\repository\org\ow2\asm\asm\9.7.1\asm-9.7.1.jar;C:\Users\ANACONA\.m2\repository\org\assertj\assertj-core\3.26.3\assertj-core-3.26.3.jar;C:\Users\ANACONA\.m2\repository\org\awaitility\awaitility\4.2.2\awaitility-4.2.2.jar;C:\Users\ANACONA\.m2\repository\org\hamcrest\hamcrest\2.2\hamcrest-2.2.jar;C:\Users\ANACONA\.m2\repository\org\junit\jupiter\junit-jupiter\5.11.4\junit-jupiter-5.11.4.jar;C:\Users\ANACONA\.m2\repository\org\junit\jupiter\junit-jupiter-api\5.11.4\junit-jupiter-api-5.11.4.jar;C:\Users\ANACONA\.m2\repository\org\opentest4j\opentest4j\1.3.0\opentest4j-1.3.0.jar;C:\Users\ANACONA\.m2\repository\org\junit\platform\junit-platform-commons\1.11.4\junit-platform-commons-1.11.4.jar;C:\Users\ANACONA\.m2\repository\org\apiguardian\apiguardian-api\1.1.2\apiguardian-api-1.1.2.jar;C:\Users\ANACONA\.m2\repository\org\junit\jupiter\junit-jupiter-params\5.11.4\junit-jupiter-params-5.11.4.jar;C:\Users\ANACONA\.m2\repository\org\junit\jupiter\junit-jupiter-engine\5.11.4\junit-jupiter-engine-5.11.4.jar;C:\Users\ANACONA\.m2\repository\org\junit\platform\junit-platform-engine\1.11.4\junit-platform-engine-1.11.4.jar;C:\Users\ANACONA\.m2\repository\org\mockito\mockito-core\5.14.2\mockito-core-5.14.2.jar;C:\Users\ANACONA\.m2\repository\net\bytebuddy\byte-buddy-agent\1.15.11\byte-buddy-agent-1.15.11.jar;C:\Users\ANACONA\.m2\repository\org\objenesis\objenesis\3.3\objenesis-3.3.jar;C:\Users\ANACONA\.m2\repository\org\mockito\mockito-junit-jupiter\5.14.2\mockito-junit-jupiter-5.14.2.jar;C:\Users\ANACONA\.m2\repository\org\skyscreamer\jsonassert\1.5.3\jsonassert-1.5.3.jar;C:\Users\ANACONA\.m2\repository\com\vaadin\external\google\android-json\0.0.20131108.vaadin1\android-json-0.0.20131108.vaadin1.jar;C:\Users\ANACONA\.m2\repository\org\springframework\spring-core\6.2.6\spring-core-6.2.6.jar;C:\Users\ANACONA\.m2\repository\org\springframework\spring-jcl\6.2.6\spring-jcl-6.2.6.jar;C:\Users\ANACONA\.m2\repository\org\springframework\spring-test\6.2.6\spring-test-6.2.6.jar;C:\Users\ANACONA\.m2\repository\org\xmlunit\xmlunit-core\2.10.0\xmlunit-core-2.10.0.jar
Launcher Type: SUN_STANDARD

[Global flags]
     intx CICompilerCount                          = 4                                         {product} {ergonomic}
     uint ConcGCThreads                            = 3                                         {product} {ergonomic}
     bool FlightRecorder                           = true                                      {product} {management}
     uint G1ConcRefinementThreads                  = 10                                        {product} {ergonomic}
   size_t G1HeapRegionSize                         = 1048576                                   {product} {ergonomic}
   size_t InitialHeapSize                          = 130023424                                 {product} {ergonomic}
     bool ManagementServer                         = true                                      {product} {command line}
   size_t MarkStackSize                            = 4194304                                   {product} {ergonomic}
   size_t MarkStackSizeMax                         = 536870912                                 {product} {ergonomic}
   size_t MaxHeapSize                              = 2076180480                                {product} {ergonomic}
   size_t MaxNewSize                               = 1245708288                                {product} {ergonomic}
   size_t MinHeapDeltaBytes                        = 1048576                                   {product} {ergonomic}
   size_t MinHeapSize                              = 8388608                                   {product} {ergonomic}
    uintx NonNMethodCodeHeapSize                   = 4096                                   {pd product} {ergonomic}
    uintx NonProfiledCodeHeapSize                  = 0                                      {pd product} {ergonomic}
     bool ProfileInterpreter                       = false                                  {pd product} {command line}
    uintx ProfiledCodeHeapSize                     = 0                                      {pd product} {ergonomic}
   size_t SoftMaxHeapSize                          = 2076180480                             {manageable} {ergonomic}
     intx TieredStopAtLevel                        = 1                                         {product} {command line}
     bool UseCompressedOops                        = true                           {product lp64_product} {ergonomic}
     bool UseG1GC                                  = true                                      {product} {ergonomic}
     bool UseLargePagesIndividualAllocation        = false                                  {pd product} {ergonomic}

Logging:
Log output configuration:
 #0: stdout all=warning uptime,level,tags foldmultilines=false
 #1: stderr all=off uptime,level,tags foldmultilines=false

Environment Variables:
PATH=C:\Python313\Scripts\;C:\Python313\;C:\Program Files\Common Files\Oracle\Java\javapath;C:\Windows\system32;C:\Windows;C:\Windows\System32\Wbem;C:\Windows\System32\WindowsPowerShell\v1.0\;C:\Windows\System32\OpenSSH\;C:\Program Files (x86)\NVIDIA Corporation\PhysX\Common;C:\Program Files\NVIDIA Corporation\NVIDIA NvDLISR;D:\Programas\Matlab\runtime\win64;D:\Programas\Matlab\bin;D:\Programas\Git\Git\cmd;C:\Program Files\PuTTY\;C:\Program Files\Java\jdk-23\bin;C:\Program Files\nodejs\;C:\ProgramData\chocolatey\bin;C:\Users\ANACONA\AppData\Local\Programs\Python\Launcher\;C:\Users\ANACONA\AppData\Local\Microsoft\WindowsApps;C:\Users\ANACONA\AppData\Local\Programs\Microsoft VS Code\bin;C:\Users\ANACONA\AppData\Local\GitHubDesktop\bin;C:\Users\ANACONA\AppData\Local\spicetify;C:\Program Files\JetBrains\IntelliJ IDEA 2024.3.5\bin;C:\Users\ANACONA\AppData\Roaming\npm
USERNAME=ANACONA
OS=Windows_NT
PROCESSOR_IDENTIFIER=Intel64 Family 6 Model 154 Stepping 3, GenuineIntel
TMP=C:\Users\ANACONA\AppData\Local\Temp
TEMP=C:\Users\ANACONA\AppData\Local\Temp




Periodic native trim disabled

---------------  S Y S T E M  ---------------

OS:
 Windows 11 , 64 bit Build 22621 (10.0.22621.4974)
OS uptime: 21 days 19:13 hours

CPU: total 12 (initial active 12) (6 cores per cpu, 2 threads per core) family 6 model 154 stepping 3 microcode 0x420, cx8, cmov, fxsr, ht, mmx, 3dnowpref, sse, sse2, sse3, ssse3, sse4.1, sse4.2, popcnt, lzcnt, tsc, tscinvbit, avx, avx2, aes, erms, clmul, bmi1, bmi2, adx, sha, fma, vzeroupper, clflush, clflushopt, clwb, serialize, rdtscp, rdpid, fsrm, gfni, f16c, pku, cet_ibt, cet_ss
Processor Information for processor 0
  Max Mhz: 2000, Current Mhz: 2000, Mhz Limit: 2000
Processor Information for processor 1
  Max Mhz: 2000, Current Mhz: 1520, Mhz Limit: 2000
Processor Information for processor 2
  Max Mhz: 2000, Current Mhz: 2000, Mhz Limit: 2000
Processor Information for processor 3
  Max Mhz: 2000, Current Mhz: 1520, Mhz Limit: 2000
Processor Information for processor 4
  Max Mhz: 2000, Current Mhz: 2000, Mhz Limit: 2000
Processor Information for processor 5
  Max Mhz: 2000, Current Mhz: 2000, Mhz Limit: 2000
Processor Information for processor 6
  Max Mhz: 2000, Current Mhz: 2000, Mhz Limit: 2000
Processor Information for processor 7
  Max Mhz: 2000, Current Mhz: 2000, Mhz Limit: 2000
Processor Information for processor 8
  Max Mhz: 2000, Current Mhz: 1500, Mhz Limit: 1500
Processor Information for processor 9
  Max Mhz: 2000, Current Mhz: 1500, Mhz Limit: 1500
Processor Information for processor 10
  Max Mhz: 2000, Current Mhz: 1500, Mhz Limit: 1500
Processor Information for processor 11
  Max Mhz: 2000, Current Mhz: 1500, Mhz Limit: 1500

Memory: 4k page, system-wide physical 7916M (424M free)
TotalPageFile size 24142M (AvailPageFile size 3058M)
current process WorkingSet (physical memory assigned to process): 150M, peak: 219M
current process commit charge ("private bytes"): 298M, peak: 298M

vm_info: OpenJDK 64-Bit Server VM (24.0.1+9-30) for windows-amd64 JRE (24.0.1+9-30), built on 2025-03-05T07:23:45Z with MS VC++ 17.6 (VS2022)

END.
